Country passed : be
Crawling of 500 starting
*** Start crawling : 2025-12-01 07:31:43 | MAX KW : 500 | Country : BE
KwId: 6911 | Country: BE | ancre marine
Import OK for keyword_id=6911. Inserted 48 ads.
KwId: 24959 | Country: BE | chiffre lettre
Import OK for keyword_id=24959. Inserted 48 ads.
KwId: 7790 | Country: BE | berceau
Import OK for keyword_id=7790. Inserted 46 ads.
KwId: 18523 | Country: BE | enoch
Import OK for keyword_id=18523. Inserted 48 ads.
KwId: 35467 | Country: BE | chat bengal
Import OK for keyword_id=35467. Inserted 48 ads.
KwId: 21755 | Country: BE | chaise pin
Import OK for keyword_id=21755. Inserted 48 ads.
KwId: 25169 | Country: BE | tricycle smoby
Import OK for keyword_id=25169. Inserted 45 ads.
KwId: 7784 | Country: BE | auvent camping car
Import OK for keyword_id=7784. Inserted 48 ads.
KwId: 6449 | Country: BE | wordpress
Import OK for keyword_id=6449. Inserted 48 ads.
KwId: 9899 | Country: BE | enceintes sono
Import OK for keyword_id=9899. Inserted 48 ads.
KwId: 35659 | Country: BE | pompe direction assistee
Import OK for keyword_id=35659. Inserted 48 ads.
KwId: 13394 | Country: BE | nad tuner
Import OK for keyword_id=13394. Inserted 32 ads.
KwId: 21323 | Country: BE | cine tele revue
Import OK for keyword_id=21323. Inserted 48 ads.
KwId: 31504 | Country: BE | bras essuie
Import OK for keyword_id=31504. Inserted 48 ads.
KwId: 34268 | Country: BE | ford f 250
Import OK for keyword_id=34268. Inserted 48 ads.
KwId: 7111 | Country: BE | adaptateur vhs
Import OK for keyword_id=7111. Inserted 48 ads.
KwId: 10766 | Country: BE | goldwing
Import OK for keyword_id=10766. Inserted 48 ads.
KwId: 16119 | Country: BE | serre joint dormant
Import OK for keyword_id=16119. Inserted 45 ads.
KwId: 25825 | Country: BE | kart chassis
Import OK for keyword_id=25825. Inserted 16 ads.
KwId: 36229 | Country: BE | mbk nitro piece
Import OK for keyword_id=36229. Inserted 48 ads.
KwId: 17101 | Country: BE | tupperware croissant party
Import OK for keyword_id=17101. Inserted 6 ads.
KwId: 23975 | Country: BE | air jordan 4
Import OK for keyword_id=23975. Inserted 48 ads.
KwId: 35899 | Country: BE | boch tasses
Import OK for keyword_id=35899. Inserted 48 ads.
KwId: 31312 | Country: BE | service moka
Import OK for keyword_id=31312. Inserted 48 ads.
KwId: 9809 | Country: BE | drill
Import OK for keyword_id=9809. Inserted 48 ads.
KwId: 10277 | Country: BE | ercuis argenterie
Import OK for keyword_id=10277. Inserted 43 ads.
KwId: 28913 | Country: BE | bicorne
Import OK for keyword_id=28913. Inserted 48 ads.
KwId: 20275 | Country: BE | jean marin
Import OK for keyword_id=20275. Inserted 48 ads.
KwId: 7033 | Country: BE | assiettes limoge
Import OK for keyword_id=7033. Inserted 48 ads.
KwId: 35650 | Country: BE | table ronde hetre
Import OK for keyword_id=35650. Inserted 36 ads.
KwId: 5631 | Country: BE | gallien krueger
Import OK for keyword_id=5631. Inserted 18 ads.
KwId: 36828 | Country: BE | antenne satellite camping car
Import OK for keyword_id=36828. Inserted 19 ads.
KwId: 17553 | Country: BE | warn winch
Import OK for keyword_id=17553. Inserted 25 ads.
KwId: 28833 | Country: BE | mobilier industriel ancien
Import OK for keyword_id=28833. Inserted 48 ads.
KwId: 6993 | Country: BE | blouson bombardier
Import OK for keyword_id=6993. Inserted 48 ads.
KwId: 622 | Country: BE | bourke
Import OK for keyword_id=622. Inserted 48 ads.
KwId: 23032 | Country: BE | couronne noel
Import OK for keyword_id=23032. Inserted 48 ads.
KwId: 23695 | Country: BE | quad trx
Import OK for keyword_id=23695. Inserted 48 ads.
KwId: 4686 | Country: BE | culligan
Import OK for keyword_id=4686. Inserted 48 ads.
KwId: 5945 | Country: BE | airex tapis
Skip: <= 5 products in JSON.
Import OK for keyword_id=5945. Inserted 1 ads.
KwId: 17860 | Country: BE | vase keramis catteau
Import OK for keyword_id=17860. Inserted 48 ads.
KwId: 25497 | Country: BE | pentax k 5
Import OK for keyword_id=25497. Inserted 48 ads.
KwId: 32590 | Country: BE | jeannette pointu
Import OK for keyword_id=32590. Inserted 48 ads.
KwId: 30295 | Country: BE | meuble cd
Import OK for keyword_id=30295. Inserted 48 ads.
KwId: 6261 | Country: BE | wavedrum
Import OK for keyword_id=6261. Inserted 36 ads.
KwId: 34216 | Country: BE | daihatsu terios
Import OK for keyword_id=34216. Inserted 41 ads.
KwId: 1430 | Country: BE | equalizer kenwood
Import OK for keyword_id=1430. Inserted 18 ads.
KwId: 34594 | Country: BE | volkswagen santana
Import OK for keyword_id=34594. Inserted 48 ads.
KwId: 24894 | Country: BE | hilti sf 4000 a
Import OK for keyword_id=24894. Inserted 14 ads.
KwId: 2288 | Country: BE | kit bag
Import OK for keyword_id=2288. Inserted 48 ads.
KwId: 15621 | Country: BE | rive d25
Skip: <= 5 products in JSON.
Import OK for keyword_id=15621. Inserted 1 ads.
KwId: 10063 | Country: BE | euphonium
Import OK for keyword_id=10063. Inserted 43 ads.
KwId: 17145 | Country: BE | velo enfant 16
Import OK for keyword_id=17145. Inserted 48 ads.
KwId: 13013 | Country: BE | micro shure
Import OK for keyword_id=13013. Inserted 48 ads.
KwId: 7304 | Country: BE | bois chauffage
Import OK for keyword_id=7304. Inserted 43 ads.
KwId: 34865 | Country: BE | pompe direction
Import OK for keyword_id=34865. Inserted 48 ads.
KwId: 2849 | Country: BE | pare choc fiat punto
Import OK for keyword_id=2849. Inserted 48 ads.
KwId: 15705 | Country: BE | scie a ruban
Import OK for keyword_id=15705. Inserted 48 ads.
KwId: 24437 | Country: BE | ancien ecole
Import OK for keyword_id=24437. Inserted 43 ads.
KwId: 36735 | Country: BE | doudou compagnie
Import OK for keyword_id=36735. Inserted 44 ads.
KwId: 35166 | Country: BE | tondeuse a gazon essence
Import OK for keyword_id=35166. Inserted 48 ads.
KwId: 19197 | Country: BE | sony xperia mini pro
Import OK for keyword_id=19197. Inserted 24 ads.
KwId: 17652 | Country: BE | yamaha ns10
Import OK for keyword_id=17652. Inserted 42 ads.
KwId: 30530 | Country: BE | louis vuitton speedy
Import OK for keyword_id=30530. Inserted 48 ads.
KwId: 33317 | Country: BE | bouddha or
Import OK for keyword_id=33317. Inserted 48 ads.
KwId: 17923 | Country: BE | verrerie laboratoire
Import OK for keyword_id=17923. Inserted 35 ads.
KwId: 19544 | Country: BE | appareil chauffage gaz
Import OK for keyword_id=19544. Inserted 28 ads.
KwId: 33175 | Country: BE | meubles bretons
Import OK for keyword_id=33175. Inserted 48 ads.
KwId: 21581 | Country: BE | projecteur super 8 sonore
Import OK for keyword_id=21581. Inserted 23 ads.
KwId: 15855 | Country: BE | shelby gt 500
Import OK for keyword_id=15855. Inserted 48 ads.
KwId: 30974 | Country: BE | jeux billard
Import OK for keyword_id=30974. Inserted 48 ads.
KwId: 1230 | Country: BE | david brown 990
Import OK for keyword_id=1230. Inserted 48 ads.
KwId: 27491 | Country: BE | battery charger jvc
Import OK for keyword_id=27491. Inserted 23 ads.
KwId: 37099 | Country: BE | atlas boeck
Skip: <= 5 products in JSON.
Import OK for keyword_id=37099. Inserted 0 ads.
KwId: 2580 | Country: BE | mf tea 20
Import OK for keyword_id=2580. Inserted 17 ads.
KwId: 36930 | Country: BE | balance putzeys melot
Skip: <= 5 products in JSON.
Import OK for keyword_id=36930. Inserted 0 ads.
KwId: 11684 | Country: BE | john deere
Import OK for keyword_id=11684. Inserted 48 ads.
KwId: 5195 | Country: BE | lacanche
Import OK for keyword_id=5195. Inserted 48 ads.
KwId: 36490 | Country: BE | singes sagesse
Import OK for keyword_id=36490. Inserted 48 ads.
KwId: 17099 | Country: BE | tuning golf 5
Import OK for keyword_id=17099. Inserted 45 ads.
KwId: 36139 | Country: BE | rampe gyrophare
Import OK for keyword_id=36139. Inserted 30 ads.
KwId: 30927 | Country: BE | bucheron
Import OK for keyword_id=30927. Inserted 48 ads.
KwId: 28393 | Country: BE | traxxas slash rtr
Import OK for keyword_id=28393. Inserted 48 ads.
KwId: 36279 | Country: BE | serpent bles
Import OK for keyword_id=36279. Inserted 23 ads.
KwId: 34788 | Country: BE | meuble annee 60
Import OK for keyword_id=34788. Inserted 48 ads.
KwId: 32261 | Country: BE | etagere bibliotheque bois
Import OK for keyword_id=32261. Inserted 48 ads.
KwId: 398 | Country: BE | bac frigo
Import OK for keyword_id=398. Inserted 48 ads.
KwId: 18045 | Country: BE | yamaha motif xs
Import OK for keyword_id=18045. Inserted 37 ads.
KwId: 3108 | Country: BE | point virgule
Import OK for keyword_id=3108. Inserted 48 ads.
KwId: 10788 | Country: BE | gramophone
Import OK for keyword_id=10788. Inserted 48 ads.
KwId: 26338 | Country: BE | peluche shrek
Import OK for keyword_id=26338. Inserted 48 ads.
KwId: 6094 | Country: BE | surrealisme
Import OK for keyword_id=6094. Inserted 48 ads.
KwId: 31949 | Country: BE | ferrari 355 kit
Import OK for keyword_id=31949. Inserted 48 ads.
KwId: 32702 | Country: BE | 33 tours disques
Import OK for keyword_id=32702. Inserted 48 ads.
KwId: 29673 | Country: BE | chemise homme manche courte
Import OK for keyword_id=29673. Inserted 48 ads.
KwId: 7006 | Country: BE | aspirateur dyson
Import OK for keyword_id=7006. Inserted 48 ads.
KwId: 17142 | Country: BE | velo courses
Import OK for keyword_id=17142. Inserted 48 ads.
KwId: 21276 | Country: BE | booster a
Import OK for keyword_id=21276. Inserted 48 ads.
KwId: 32284 | Country: BE | tiroir metal
Import OK for keyword_id=32284. Inserted 45 ads.
KwId: 31214 | Country: BE | boule disco
Import OK for keyword_id=31214. Inserted 48 ads.
KwId: 23837 | Country: BE | apple cinema display 27
Import OK for keyword_id=23837. Inserted 37 ads.
KwId: 24462 | Country: BE | pose extensions
Import OK for keyword_id=24462. Inserted 48 ads.
KwId: 3258 | Country: BE | poules jline
Skip: <= 5 products in JSON.
Import OK for keyword_id=3258. Inserted 0 ads.
KwId: 33174 | Country: BE | tamiya vintage
Import OK for keyword_id=33174. Inserted 48 ads.
KwId: 29157 | Country: BE | livre loup
Import OK for keyword_id=29157. Inserted 48 ads.
KwId: 32754 | Country: BE | paquebot
Import OK for keyword_id=32754. Inserted 48 ads.
KwId: 36749 | Country: BE | officine
Import OK for keyword_id=36749. Inserted 48 ads.
KwId: 32852 | Country: BE | camping car louer
Skip: <= 5 products in JSON.
Import OK for keyword_id=32852. Inserted 1 ads.
KwId: 21187 | Country: BE | tracteur neige
Import OK for keyword_id=21187. Inserted 48 ads.
KwId: 22083 | Country: BE | bmw e36
Import OK for keyword_id=22083. Inserted 48 ads.
KwId: 19716 | Country: BE | plat inox
Import OK for keyword_id=19716. Inserted 48 ads.
KwId: 34189 | Country: BE | citroen lna
Import OK for keyword_id=34189. Inserted 48 ads.
KwId: 17170 | Country: BE | vetement gothique
Import OK for keyword_id=17170. Inserted 48 ads.
KwId: 16325 | Country: BE | surmatelas
Import OK for keyword_id=16325. Inserted 48 ads.
KwId: 31766 | Country: BE | timbre chine
Import OK for keyword_id=31766. Inserted 48 ads.
KwId: 33220 | Country: BE | guide culinaire escoffier
Import OK for keyword_id=33220. Inserted 24 ads.
KwId: 26271 | Country: BE | bmw origine
Import OK for keyword_id=26271. Inserted 48 ads.
KwId: 31586 | Country: BE | carte wifi
Import OK for keyword_id=31586. Inserted 48 ads.
KwId: 15974 | Country: BE | sncb serie
Import OK for keyword_id=15974. Inserted 48 ads.
KwId: 34559 | Country: BE | toyota iq
Import OK for keyword_id=34559. Inserted 48 ads.
KwId: 21596 | Country: BE | autorail picasso
Import OK for keyword_id=21596. Inserted 48 ads.
KwId: 33910 | Country: BE | freejump
Import OK for keyword_id=33910. Inserted 48 ads.
KwId: 4525 | Country: BE | isolateur
Import OK for keyword_id=4525. Inserted 48 ads.
KwId: 27613 | Country: BE | apple ibook
Import OK for keyword_id=27613. Inserted 48 ads.
KwId: 23735 | Country: BE | givi support
Import OK for keyword_id=23735. Inserted 48 ads.
KwId: 36322 | Country: BE | chaise conference
Import OK for keyword_id=36322. Inserted 48 ads.
KwId: 23520 | Country: BE | chaises ancienne
Import OK for keyword_id=23520. Inserted 48 ads.
KwId: 11452 | Country: BE | jantes 4x108
Import OK for keyword_id=11452. Inserted 48 ads.
KwId: 6209 | Country: BE | dilem branches
Skip: <= 5 products in JSON.
Import OK for keyword_id=6209. Inserted 1 ads.
KwId: 19836 | Country: BE | laiton
Import OK for keyword_id=19836. Inserted 48 ads.
KwId: 6393 | Country: BE | camy
Import OK for keyword_id=6393. Inserted 48 ads.
KwId: 32125 | Country: BE | volkswagen transporter t5
Import OK for keyword_id=32125. Inserted 48 ads.
KwId: 35756 | Country: BE | chassis remorque
Import OK for keyword_id=35756. Inserted 48 ads.
KwId: 12498 | Country: BE | m10 bmw
Import OK for keyword_id=12498. Inserted 48 ads.
KwId: 516 | Country: BE | bmw 318 ci cabrio
Import OK for keyword_id=516. Inserted 48 ads.
KwId: 26504 | Country: BE | coque silicone samsung galaxy
Import OK for keyword_id=26504. Inserted 48 ads.
KwId: 30822 | Country: BE | livre historia
Import OK for keyword_id=30822. Inserted 48 ads.
KwId: 9442 | Country: BE | cnc kit
Import OK for keyword_id=9442. Inserted 48 ads.
KwId: 23147 | Country: BE | casque us
Import OK for keyword_id=23147. Inserted 48 ads.
KwId: 35697 | Country: BE | outil bois
Import OK for keyword_id=35697. Inserted 45 ads.
KwId: 28173 | Country: BE | honda pacific coast
Import OK for keyword_id=28173. Inserted 48 ads.
KwId: 16081 | Country: BE | stereo tube amplifier
Import OK for keyword_id=16081. Inserted 20 ads.
KwId: 4947 | Country: BE | mantille
Import OK for keyword_id=4947. Inserted 48 ads.
KwId: 17133 | Country: BE | vase boch catteau
Import OK for keyword_id=17133. Inserted 37 ads.
KwId: 19827 | Country: BE | friteuse a a a a a gaz
Import OK for keyword_id=19827. Inserted 37 ads.
KwId: 29668 | Country: BE | panneaux osb
Import OK for keyword_id=29668. Inserted 7 ads.
KwId: 13794 | Country: BE | paroi douche coulissante
Import OK for keyword_id=13794. Inserted 48 ads.
KwId: 21474 | Country: BE | couteau cuisine pro
Import OK for keyword_id=21474. Inserted 37 ads.
KwId: 15164 | Country: BE | renault can clip
Import OK for keyword_id=15164. Inserted 16 ads.
KwId: 35246 | Country: BE | moule a pizza
Import OK for keyword_id=35246. Inserted 48 ads.
KwId: 24733 | Country: BE | brule encens
Import OK for keyword_id=24733. Inserted 44 ads.
KwId: 31668 | Country: BE | casio ctk 431
Import OK for keyword_id=31668. Inserted 6 ads.
KwId: 28158 | Country: BE | velo gt
Import OK for keyword_id=28158. Inserted 48 ads.
KwId: 155 | Country: BE | accordeon
Import OK for keyword_id=155. Inserted 48 ads.
KwId: 24249 | Country: BE | toile ancienne
Import OK for keyword_id=24249. Inserted 48 ads.
KwId: 29835 | Country: BE | louis xiii
Import OK for keyword_id=29835. Inserted 48 ads.
KwId: 30278 | Country: BE | peluche ours
Import OK for keyword_id=30278. Inserted 48 ads.
KwId: 34867 | Country: BE | nappe table
Import OK for keyword_id=34867. Inserted 48 ads.
KwId: 34181 | Country: BE | citroen c3 picasso
Import OK for keyword_id=34181. Inserted 48 ads.
KwId: 1348 | Country: BE | ecran hp
Import OK for keyword_id=1348. Inserted 48 ads.
KwId: 29845 | Country: BE | tissus salon
Import OK for keyword_id=29845. Inserted 48 ads.
KwId: 5608 | Country: BE | noguchi
Import OK for keyword_id=5608. Inserted 48 ads.
KwId: 27365 | Country: BE | toyota land cruiser bj
Import OK for keyword_id=27365. Inserted 43 ads.
KwId: 32791 | Country: BE | remorque chien
Import OK for keyword_id=32791. Inserted 48 ads.
KwId: 24968 | Country: BE | 900 xj
Import OK for keyword_id=24968. Inserted 48 ads.
KwId: 15405 | Country: BE | rotiform
Import OK for keyword_id=15405. Inserted 48 ads.
KwId: 8080 | Country: BE | calandre rolls
Import OK for keyword_id=8080. Inserted 18 ads.
KwId: 5280 | Country: BE | luminox watch
Import OK for keyword_id=5280. Inserted 48 ads.
KwId: 10193 | Country: BE | figurines gaston
Import OK for keyword_id=10193. Inserted 48 ads.
KwId: 36182 | Country: BE | douche baignoire combine
Import OK for keyword_id=36182. Inserted 6 ads.
KwId: 21859 | Country: BE | vtt decathlon
Import OK for keyword_id=21859. Inserted 48 ads.
KwId: 11368 | Country: BE | injecteur
Import OK for keyword_id=11368. Inserted 48 ads.
KwId: 5667 | Country: BE | mx12 graupner
Skip: <= 5 products in JSON.
Import OK for keyword_id=5667. Inserted 1 ads.
KwId: 1337 | Country: BE | djembe terre cuite
Import OK for keyword_id=1337. Inserted 11 ads.
KwId: 34600 | Country: BE | volkswagen t3 caravelle
Import OK for keyword_id=34600. Inserted 48 ads.
KwId: 19243 | Country: BE | lecteur k7
Import OK for keyword_id=19243. Inserted 48 ads.
KwId: 17619 | Country: BE | tuner marantz st
Import OK for keyword_id=17619. Inserted 48 ads.
KwId: 3171 | Country: BE | polo j joy
Skip: <= 5 products in JSON.
Import OK for keyword_id=3171. Inserted 4 ads.
KwId: 24873 | Country: BE | buse inox 150
Skip: <= 5 products in JSON.
Import OK for keyword_id=24873. Inserted 1 ads.
KwId: 21263 | Country: BE | dupont tintin
Import OK for keyword_id=21263. Inserted 48 ads.
KwId: 30946 | Country: BE | moule a chocolat
Import OK for keyword_id=30946. Inserted 48 ads.
KwId: 8976 | Country: BE | compas
Import OK for keyword_id=8976. Inserted 48 ads.
KwId: 7092 | Country: BE | ami 8
Import OK for keyword_id=7092. Inserted 48 ads.
KwId: 16711 | Country: BE | terre cuite
Import OK for keyword_id=16711. Inserted 48 ads.
KwId: 12387 | Country: BE | livre patchwork
Import OK for keyword_id=12387. Inserted 48 ads.
KwId: 9654 | Country: BE | credence
Import OK for keyword_id=9654. Inserted 48 ads.
KwId: 6306 | Country: BE | anus
Import OK for keyword_id=6306. Inserted 48 ads.
KwId: 1630 | Country: BE | frigidaire aeg
Import OK for keyword_id=1630. Inserted 48 ads.
KwId: 28623 | Country: BE | tupperware sucre
Import OK for keyword_id=28623. Inserted 48 ads.
KwId: 24699 | Country: BE | samsung 37
Import OK for keyword_id=24699. Inserted 48 ads.
KwId: 32397 | Country: BE | rape a bois
Import OK for keyword_id=32397. Inserted 48 ads.
KwId: 4907 | Country: BE | baquets
Import OK for keyword_id=4907. Inserted 48 ads.
KwId: 33991 | Country: BE | arunda
Import OK for keyword_id=33991. Inserted 8 ads.
KwId: 22698 | Country: BE | train miniatures
Import OK for keyword_id=22698. Inserted 48 ads.
KwId: 25643 | Country: BE | chocolat jacques boite
Import OK for keyword_id=25643. Inserted 14 ads.
KwId: 19781 | Country: BE | carte catch champion
Import OK for keyword_id=19781. Inserted 48 ads.
KwId: 21544 | Country: BE | sigma 150 500mm
Import OK for keyword_id=21544. Inserted 9 ads.
KwId: 21019 | Country: BE | cymbale ride
Import OK for keyword_id=21019. Inserted 48 ads.
KwId: 31644 | Country: BE | vase galle
Import OK for keyword_id=31644. Inserted 48 ads.
KwId: 22949 | Country: BE | udden ikea
Skip: <= 5 products in JSON.
Import OK for keyword_id=22949. Inserted 3 ads.
KwId: 24290 | Country: BE | jeu psvita
Import OK for keyword_id=24290. Inserted 48 ads.
KwId: 35575 | Country: BE | blake mortimer
Import OK for keyword_id=35575. Inserted 48 ads.
KwId: 35988 | Country: BE | barre toit opel meriva
Import OK for keyword_id=35988. Inserted 48 ads.
KwId: 7145 | Country: BE | autoradio clio
Import OK for keyword_id=7145. Inserted 48 ads.
KwId: 28848 | Country: BE | verin
Import OK for keyword_id=28848. Inserted 48 ads.
KwId: 22028 | Country: BE | siege auto groupe
Import OK for keyword_id=22028. Inserted 48 ads.
KwId: 29225 | Country: BE | banc ancien
Import OK for keyword_id=29225. Inserted 48 ads.
KwId: 22269 | Country: BE | plymouth prowler
Import OK for keyword_id=22269. Inserted 46 ads.
KwId: 1971 | Country: BE | infotec
Import OK for keyword_id=1971. Inserted 48 ads.
KwId: 35666 | Country: BE | 4 jantes 19 5 112
Import OK for keyword_id=35666. Inserted 48 ads.
KwId: 13403 | Country: BE | moule chocolat
Import OK for keyword_id=13403. Inserted 48 ads.
KwId: 30072 | Country: BE | polaroid
Import OK for keyword_id=30072. Inserted 48 ads.
KwId: 23928 | Country: BE | leblon tintin
Import OK for keyword_id=23928. Inserted 48 ads.
KwId: 31642 | Country: BE | bancs jardin
Import OK for keyword_id=31642. Inserted 48 ads.
KwId: 7050 | Country: BE | attache remorque
Import OK for keyword_id=7050. Inserted 48 ads.
KwId: 32783 | Country: BE | horloge cartel
Import OK for keyword_id=32783. Inserted 48 ads.
KwId: 21330 | Country: BE | blazer femme
Import OK for keyword_id=21330. Inserted 48 ads.
KwId: 24017 | Country: BE | sauciere boch
Import OK for keyword_id=24017. Inserted 48 ads.
KwId: 430 | Country: BE | batterie gsm samsung
Import OK for keyword_id=430. Inserted 19 ads.
KwId: 1640 | Country: BE | four a baguette
Import OK for keyword_id=1640. Inserted 10 ads.
KwId: 33740 | Country: BE | vivaquatre
Import OK for keyword_id=33740. Inserted 48 ads.
KwId: 16727 | Country: BE | theiere fonte
Import OK for keyword_id=16727. Inserted 48 ads.
KwId: 35850 | Country: BE | frigo bureau
Import OK for keyword_id=35850. Inserted 48 ads.
KwId: 25689 | Country: BE | yamaha warrior 1700
Import OK for keyword_id=25689. Inserted 48 ads.
KwId: 15980 | Country: BE | snowglobe disney
Import OK for keyword_id=15980. Inserted 48 ads.
KwId: 28209 | Country: BE | ernest borel
Import OK for keyword_id=28209. Inserted 48 ads.
KwId: 31360 | Country: BE | livres couture
Import OK for keyword_id=31360. Inserted 48 ads.
KwId: 13131 | Country: BE | montre ancienne mecanique
Import OK for keyword_id=13131. Inserted 48 ads.
KwId: 36423 | Country: BE | canape cuir look
Import OK for keyword_id=36423. Inserted 48 ads.
KwId: 17055 | Country: BE | tupperware moule
Import OK for keyword_id=17055. Inserted 48 ads.
KwId: 29826 | Country: BE | lit voiture
Import OK for keyword_id=29826. Inserted 48 ads.
KwId: 35964 | Country: BE | machine bulles savon
Import OK for keyword_id=35964. Inserted 48 ads.
KwId: 17664 | Country: BE | vieux velos
Import OK for keyword_id=17664. Inserted 48 ads.
KwId: 2290 | Country: BE | kit hiver 17 bmw
Skip: <= 5 products in JSON.
Import OK for keyword_id=2290. Inserted 2 ads.
KwId: 22123 | Country: BE | dellorto
Import OK for keyword_id=22123. Inserted 48 ads.
KwId: 2834 | Country: BE | panneau decoratif
Import OK for keyword_id=2834. Inserted 48 ads.
KwId: 23749 | Country: BE | siege auto isofix
Import OK for keyword_id=23749. Inserted 48 ads.
KwId: 33709 | Country: BE | robe vintage
Import OK for keyword_id=33709. Inserted 42 ads.
KwId: 23637 | Country: BE | assiette blanche
Import OK for keyword_id=23637. Inserted 48 ads.
KwId: 29390 | Country: BE | cape noire
Import OK for keyword_id=29390. Inserted 48 ads.
KwId: 19876 | Country: BE | abdominaux
Import OK for keyword_id=19876. Inserted 48 ads.
KwId: 6992 | Country: BE | blouson bmw
Import OK for keyword_id=6992. Inserted 48 ads.
KwId: 27432 | Country: BE | samsung nc10
Import OK for keyword_id=27432. Inserted 48 ads.
KwId: 31022 | Country: BE | autocar
Import OK for keyword_id=31022. Inserted 44 ads.
KwId: 23762 | Country: BE | porte parapluie
Import OK for keyword_id=23762. Inserted 48 ads.
KwId: 13696 | Country: BE | omega speedmaster moon
Import OK for keyword_id=13696. Inserted 48 ads.
KwId: 8158 | Country: BE | cache jante alu
Import OK for keyword_id=8158. Inserted 48 ads.
KwId: 34611 | Country: BE | volvo 264
Import OK for keyword_id=34611. Inserted 48 ads.
KwId: 24372 | Country: BE | rideaux porte
Import OK for keyword_id=24372. Inserted 48 ads.
KwId: 35630 | Country: BE | menagere metal argente
Import OK for keyword_id=35630. Inserted 48 ads.
KwId: 6198 | Country: BE | boilly
Import OK for keyword_id=6198. Inserted 48 ads.
KwId: 4926 | Country: BE | gabaldon diana
Import OK for keyword_id=4926. Inserted 48 ads.
KwId: 10882 | Country: BE | guitare manouche
Import OK for keyword_id=10882. Inserted 48 ads.
KwId: 30154 | Country: BE | remorque velo
Import OK for keyword_id=30154. Inserted 44 ads.
KwId: 17167 | Country: BE | veste laine bouillie
Import OK for keyword_id=17167. Inserted 48 ads.
KwId: 29716 | Country: BE | services vaisselle
Import OK for keyword_id=29716. Inserted 48 ads.
KwId: 18299 | Country: BE | zenka
Import OK for keyword_id=18299. Inserted 15 ads.
KwId: 21031 | Country: BE | lampes bureau
Import OK for keyword_id=21031. Inserted 48 ads.
KwId: 36142 | Country: BE | time life monde arts
Import OK for keyword_id=36142. Inserted 48 ads.
KwId: 840 | Country: BE | cartouche encre hp56
Import OK for keyword_id=840. Inserted 48 ads.
KwId: 17075 | Country: BE | trio chicco
Import OK for keyword_id=17075. Inserted 19 ads.
KwId: 35189 | Country: BE | audi a3 pieces
Import OK for keyword_id=35189. Inserted 48 ads.
KwId: 32515 | Country: BE | decoration gravier blanc
Import OK for keyword_id=32515. Inserted 15 ads.
KwId: 30699 | Country: BE | cocotte seb
Import OK for keyword_id=30699. Inserted 48 ads.
KwId: 37059 | Country: BE | edredon
Import OK for keyword_id=37059. Inserted 48 ads.
KwId: 598 | Country: BE | bosch gml 50
Skip: <= 5 products in JSON.
Import OK for keyword_id=598. Inserted 4 ads.
KwId: 15949 | Country: BE | scene podium
Import OK for keyword_id=15949. Inserted 6 ads.
KwId: 16811 | Country: BE | tipi
Import OK for keyword_id=16811. Inserted 48 ads.
KwId: 24031 | Country: BE | horloge programmable
Import OK for keyword_id=24031. Inserted 48 ads.
KwId: 9488 | Country: BE | djellaba
Import OK for keyword_id=9488. Inserted 48 ads.
KwId: 19364 | Country: BE | ultrabook sony
Import OK for keyword_id=19364. Inserted 32 ads.
KwId: 32648 | Country: BE | abstrait
Import OK for keyword_id=32648. Inserted 48 ads.
KwId: 31840 | Country: BE | mitigeur ikea
Skip: <= 5 products in JSON.
Import OK for keyword_id=31840. Inserted 5 ads.
KwId: 23676 | Country: BE | chassis fenetres
Import OK for keyword_id=23676. Inserted 48 ads.
KwId: 8646 | Country: BE | chalumeau gaz
Import OK for keyword_id=8646. Inserted 48 ads.
KwId: 10560 | Country: BE | flacons parfum anciens
Import OK for keyword_id=10560. Inserted 44 ads.
KwId: 24647 | Country: BE | villeroy sucrier
Import OK for keyword_id=24647. Inserted 48 ads.
KwId: 27384 | Country: BE | banc cuir
Import OK for keyword_id=27384. Inserted 48 ads.
KwId: 466 | Country: BE | berceau osier
Import OK for keyword_id=466. Inserted 33 ads.
KwId: 13089 | Country: BE | mobiloil
Import OK for keyword_id=13089. Inserted 42 ads.
KwId: 212 | Country: BE | amity
Skip: <= 5 products in JSON.
Import OK for keyword_id=212. Inserted 0 ads.
KwId: 68 | Country: BE | 39 45 magazine
Import OK for keyword_id=68. Inserted 48 ads.
KwId: 28715 | Country: BE | timbale
Import OK for keyword_id=28715. Inserted 48 ads.
KwId: 21908 | Country: BE | fenetre velux
Import OK for keyword_id=21908. Inserted 48 ads.
KwId: 13410 | Country: BE | napoleon statue
Import OK for keyword_id=13410. Inserted 48 ads.
KwId: 4852 | Country: BE | bricon
Import OK for keyword_id=4852. Inserted 48 ads.
KwId: 21362 | Country: BE | captain flam
Import OK for keyword_id=21362. Inserted 48 ads.
KwId: 6715 | Country: BE | autocollant clavier
Import OK for keyword_id=6715. Inserted 48 ads.
KwId: 7096 | Country: BE | amortisseur vtt
Import OK for keyword_id=7096. Inserted 48 ads.
KwId: 1941 | Country: BE | honda foreman
Import OK for keyword_id=1941. Inserted 48 ads.
KwId: 22678 | Country: BE | hachoir pro
Import OK for keyword_id=22678. Inserted 43 ads.
KwId: 18457 | Country: BE | ax100
Import OK for keyword_id=18457. Inserted 48 ads.
KwId: 19345 | Country: BE | ensileuse
Import OK for keyword_id=19345. Inserted 48 ads.
KwId: 35752 | Country: BE | chapeau melon botte cuir
Import OK for keyword_id=35752. Inserted 48 ads.
KwId: 13030 | Country: BE | militaria belge
Import OK for keyword_id=13030. Inserted 48 ads.
KwId: 30255 | Country: BE | cadre africain
Import OK for keyword_id=30255. Inserted 48 ads.
KwId: 27902 | Country: BE | drum steel
Import OK for keyword_id=27902. Inserted 48 ads.
KwId: 28404 | Country: BE | boule attelage
Import OK for keyword_id=28404. Inserted 48 ads.
KwId: 31941 | Country: BE | voliere voliere
Import OK for keyword_id=31941. Inserted 48 ads.
KwId: 10105 | Country: BE | fauteuil rotin
Import OK for keyword_id=10105. Inserted 48 ads.
KwId: 10678 | Country: BE | garde robe ancienne lingere
Skip: <= 5 products in JSON.
Import OK for keyword_id=10678. Inserted 0 ads.
KwId: 20187 | Country: BE | gto
Import OK for keyword_id=20187. Inserted 48 ads.
KwId: 33187 | Country: BE | graveur metal
Import OK for keyword_id=33187. Inserted 48 ads.
KwId: 34359 | Country: BE | land rover serie iii
Import OK for keyword_id=34359. Inserted 48 ads.
KwId: 34725 | Country: BE | mercedes benz unimog
Import OK for keyword_id=34725. Inserted 48 ads.
KwId: 32170 | Country: BE | guidon harley
Import OK for keyword_id=32170. Inserted 48 ads.
KwId: 18382 | Country: BE | rumtopf
Import OK for keyword_id=18382. Inserted 43 ads.
KwId: 34412 | Country: BE | mg xpower
Import OK for keyword_id=34412. Inserted 48 ads.
KwId: 10435 | Country: BE | fauteuil art
Import OK for keyword_id=10435. Inserted 48 ads.
KwId: 30111 | Country: BE | albert elisabeth
Import OK for keyword_id=30111. Inserted 48 ads.
KwId: 15579 | Country: BE | remorque simple essieu
Import OK for keyword_id=15579. Inserted 19 ads.
KwId: 1653 | Country: BE | frigo lg
Import OK for keyword_id=1653. Inserted 48 ads.
KwId: 30138 | Country: BE | fauteuil cuir brun
Import OK for keyword_id=30138. Inserted 30 ads.
KwId: 268 | Country: BE | arbre a couper
Import OK for keyword_id=268. Inserted 18 ads.
KwId: 14231 | Country: BE | pere noel gonflable
Import OK for keyword_id=14231. Inserted 48 ads.
KwId: 8817 | Country: BE | cloueur a gaz
Import OK for keyword_id=8817. Inserted 38 ads.
KwId: 2363 | Country: BE | lustres massive
Import OK for keyword_id=2363. Inserted 10 ads.
KwId: 35144 | Country: BE | peche
Import OK for keyword_id=35144. Inserted 48 ads.
KwId: 24515 | Country: BE | ecran plat wifi
Import OK for keyword_id=24515. Inserted 48 ads.
KwId: 11204 | Country: BE | housse ektorp blanc
Skip: <= 5 products in JSON.
Import OK for keyword_id=11204. Inserted 0 ads.
KwId: 23998 | Country: BE | recepteur
Import OK for keyword_id=23998. Inserted 48 ads.
KwId: 13175 | Country: BE | montre lip
Import OK for keyword_id=13175. Inserted 48 ads.
KwId: 22810 | Country: BE | pile montre
Import OK for keyword_id=22810. Inserted 48 ads.
KwId: 30036 | Country: BE | camion scania
Import OK for keyword_id=30036. Inserted 48 ads.
KwId: 27294 | Country: BE | garde royale
Import OK for keyword_id=27294. Inserted 48 ads.
KwId: 31247 | Country: BE | service assiettes
Import OK for keyword_id=31247. Inserted 48 ads.
KwId: 27425 | Country: BE | cerf volant
Import OK for keyword_id=27425. Inserted 48 ads.
KwId: 24485 | Country: BE | coca cola cooler
Import OK for keyword_id=24485. Inserted 25 ads.
KwId: 19553 | Country: BE | tupperware epice
Import OK for keyword_id=19553. Inserted 24 ads.
KwId: 2316 | Country: BE | lenovo thinkpad x230
Import OK for keyword_id=2316. Inserted 48 ads.
KwId: 22470 | Country: BE | coffre fort vieux
Import OK for keyword_id=22470. Inserted 9 ads.
KwId: 9971 | Country: BE | entree disneyland
Import OK for keyword_id=9971. Inserted 28 ads.
KwId: 31897 | Country: BE | calimero
Import OK for keyword_id=31897. Inserted 48 ads.
KwId: 10373 | Country: BE | eterna watch
Import OK for keyword_id=10373. Inserted 48 ads.
KwId: 27246 | Country: BE | lego army
Import OK for keyword_id=27246. Inserted 48 ads.
KwId: 33212 | Country: BE | ktm exc 525
Import OK for keyword_id=33212. Inserted 48 ads.
KwId: 22077 | Country: BE | moule bois
Import OK for keyword_id=22077. Inserted 48 ads.
KwId: 21689 | Country: BE | moteur derbi
Import OK for keyword_id=21689. Inserted 48 ads.
KwId: 8277 | Country: BE | canne a carpe
Import OK for keyword_id=8277. Inserted 48 ads.
KwId: 15758 | Country: BE | scie ruban
Import OK for keyword_id=15758. Inserted 48 ads.
KwId: 1721 | Country: BE | garde robe pax
Skip: <= 5 products in JSON.
Import OK for keyword_id=1721. Inserted 0 ads.
KwId: 28166 | Country: BE | colonne rangement
Import OK for keyword_id=28166. Inserted 48 ads.
KwId: 29715 | Country: BE | quad polaris
Import OK for keyword_id=29715. Inserted 48 ads.
KwId: 20941 | Country: BE | meuleuse 230
Import OK for keyword_id=20941. Inserted 46 ads.
KwId: 3211 | Country: BE | pot camino
Skip: <= 5 products in JSON.
Import OK for keyword_id=3211. Inserted 4 ads.
KwId: 36807 | Country: BE | eplucheuse pomme terre professionnel
Skip: <= 5 products in JSON.
Import OK for keyword_id=36807. Inserted 0 ads.
KwId: 23367 | Country: BE | tweeter fostex
Import OK for keyword_id=23367. Inserted 48 ads.
KwId: 18428 | Country: BE | borowski
Import OK for keyword_id=18428. Inserted 48 ads.
KwId: 23793 | Country: BE | harley street bob
Import OK for keyword_id=23793. Inserted 48 ads.
KwId: 20779 | Country: BE | veste militaire
Import OK for keyword_id=20779. Inserted 48 ads.
KwId: 36042 | Country: BE | maver a a a a a
Skip: <= 5 products in JSON.
Import OK for keyword_id=36042. Inserted 2 ads.
KwId: 35015 | Country: BE | piano quart queue
Import OK for keyword_id=35015. Inserted 10 ads.
KwId: 27918 | Country: BE | meubles hall
Import OK for keyword_id=27918. Inserted 23 ads.
KwId: 20549 | Country: BE | enjoliveur fiat punto 2
Import OK for keyword_id=20549. Inserted 48 ads.
KwId: 27106 | Country: BE | gare maritime
Import OK for keyword_id=27106. Inserted 48 ads.
KwId: 35165 | Country: BE | poele gaz naturel
Import OK for keyword_id=35165. Inserted 18 ads.
KwId: 25921 | Country: BE | renault 25
Import OK for keyword_id=25921. Inserted 48 ads.
KwId: 21324 | Country: BE | fauteuil roulant
Import OK for keyword_id=21324. Inserted 48 ads.
KwId: 5044 | Country: BE | dahon
Import OK for keyword_id=5044. Inserted 48 ads.
KwId: 25992 | Country: BE | cocoon
Import OK for keyword_id=25992. Inserted 48 ads.
KwId: 175 | Country: BE | agneau
Import OK for keyword_id=175. Inserted 48 ads.
KwId: 32622 | Country: BE | casque skullcandy
Import OK for keyword_id=32622. Inserted 48 ads.
KwId: 18449 | Country: BE | fuzzy mohair
Skip: <= 5 products in JSON.
Import OK for keyword_id=18449. Inserted 3 ads.
KwId: 5454 | Country: BE | fenzy
Import OK for keyword_id=5454. Inserted 18 ads.
KwId: 34401 | Country: BE | mazda b 2600
Import OK for keyword_id=34401. Inserted 48 ads.
KwId: 25976 | Country: BE | playmobil 3112
Import OK for keyword_id=25976. Inserted 48 ads.
KwId: 31665 | Country: BE | porte clef voiture
Import OK for keyword_id=31665. Inserted 48 ads.
KwId: 22647 | Country: BE | peinture belge
Import OK for keyword_id=22647. Inserted 48 ads.
KwId: 16659 | Country: BE | teck
Import OK for keyword_id=16659. Inserted 48 ads.
KwId: 6496 | Country: BE | fop cages
Skip: <= 5 products in JSON.
Import OK for keyword_id=6496. Inserted 0 ads.
KwId: 13796 | Country: BE | ordinateur portable packard bell
Import OK for keyword_id=13796. Inserted 48 ads.
KwId: 17741 | Country: BE | volant ps3
Import OK for keyword_id=17741. Inserted 48 ads.
KwId: 35326 | Country: BE | informatique
Import OK for keyword_id=35326. Inserted 48 ads.
KwId: 3964 | Country: BE | the sound of belgium
Skip: <= 5 products in JSON.
Import OK for keyword_id=3964. Inserted 1 ads.
KwId: 2910 | Country: BE | peugeot looxor
Import OK for keyword_id=2910. Inserted 48 ads.
KwId: 19932 | Country: BE | matiz
Import OK for keyword_id=19932. Inserted 48 ads.
KwId: 24106 | Country: BE | montre plongee
Import OK for keyword_id=24106. Inserted 48 ads.
KwId: 31954 | Country: BE | pompe injection bmw 0460406993
Skip: <= 5 products in JSON.
Import OK for keyword_id=31954. Inserted 5 ads.
KwId: 8037 | Country: BE | bracelet elephant
Import OK for keyword_id=8037. Inserted 48 ads.
KwId: 6214 | Country: BE | ventriloquist puppet
Import OK for keyword_id=6214. Inserted 7 ads.
KwId: 15683 | Country: BE | scalextric
Import OK for keyword_id=15683. Inserted 48 ads.
KwId: 23984 | Country: BE | phares antibrouillard
Import OK for keyword_id=23984. Inserted 48 ads.
KwId: 4894 | Country: BE | klimt reproduction
Import OK for keyword_id=4894. Inserted 48 ads.
KwId: 30827 | Country: BE | lit 180 200
Import OK for keyword_id=30827. Inserted 48 ads.
KwId: 21079 | Country: BE | tringle rideaux
Import OK for keyword_id=21079. Inserted 48 ads.
KwId: 402 | Country: BE | baskets calvin klein
Import OK for keyword_id=402. Inserted 48 ads.
KwId: 31254 | Country: BE | lampes suspension
Import OK for keyword_id=31254. Inserted 46 ads.
KwId: 20977 | Country: BE | kawasaki ninja
Import OK for keyword_id=20977. Inserted 48 ads.
KwId: 19782 | Country: BE | ruban dymo
Import OK for keyword_id=19782. Inserted 48 ads.
KwId: 13298 | Country: BE | mors cheval
Import OK for keyword_id=13298. Inserted 48 ads.
KwId: 18524 | Country: BE | fortuny
Import OK for keyword_id=18524. Inserted 48 ads.
KwId: 30586 | Country: BE | chaussure aigle
Import OK for keyword_id=30586. Inserted 48 ads.
KwId: 31092 | Country: BE | haut talon
Import OK for keyword_id=31092. Inserted 48 ads.
KwId: 5399 | Country: BE | lebon
Import OK for keyword_id=5399. Inserted 48 ads.
KwId: 6783 | Country: BE | avion thermique
Import OK for keyword_id=6783. Inserted 48 ads.
KwId: 2320 | Country: BE | livres disney
Import OK for keyword_id=2320. Inserted 48 ads.
KwId: 6746 | Country: BE | 400 nc30
Import OK for keyword_id=6746. Inserted 48 ads.
KwId: 23591 | Country: BE | assiettes fondue boch
Import OK for keyword_id=23591. Inserted 36 ads.
KwId: 36132 | Country: BE | recepteur recepteur radio
Import OK for keyword_id=36132. Inserted 48 ads.
KwId: 19346 | Country: BE | fauteuil art deco
Import OK for keyword_id=19346. Inserted 48 ads.
KwId: 5250 | Country: BE | gerber
Import OK for keyword_id=5250. Inserted 48 ads.
KwId: 29470 | Country: BE | jantes a deport
Import OK for keyword_id=29470. Inserted 6 ads.
KwId: 13577 | Country: BE | niko triple
Skip: <= 5 products in JSON.
Import OK for keyword_id=13577. Inserted 3 ads.
KwId: 34667 | Country: BE | dacia logan pick up
Import OK for keyword_id=34667. Inserted 48 ads.
KwId: 9475 | Country: BE | coussin yoga
Import OK for keyword_id=9475. Inserted 43 ads.
KwId: 549 | Country: BE | boch service cafe
Import OK for keyword_id=549. Inserted 48 ads.
KwId: 5570 | Country: BE | chicane echappement moto
Import OK for keyword_id=5570. Inserted 13 ads.
KwId: 13467 | Country: BE | mura 4
Import OK for keyword_id=13467. Inserted 48 ads.
KwId: 21236 | Country: BE | valise roulettes
Import OK for keyword_id=21236. Inserted 45 ads.
KwId: 32015 | Country: BE | panini mexico 1970
Import OK for keyword_id=32015. Inserted 48 ads.
KwId: 8627 | Country: BE | christofle malmaison
Import OK for keyword_id=8627. Inserted 45 ads.
KwId: 27781 | Country: BE | brouilleur gsm
Skip: <= 5 products in JSON.
Import OK for keyword_id=27781. Inserted 0 ads.
KwId: 3553 | Country: BE | samsung gear 2 neo
Import OK for keyword_id=3553. Inserted 30 ads.
KwId: 13811 | Country: BE | omega seamaster cosmic
Import OK for keyword_id=13811. Inserted 48 ads.
KwId: 19069 | Country: BE | poussoir a saucisses
Import OK for keyword_id=19069. Inserted 48 ads.
KwId: 24665 | Country: BE | double rideaux
Import OK for keyword_id=24665. Inserted 48 ads.
KwId: 30447 | Country: BE | jupe longue
Import OK for keyword_id=30447. Inserted 48 ads.
KwId: 26301 | Country: BE | chaise longue
Import OK for keyword_id=26301. Inserted 48 ads.
KwId: 20724 | Country: BE | djinn
Import OK for keyword_id=20724. Inserted 48 ads.
KwId: 33238 | Country: BE | pont lumiere
Import OK for keyword_id=33238. Inserted 48 ads.
KwId: 27873 | Country: BE | eldar
Import OK for keyword_id=27873. Inserted 48 ads.
KwId: 16622 | Country: BE | tasse mug disney
Import OK for keyword_id=16622. Inserted 48 ads.
KwId: 13646 | Country: BE | nuisette 40
Import OK for keyword_id=13646. Inserted 48 ads.
KwId: 909 | Country: BE | chaise haute
Import OK for keyword_id=909. Inserted 48 ads.
KwId: 20013 | Country: BE | jantes 4 100
Import OK for keyword_id=20013. Inserted 48 ads.
KwId: 34619 | Country: BE | volvo xc60
Import OK for keyword_id=34619. Inserted 48 ads.
KwId: 22157 | Country: BE | homer simpsons
Import OK for keyword_id=22157. Inserted 48 ads.
KwId: 6679 | Country: BE | assiette gien
Import OK for keyword_id=6679. Inserted 48 ads.
KwId: 24707 | Country: BE | essuies bain
Skip: <= 5 products in JSON.
Import OK for keyword_id=24707. Inserted 0 ads.
KwId: 1824 | Country: BE | horloge disney
Import OK for keyword_id=1824. Inserted 48 ads.
KwId: 22528 | Country: BE | comptoir vitrine
Import OK for keyword_id=22528. Inserted 48 ads.
KwId: 27357 | Country: BE | aerotherme eau chaude
Skip: <= 5 products in JSON.
Import OK for keyword_id=27357. Inserted 0 ads.
KwId: 4263 | Country: BE | waldorf pulse
Import OK for keyword_id=4263. Inserted 11 ads.
KwId: 3157 | Country: BE | pompe kubota
Import OK for keyword_id=3157. Inserted 48 ads.
KwId: 6391 | Country: BE | roald dahl
Import OK for keyword_id=6391. Inserted 48 ads.
KwId: 26335 | Country: BE | bmw r80
Import OK for keyword_id=26335. Inserted 48 ads.
KwId: 29604 | Country: BE | bouquet fleurs
Import OK for keyword_id=29604. Inserted 48 ads.
KwId: 11848 | Country: BE | klipsch
Import OK for keyword_id=11848. Inserted 48 ads.
KwId: 13378 | Country: BE | multivan t5
Import OK for keyword_id=13378. Inserted 48 ads.
KwId: 2780 | Country: BE | nouvelle cage
Import OK for keyword_id=2780. Inserted 48 ads.
KwId: 36938 | Country: BE | boerboel
Import OK for keyword_id=36938. Inserted 48 ads.
KwId: 22581 | Country: BE | fauteuils osier
Import OK for keyword_id=22581. Inserted 48 ads.
KwId: 20011 | Country: BE | salle a manger art nouveau
Import OK for keyword_id=20011. Inserted 48 ads.
KwId: 24171 | Country: BE | cressi
Import OK for keyword_id=24171. Inserted 48 ads.
KwId: 9110 | Country: BE | couveuse oeufs
Import OK for keyword_id=9110. Inserted 48 ads.
KwId: 6594 | Country: BE | 600 xr
Import OK for keyword_id=6594. Inserted 48 ads.
KwId: 22517 | Country: BE | cadre bois dore
Import OK for keyword_id=22517. Inserted 48 ads.
KwId: 8494 | Country: BE | chaise longue transat
Import OK for keyword_id=8494. Inserted 48 ads.
KwId: 2278 | Country: BE | kinect xbox one
Import OK for keyword_id=2278. Inserted 48 ads.
KwId: 20731 | Country: BE | etagere rouge
Import OK for keyword_id=20731. Inserted 48 ads.
KwId: 31175 | Country: BE | foulard longchamp
Import OK for keyword_id=31175. Inserted 48 ads.
KwId: 33197 | Country: BE | beocom 5
Import OK for keyword_id=33197. Inserted 8 ads.
KwId: 34921 | Country: BE | electro aimant
Import OK for keyword_id=34921. Inserted 48 ads.
KwId: 9542 | Country: BE | container
Import OK for keyword_id=9542. Inserted 48 ads.
KwId: 18758 | Country: BE | mixdeck
Import OK for keyword_id=18758. Inserted 28 ads.
KwId: 7361 | Country: BE | aspirateur professionnel
Import OK for keyword_id=7361. Inserted 48 ads.
KwId: 2985 | Country: BE | pieces escort mk1
Import OK for keyword_id=2985. Inserted 11 ads.
KwId: 10404 | Country: BE | gaufrier professionnel
Import OK for keyword_id=10404. Inserted 25 ads.
KwId: 12962 | Country: BE | meuble vintage
Import OK for keyword_id=12962. Inserted 48 ads.
KwId: 31063 | Country: BE | lalique
Import OK for keyword_id=31063. Inserted 48 ads.
KwId: 29718 | Country: BE | nokia 6300
Import OK for keyword_id=29718. Inserted 48 ads.
KwId: 580 | Country: BE | bombe taille 59
Skip: <= 5 products in JSON.
Import OK for keyword_id=580. Inserted 4 ads.
KwId: 21016 | Country: BE | peinture paysage
Import OK for keyword_id=21016. Inserted 48 ads.
KwId: 26623 | Country: BE | tom tom live
Import OK for keyword_id=26623. Inserted 48 ads.
KwId: 29515 | Country: BE | reverb
Import OK for keyword_id=29515. Inserted 45 ads.
KwId: 28927 | Country: BE | olympus e m10
Import OK for keyword_id=28927. Inserted 48 ads.
KwId: 2058 | Country: BE | jantes abarth
Import OK for keyword_id=2058. Inserted 48 ads.
KwId: 23153 | Country: BE | ensemble hifi
Import OK for keyword_id=23153. Inserted 41 ads.
KwId: 3573 | Country: BE | scanner brother
Import OK for keyword_id=3573. Inserted 48 ads.
KwId: 35428 | Country: BE | sabot denver
Skip: <= 5 products in JSON.
Import OK for keyword_id=35428. Inserted 1 ads.
KwId: 1074 | Country: BE | citerne pvc
Import OK for keyword_id=1074. Inserted 7 ads.
KwId: 21062 | Country: BE | mitsubishi carisma
Import OK for keyword_id=21062. Inserted 48 ads.
KwId: 22834 | Country: BE | vibreur beton
Import OK for keyword_id=22834. Inserted 48 ads.
KwId: 7609 | Country: BE | billet concert
Import OK for keyword_id=7609. Inserted 48 ads.
KwId: 24540 | Country: BE | couvercle inox
Import OK for keyword_id=24540. Inserted 48 ads.
KwId: 24380 | Country: BE | miroir fer
Import OK for keyword_id=24380. Inserted 48 ads.
KwId: 24644 | Country: BE | prise allume cigar
Import OK for keyword_id=24644. Inserted 37 ads.
KwId: 8598 | Country: BE | cendrier ceramique
Import OK for keyword_id=8598. Inserted 48 ads.
KwId: 19366 | Country: BE | samsung clp 315
Import OK for keyword_id=19366. Inserted 48 ads.
KwId: 18432 | Country: BE | astrolabe
Import OK for keyword_id=18432. Inserted 48 ads.
KwId: 5475 | Country: BE | matford
Import OK for keyword_id=5475. Inserted 48 ads.
KwId: 31443 | Country: BE | moon boot
Import OK for keyword_id=31443. Inserted 48 ads.
KwId: 33695 | Country: BE | horloge regulateur
Import OK for keyword_id=33695. Inserted 48 ads.
KwId: 25139 | Country: BE | palmes plongee
Import OK for keyword_id=25139. Inserted 48 ads.
KwId: 34493 | Country: BE | renault r 30
Import OK for keyword_id=34493. Inserted 42 ads.
KwId: 26080 | Country: BE | peugeot 807
Import OK for keyword_id=26080. Inserted 48 ads.
KwId: 35288 | Country: BE | oxyde cerium
Import OK for keyword_id=35288. Inserted 48 ads.
KwId: 23903 | Country: BE | villeroy assiettes
Import OK for keyword_id=23903. Inserted 48 ads.
KwId: 14951 | Country: BE | poussette noukies
Skip: <= 5 products in JSON.
Import OK for keyword_id=14951. Inserted 1 ads.
KwId: 32192 | Country: BE | marshall 100 dfx
Skip: <= 5 products in JSON.
Import OK for keyword_id=32192. Inserted 2 ads.
KwId: 22965 | Country: BE | livre medecine
Import OK for keyword_id=22965. Inserted 48 ads.
KwId: 1930 | Country: BE | ice watch
Import OK for keyword_id=1930. Inserted 48 ads.
KwId: 37008 | Country: BE | bateau pneumatique moteur
Import OK for keyword_id=37008. Inserted 10 ads.
KwId: 15796 | Country: BE | sac pellets
Import OK for keyword_id=15796. Inserted 41 ads.
KwId: 881 | Country: BE | cartouches hp 364 xl
Import OK for keyword_id=881. Inserted 48 ads.
KwId: 34977 | Country: BE | verriere chene
Skip: <= 5 products in JSON.
Import OK for keyword_id=34977. Inserted 1 ads.
KwId: 8053 | Country: BE | breitling aerospace
Import OK for keyword_id=8053. Inserted 48 ads.
KwId: 35028 | Country: BE | quad 50cc homologue
Skip: <= 5 products in JSON.
Import OK for keyword_id=35028. Inserted 0 ads.
KwId: 1434 | Country: BE | esterel
Import OK for keyword_id=1434. Inserted 48 ads.
KwId: 25112 | Country: BE | zippo harley
Import OK for keyword_id=25112. Inserted 48 ads.
*** End of crawl for BE (keywords: 500) | 2025-12-01 07:37:42
