Country passed : forsale
*** Start crawling : 2025-11-29 10:27:58 | MAX KW : 500 | Country : US
KwId: 76742 | Country: US | sheriff uniform
Import OK for keyword_id=76742. Inserted 50 ads.
KwId: 98220 | Country: US | akai amplifier
Import OK for keyword_id=98220. Inserted 50 ads.
KwId: 53522 | Country: US | monopoly game
Import OK for keyword_id=53522. Inserted 50 ads.
KwId: 17792 | Country: US | furnished dollhouse
Import OK for keyword_id=17792. Inserted 50 ads.
KwId: 208941 | Country: US | long bed pickup
Import OK for keyword_id=208941. Inserted 50 ads.
KwId: 49578 | Country: US | drexel furniture
Import OK for keyword_id=49578. Inserted 45 ads.
KwId: 179147 | Country: US | leapfrog learn musical table
Import OK for keyword_id=179147. Inserted 28 ads.
KwId: 50027 | Country: US | fluke 87v
Import OK for keyword_id=50027. Inserted 50 ads.
KwId: 6701 | Country: US | 1966 nova ss
Import OK for keyword_id=6701. Inserted 50 ads.
KwId: 196837 | Country: US | 16x8 insulated garage door
Import OK for keyword_id=196837. Inserted 50 ads.
KwId: 182207 | Country: US | 8 x 10 utility trailer
Import OK for keyword_id=182207. Inserted 50 ads.
KwId: 238173 | Country: US | bike 20 next bmx
Import OK for keyword_id=238173. Inserted 20 ads.
KwId: 21797 | Country: US | john wayne zippo
Import OK for keyword_id=21797. Inserted 50 ads.
KwId: 27069 | Country: US | nike elite socks
Import OK for keyword_id=27069. Inserted 50 ads.
KwId: 142957 | Country: US | portable dvd players
Import OK for keyword_id=142957. Inserted 50 ads.
KwId: 72346 | Country: US | music typewriter
Import OK for keyword_id=72346. Inserted 50 ads.
KwId: 97753 | Country: US | kobalt tools
Import OK for keyword_id=97753. Inserted 50 ads.
KwId: 197386 | Country: US | metal bar stool 20
Import OK for keyword_id=197386. Inserted 50 ads.
KwId: 43254 | Country: US | grain mills hand
Import OK for keyword_id=43254. Inserted 50 ads.
KwId: 75359 | Country: US | vault door
Import OK for keyword_id=75359. Inserted 50 ads.
KwId: 112955 | Country: US | lizzie high dolls christmas
Import OK for keyword_id=112955. Inserted 50 ads.
KwId: 107837 | Country: US | t25 turbo
Import OK for keyword_id=107837. Inserted 50 ads.
KwId: 16322 | Country: US | f 117 nighthawk
Import OK for keyword_id=16322. Inserted 50 ads.
KwId: 136381 | Country: US | pomegranate trees
Import OK for keyword_id=136381. Inserted 50 ads.
KwId: 220867 | Country: US | gpz305 83 kawasaki
Import OK for keyword_id=220867. Inserted 50 ads.
KwId: 89102 | Country: US | tascam 414 mkii
Import OK for keyword_id=89102. Inserted 36 ads.
KwId: 174353 | Country: US | 16 ft extension ladder
Import OK for keyword_id=174353. Inserted 50 ads.
KwId: 57238 | Country: US | leatherman skeletool cx
Import OK for keyword_id=57238. Inserted 50 ads.
KwId: 326446 | Country: US | hummel christmas wreath
Import OK for keyword_id=326446. Inserted 50 ads.
KwId: 75194 | Country: US | girls underwear
Import OK for keyword_id=75194. Inserted 50 ads.
KwId: 5082 | Country: US | weaver mount
Import OK for keyword_id=5082. Inserted 50 ads.
KwId: 80025 | Country: US | 3 500z
Import OK for keyword_id=80025. Inserted 50 ads.
KwId: 43093 | Country: US | sferra blanket
Import OK for keyword_id=43093. Inserted 50 ads.
KwId: 108717 | Country: US | jlo engine
Import OK for keyword_id=108717. Inserted 50 ads.
KwId: 293533 | Country: US | 1046 newholland bale wagon
Import OK for keyword_id=293533. Inserted 21 ads.
KwId: 200892 | Country: US | diamo velux 150
Skip: <= 5 products in JSON.
Import OK for keyword_id=200892. Inserted 1 ads.
KwId: 280846 | Country: US | cadillac 1985 86 grill
Import OK for keyword_id=280846. Inserted 50 ads.
KwId: 77787 | Country: US | octopus sculpture
Import OK for keyword_id=77787. Inserted 50 ads.
KwId: 331890 | Country: US | dining amish set
Import OK for keyword_id=331890. Inserted 50 ads.
KwId: 73542 | Country: US | boehm porcelain flowers
Import OK for keyword_id=73542. Inserted 50 ads.
KwId: 25309 | Country: US | mens shearling coat
Import OK for keyword_id=25309. Inserted 50 ads.
KwId: 38451 | Country: US | american standard toilet tank
Import OK for keyword_id=38451. Inserted 50 ads.
KwId: 315029 | Country: US | pump elvie breast double
Import OK for keyword_id=315029. Inserted 44 ads.
KwId: 76252 | Country: US | antique scoreboard
Import OK for keyword_id=76252. Inserted 50 ads.
KwId: 67820 | Country: US | international 404
Import OK for keyword_id=67820. Inserted 50 ads.
KwId: 51564 | Country: US | hummel bell
Import OK for keyword_id=51564. Inserted 50 ads.
KwId: 19153 | Country: US | hallmark musical snowman
Import OK for keyword_id=19153. Inserted 50 ads.
KwId: 100292 | Country: US | hp microserver
Import OK for keyword_id=100292. Inserted 50 ads.
KwId: 1793 | Country: US | parker duofold ballpoint pen
Import OK for keyword_id=1793. Inserted 50 ads.
KwId: 255281 | Country: US | odyssey g9 samsung box
Import OK for keyword_id=255281. Inserted 8 ads.
KwId: 147346 | Country: US | 4 ft folding table
Import OK for keyword_id=147346. Inserted 50 ads.
KwId: 27960 | Country: US | pandora ornament
Import OK for keyword_id=27960. Inserted 50 ads.
KwId: 11094 | Country: US | bvlgari limited edition sunglasses
Import OK for keyword_id=11094. Inserted 50 ads.
KwId: 169436 | Country: US | sailing foul weather gear
Import OK for keyword_id=169436. Inserted 50 ads.
KwId: 55355 | Country: US | riedell speed skates
Import OK for keyword_id=55355. Inserted 50 ads.
KwId: 106781 | Country: US | rcbs parts
Import OK for keyword_id=106781. Inserted 50 ads.
KwId: 16206 | Country: US | erector set
Import OK for keyword_id=16206. Inserted 42 ads.
KwId: 42634 | Country: US | baccarat candelabra
Import OK for keyword_id=42634. Inserted 50 ads.
KwId: 356934 | Country: US | vintage cast iron dutch oven
Import OK for keyword_id=356934. Inserted 50 ads.
KwId: 96383 | Country: US | seiko submariner
Import OK for keyword_id=96383. Inserted 50 ads.
KwId: 212894 | Country: US | foils gofoil
Import OK for keyword_id=212894. Inserted 7 ads.
KwId: 49548 | Country: US | engine charger
Import OK for keyword_id=49548. Inserted 50 ads.
KwId: 96266 | Country: US | roland d50
Import OK for keyword_id=96266. Inserted 50 ads.
KwId: 313692 | Country: US | summicron v4 leica 35mm f2
Import OK for keyword_id=313692. Inserted 50 ads.
KwId: 49774 | Country: US | emergency lunch box
Import OK for keyword_id=49774. Inserted 43 ads.
KwId: 97389 | Country: US | grizzly jointer
Import OK for keyword_id=97389. Inserted 50 ads.
KwId: 108797 | Country: US | tandy 1000
Import OK for keyword_id=108797. Inserted 50 ads.
KwId: 29519 | Country: US | preiser figures
Import OK for keyword_id=29519. Inserted 50 ads.
KwId: 118264 | Country: US | 8 pro pool table
Import OK for keyword_id=118264. Inserted 50 ads.
KwId: 25365 | Country: US | mens seiko mickey mouse watch
Import OK for keyword_id=25365. Inserted 50 ads.
KwId: 110637 | Country: US | gingher scissors
Import OK for keyword_id=110637. Inserted 50 ads.
KwId: 17755 | Country: US | fuel rims
Import OK for keyword_id=17755. Inserted 50 ads.
KwId: 76509 | Country: US | 1911 45 frame
Import OK for keyword_id=76509. Inserted 50 ads.
KwId: 105454 | Country: US | pronghorn antlers
Import OK for keyword_id=105454. Inserted 50 ads.
KwId: 200110 | Country: US | specialized vienna 4
Skip: <= 5 products in JSON.
Import OK for keyword_id=200110. Inserted 0 ads.
KwId: 63860 | Country: US | camel back sofa
Import OK for keyword_id=63860. Inserted 50 ads.
KwId: 327749 | Country: US | porcelain bowl fruit
Import OK for keyword_id=327749. Inserted 50 ads.
KwId: 191913 | Country: US | silvertone organ
Import OK for keyword_id=191913. Inserted 50 ads.
KwId: 244639 | Country: US | hybrid liv bike
Import OK for keyword_id=244639. Inserted 50 ads.
KwId: 89594 | Country: US | versa vise
Import OK for keyword_id=89594. Inserted 50 ads.
KwId: 112847 | Country: US | broken musical instruments
Import OK for keyword_id=112847. Inserted 50 ads.
KwId: 110468 | Country: US | yamaha absolute
Import OK for keyword_id=110468. Inserted 50 ads.
KwId: 193606 | Country: US | aluminum step ladder 6 foot
Import OK for keyword_id=193606. Inserted 50 ads.
KwId: 23310 | Country: US | lenox santa
Import OK for keyword_id=23310. Inserted 50 ads.
KwId: 191076 | Country: US | landshark road bike
Import OK for keyword_id=191076. Inserted 21 ads.
KwId: 138057 | Country: US | tub door
Import OK for keyword_id=138057. Inserted 50 ads.
KwId: 263559 | Country: US | table top side marble
Import OK for keyword_id=263559. Inserted 50 ads.
KwId: 76798 | Country: US | renzetti vise
Import OK for keyword_id=76798. Inserted 50 ads.
KwId: 93611 | Country: US | australian horse saddles
Import OK for keyword_id=93611. Inserted 50 ads.
KwId: 172714 | Country: US | 3g beach cruiser
Import OK for keyword_id=172714. Inserted 50 ads.
KwId: 55956 | Country: US | shimano rod
Import OK for keyword_id=55956. Inserted 50 ads.
KwId: 30219 | Country: US | rc nitro boat
Import OK for keyword_id=30219. Inserted 50 ads.
KwId: 69756 | Country: US | old radio cabinet
Import OK for keyword_id=69756. Inserted 50 ads.
KwId: 183610 | Country: US | 2004 chrysler pacifica awd
Import OK for keyword_id=183610. Inserted 50 ads.
KwId: 137410 | Country: US | 3 horse aluminum
Import OK for keyword_id=137410. Inserted 50 ads.
KwId: 33628 | Country: US | steam cleaner
Import OK for keyword_id=33628. Inserted 50 ads.
KwId: 239272 | Country: US | original virga box doll
Import OK for keyword_id=239272. Inserted 50 ads.
KwId: 13039 | Country: US | clock escapement
Import OK for keyword_id=13039. Inserted 50 ads.
KwId: 10651 | Country: US | bostitch floor nailer
Import OK for keyword_id=10651. Inserted 50 ads.
KwId: 68736 | Country: US | mickey thompson tires
Import OK for keyword_id=68736. Inserted 50 ads.
KwId: 61135 | Country: US | gibbard
Import OK for keyword_id=61135. Inserted 50 ads.
KwId: 95999 | Country: US | paul robert furniture
Import OK for keyword_id=95999. Inserted 8 ads.
KwId: 308347 | Country: US | antique drop leaf cart tea
Import OK for keyword_id=308347. Inserted 50 ads.
KwId: 73418 | Country: US | brute snowblower
Import OK for keyword_id=73418. Inserted 50 ads.
KwId: 13436 | Country: US | crash test dummies
Import OK for keyword_id=13436. Inserted 50 ads.
KwId: 78881 | Country: US | ridgid ts2400
Import OK for keyword_id=78881. Inserted 45 ads.
KwId: 197172 | Country: US | u step walker
Import OK for keyword_id=197172. Inserted 23 ads.
KwId: 77961 | Country: US | tractor chains
Import OK for keyword_id=77961. Inserted 50 ads.
KwId: 293150 | Country: US | wall roulette clock wheel
Import OK for keyword_id=293150. Inserted 16 ads.
KwId: 323842 | Country: US | light outside fixtures
Import OK for keyword_id=323842. Inserted 50 ads.
KwId: 377045 | Country: US | bendpak 2 post car lift
Import OK for keyword_id=377045. Inserted 50 ads.
KwId: 163966 | Country: US | maple framed mirror
Import OK for keyword_id=163966. Inserted 50 ads.
KwId: 264227 | Country: US | plush stuffed ducks goose
Import OK for keyword_id=264227. Inserted 48 ads.
KwId: 123582 | Country: US | geo safari talking microscope
Import OK for keyword_id=123582. Inserted 50 ads.
KwId: 109253 | Country: US | husqvarna 41
Import OK for keyword_id=109253. Inserted 50 ads.
KwId: 178264 | Country: US | 1983 autocar
Import OK for keyword_id=178264. Inserted 50 ads.
KwId: 88790 | Country: US | steam pressure washer
Import OK for keyword_id=88790. Inserted 50 ads.
KwId: 42235 | Country: US | champion dishwashers
Import OK for keyword_id=42235. Inserted 50 ads.
KwId: 335296 | Country: US | webb gary dark alliance
Import OK for keyword_id=335296. Inserted 35 ads.
KwId: 212976 | Country: US | mugs cow 4 elsie set
Import OK for keyword_id=212976. Inserted 23 ads.
KwId: 192446 | Country: US | chevy tahoe ltz rims 20
Import OK for keyword_id=192446. Inserted 50 ads.
KwId: 125558 | Country: US | party hats
Import OK for keyword_id=125558. Inserted 50 ads.
KwId: 172495 | Country: US | white bullnose tile
Import OK for keyword_id=172495. Inserted 50 ads.
KwId: 100649 | Country: US | kaeser air dryer
Import OK for keyword_id=100649. Inserted 50 ads.
KwId: 31916 | Country: US | scherenschnitte
Import OK for keyword_id=31916. Inserted 50 ads.
KwId: 132243 | Country: US | kenmore elite washing machine
Import OK for keyword_id=132243. Inserted 50 ads.
KwId: 26055 | Country: US | mirrored dresser
Import OK for keyword_id=26055. Inserted 50 ads.
KwId: 83762 | Country: US | genesis bow
Import OK for keyword_id=83762. Inserted 50 ads.
KwId: 44971 | Country: US | bose radio
Import OK for keyword_id=44971. Inserted 50 ads.
KwId: 30513 | Country: US | restoration hardware chair
Import OK for keyword_id=30513. Inserted 50 ads.
KwId: 217817 | Country: US | house siding rustic
Import OK for keyword_id=217817. Inserted 46 ads.
KwId: 107796 | Country: US | moog sub 37
Import OK for keyword_id=107796. Inserted 43 ads.
KwId: 27234 | Country: US | nut harvester
Import OK for keyword_id=27234. Inserted 50 ads.
KwId: 111386 | Country: US | pneumatic speargun
Import OK for keyword_id=111386. Inserted 50 ads.
KwId: 165781 | Country: US | sublime rome
Import OK for keyword_id=165781. Inserted 50 ads.
KwId: 229410 | Country: US | disney card tea
Import OK for keyword_id=229410. Inserted 50 ads.
KwId: 66713 | Country: US | vintage marbles knife
Import OK for keyword_id=66713. Inserted 50 ads.
KwId: 7389 | Country: US | air police badge
Import OK for keyword_id=7389. Inserted 50 ads.
KwId: 104392 | Country: US | hornady progressive reloading press
Import OK for keyword_id=104392. Inserted 50 ads.
KwId: 14299 | Country: US | detective badge
Import OK for keyword_id=14299. Inserted 50 ads.
KwId: 336552 | Country: US | bar full
Import OK for keyword_id=336552. Inserted 50 ads.
KwId: 346058 | Country: US | home kitten loving
Import OK for keyword_id=346058. Inserted 50 ads.
KwId: 71290 | Country: US | highboy dresser
Import OK for keyword_id=71290. Inserted 50 ads.
KwId: 91673 | Country: US | rip curl wetsuits
Import OK for keyword_id=91673. Inserted 50 ads.
KwId: 271448 | Country: US | sofa stressless ekornes
Import OK for keyword_id=271448. Inserted 50 ads.
KwId: 210665 | Country: US | ekornes leather office chair
Import OK for keyword_id=210665. Inserted 50 ads.
KwId: 75841 | Country: US | huichol yarn painting
Import OK for keyword_id=75841. Inserted 50 ads.
KwId: 182229 | Country: US | stressless sofa
Import OK for keyword_id=182229. Inserted 50 ads.
KwId: 127250 | Country: US | 5 handbags
Import OK for keyword_id=127250. Inserted 50 ads.
KwId: 29185 | Country: US | pond aerator
Import OK for keyword_id=29185. Inserted 50 ads.
KwId: 309573 | Country: US | accessories bags
Import OK for keyword_id=309573. Inserted 45 ads.
KwId: 59222 | Country: US | rossignol snowboard
Import OK for keyword_id=59222. Inserted 50 ads.
KwId: 25169 | Country: US | mercury cyclone
Import OK for keyword_id=25169. Inserted 50 ads.
KwId: 46222 | Country: US | steel reels
Import OK for keyword_id=46222. Inserted 50 ads.
KwId: 144209 | Country: US | custom epoxy river table
Import OK for keyword_id=144209. Inserted 50 ads.
KwId: 262114 | Country: US | different lot
Import OK for keyword_id=262114. Inserted 50 ads.
KwId: 64098 | Country: US | hard rock cafe seoul t shirt
Import OK for keyword_id=64098. Inserted 46 ads.
KwId: 225830 | Country: US | se yamaha yxz 2016 1000r
Import OK for keyword_id=225830. Inserted 50 ads.
KwId: 109675 | Country: US | prevost coach
Import OK for keyword_id=109675. Inserted 50 ads.
KwId: 100321 | Country: US | husqvarna 455
Import OK for keyword_id=100321. Inserted 50 ads.
KwId: 54309 | Country: US | parker vise
Import OK for keyword_id=54309. Inserted 50 ads.
KwId: 80395 | Country: US | adidas mania
Import OK for keyword_id=80395. Inserted 50 ads.
KwId: 152340 | Country: US | pro paver
Import OK for keyword_id=152340. Inserted 50 ads.
KwId: 78232 | Country: US | stick barometer
Import OK for keyword_id=78232. Inserted 50 ads.
KwId: 80400 | Country: US | adidas roundhouse mid
Import OK for keyword_id=80400. Inserted 50 ads.
KwId: 116059 | Country: US | lot 16 sunglasses
Import OK for keyword_id=116059. Inserted 50 ads.
KwId: 20953 | Country: US | interstate battery sign
Import OK for keyword_id=20953. Inserted 50 ads.
KwId: 122599 | Country: US | fabrics trims
Import OK for keyword_id=122599. Inserted 50 ads.
KwId: 60006 | Country: US | fletching jig
Import OK for keyword_id=60006. Inserted 49 ads.
KwId: 115015 | Country: US | wolves candle holder
Import OK for keyword_id=115015. Inserted 50 ads.
KwId: 79290 | Country: US | pipe crimper
Import OK for keyword_id=79290. Inserted 50 ads.
KwId: 43027 | Country: US | armillary sphere cast iron
Import OK for keyword_id=43027. Inserted 50 ads.
KwId: 13647 | Country: US | cranium hullabaloo
Import OK for keyword_id=13647. Inserted 50 ads.
KwId: 45784 | Country: US | cine kodak
Import OK for keyword_id=45784. Inserted 50 ads.
KwId: 44924 | Country: US | blitz cap
Import OK for keyword_id=44924. Inserted 50 ads.
KwId: 308471 | Country: US | bar vintage ratchet clamp
Import OK for keyword_id=308471. Inserted 20 ads.
KwId: 241308 | Country: US | sheet folding stand music
Import OK for keyword_id=241308. Inserted 50 ads.
KwId: 37075 | Country: US | watch tools
Import OK for keyword_id=37075. Inserted 50 ads.
KwId: 113755 | Country: US | ikea lamp shade
Import OK for keyword_id=113755. Inserted 50 ads.
KwId: 102801 | Country: US | 1911 sear spring
Import OK for keyword_id=102801. Inserted 50 ads.
KwId: 44802 | Country: US | bill validator
Import OK for keyword_id=44802. Inserted 50 ads.
KwId: 70075 | Country: US | mens inline skates
Import OK for keyword_id=70075. Inserted 50 ads.
KwId: 34378 | Country: US | taylor thermometer
Import OK for keyword_id=34378. Inserted 50 ads.
KwId: 64667 | Country: US | polaris sportsman
Import OK for keyword_id=64667. Inserted 50 ads.
KwId: 22114 | Country: US | keen kutter
Import OK for keyword_id=22114. Inserted 50 ads.
KwId: 253983 | Country: US | abs 2016 versys kawasaki 650
Import OK for keyword_id=253983. Inserted 50 ads.
KwId: 224711 | Country: US | metal planters 2
Import OK for keyword_id=224711. Inserted 50 ads.
KwId: 105480 | Country: US | pump jack system
Import OK for keyword_id=105480. Inserted 50 ads.
KwId: 8897 | Country: US | avon chess pieces
Import OK for keyword_id=8897. Inserted 50 ads.
KwId: 157529 | Country: US | magic magnet sticks set
Import OK for keyword_id=157529. Inserted 9 ads.
KwId: 4358 | Country: US | dunhill lighter silver
Import OK for keyword_id=4358. Inserted 50 ads.
KwId: 40540 | Country: US | toy chest little tikes
Import OK for keyword_id=40540. Inserted 50 ads.
KwId: 249602 | Country: US | dunlop 19 maxx sport
Import OK for keyword_id=249602. Inserted 50 ads.
KwId: 58461 | Country: US | minibe
Import OK for keyword_id=58461. Inserted 50 ads.
KwId: 37899 | Country: US | wurlitzer speaker
Import OK for keyword_id=37899. Inserted 50 ads.
KwId: 88621 | Country: US | sony pdw 700
Import OK for keyword_id=88621. Inserted 50 ads.
KwId: 265751 | Country: US | propane tanks rhino blue
Import OK for keyword_id=265751. Inserted 28 ads.
KwId: 97564 | Country: US | scintilla magneto
Import OK for keyword_id=97564. Inserted 50 ads.
KwId: 117237 | Country: US | oversized load sign
Import OK for keyword_id=117237. Inserted 50 ads.
KwId: 103124 | Country: US | abu garcia mgx
Import OK for keyword_id=103124. Inserted 50 ads.
KwId: 69816 | Country: US | old avon bottles
Import OK for keyword_id=69816. Inserted 50 ads.
KwId: 91400 | Country: US | naruto statue
Import OK for keyword_id=91400. Inserted 50 ads.
KwId: 105377 | Country: US | plycraft
Import OK for keyword_id=105377. Inserted 50 ads.
KwId: 29849 | Country: US | quilted maple
Import OK for keyword_id=29849. Inserted 50 ads.
KwId: 268419 | Country: US | oster roaster oven quart 18
Import OK for keyword_id=268419. Inserted 50 ads.
KwId: 78622 | Country: US | shimano caenan
Import OK for keyword_id=78622. Inserted 34 ads.
KwId: 328607 | Country: US | harley wide glide right side
Import OK for keyword_id=328607. Inserted 50 ads.
KwId: 154522 | Country: US | huge brass rubbing
Import OK for keyword_id=154522. Inserted 50 ads.
KwId: 171090 | Country: US | 2011 road king flhr
Import OK for keyword_id=171090. Inserted 47 ads.
KwId: 77950 | Country: US | traxxas rc trucks
Import OK for keyword_id=77950. Inserted 50 ads.
KwId: 74374 | Country: US | pinarello treviso
Import OK for keyword_id=74374. Inserted 50 ads.
KwId: 47886 | Country: US | vintage stuffed animals rabbits bunny
Import OK for keyword_id=47886. Inserted 50 ads.
KwId: 190284 | Country: US | 3 little giant incubators
Import OK for keyword_id=190284. Inserted 43 ads.
KwId: 10289 | Country: US | bollywood post cards
Import OK for keyword_id=10289. Inserted 50 ads.
KwId: 94557 | Country: US | expedition bike
Import OK for keyword_id=94557. Inserted 50 ads.
KwId: 90139 | Country: US | yuengling beer
Import OK for keyword_id=90139. Inserted 50 ads.
KwId: 180970 | Country: US | air conditioner 10 000 btu
Import OK for keyword_id=180970. Inserted 50 ads.
KwId: 330725 | Country: US | mirror dresser bedroom w
Import OK for keyword_id=330725. Inserted 50 ads.
KwId: 40444 | Country: US | telescope 80
Import OK for keyword_id=40444. Inserted 50 ads.
KwId: 10532 | Country: US | brass aladdin lamp
Import OK for keyword_id=10532. Inserted 50 ads.
KwId: 193609 | Country: US | lexus 300rx
Import OK for keyword_id=193609. Inserted 50 ads.
KwId: 46065 | Country: US | cold painted bronze
Import OK for keyword_id=46065. Inserted 50 ads.
KwId: 109156 | Country: US | betamax sony
Import OK for keyword_id=109156. Inserted 50 ads.
KwId: 12341 | Country: US | chevy truck cap
Import OK for keyword_id=12341. Inserted 50 ads.
KwId: 73846 | Country: US | barber pole light
Import OK for keyword_id=73846. Inserted 50 ads.
KwId: 27522 | Country: US | occupied japan toys
Import OK for keyword_id=27522. Inserted 50 ads.
KwId: 236013 | Country: US | 1903 piano
Import OK for keyword_id=236013. Inserted 50 ads.
KwId: 241274 | Country: US | antique playing box card
Import OK for keyword_id=241274. Inserted 46 ads.
KwId: 42731 | Country: US | optolyth binoculars
Import OK for keyword_id=42731. Inserted 16 ads.
KwId: 237863 | Country: US | verizon samsung 8 note
Import OK for keyword_id=237863. Inserted 50 ads.
KwId: 113061 | Country: US | lexus mark levinson amplifier
Import OK for keyword_id=113061. Inserted 50 ads.
KwId: 19962 | Country: US | honda st1100
Import OK for keyword_id=19962. Inserted 50 ads.
KwId: 144411 | Country: US | conair travel hair dryer
Import OK for keyword_id=144411. Inserted 50 ads.
KwId: 57322 | Country: US | quattro fx
Import OK for keyword_id=57322. Inserted 50 ads.
KwId: 97156 | Country: US | home weight set
Import OK for keyword_id=97156. Inserted 50 ads.
KwId: 5953 | Country: US | bench frame
Import OK for keyword_id=5953. Inserted 50 ads.
KwId: 274784 | Country: US | floor 2 halogen lamps
Import OK for keyword_id=274784. Inserted 50 ads.
KwId: 95575 | Country: US | match holder
Import OK for keyword_id=95575. Inserted 50 ads.
KwId: 28967 | Country: US | polar express bell
Import OK for keyword_id=28967. Inserted 50 ads.
KwId: 295532 | Country: US | bar ends rosie ibis
Import OK for keyword_id=295532. Inserted 6 ads.
KwId: 324126 | Country: US | defence byrna self
Import OK for keyword_id=324126. Inserted 50 ads.
KwId: 35636 | Country: US | turner wall
Import OK for keyword_id=35636. Inserted 50 ads.
KwId: 90432 | Country: US | bernat blanket yarn
Import OK for keyword_id=90432. Inserted 50 ads.
KwId: 81254 | Country: US | bmx mags
Import OK for keyword_id=81254. Inserted 50 ads.
KwId: 42623 | Country: US | escada cologne
Import OK for keyword_id=42623. Inserted 50 ads.
KwId: 97370 | Country: US | fractal axe fx
Import OK for keyword_id=97370. Inserted 50 ads.
KwId: 121469 | Country: US | audi a6 2006
Import OK for keyword_id=121469. Inserted 50 ads.
KwId: 72296 | Country: US | newcomb pottery
Import OK for keyword_id=72296. Inserted 38 ads.
KwId: 73483 | Country: US | bowl lathe
Import OK for keyword_id=73483. Inserted 50 ads.
KwId: 99295 | Country: US | daisy bb gun
Import OK for keyword_id=99295. Inserted 50 ads.
KwId: 60670 | Country: US | globe slicer 3600
Import OK for keyword_id=60670. Inserted 50 ads.
KwId: 187270 | Country: US | us classic golf arcade game
Import OK for keyword_id=187270. Inserted 50 ads.
KwId: 219439 | Country: US | 2 classic car t shirts
Import OK for keyword_id=219439. Inserted 50 ads.
KwId: 289190 | Country: US | light hanging custom
Import OK for keyword_id=289190. Inserted 50 ads.
KwId: 56145 | Country: US | smoking stand
Import OK for keyword_id=56145. Inserted 50 ads.
KwId: 4488 | Country: US | vintage milk bottles half pint
Import OK for keyword_id=4488. Inserted 50 ads.
KwId: 36950 | Country: US | walmart bear
Import OK for keyword_id=36950. Inserted 50 ads.
KwId: 95323 | Country: US | kuiu backpack
Import OK for keyword_id=95323. Inserted 15 ads.
KwId: 107533 | Country: US | rickenbacker 360 fireglo
Import OK for keyword_id=107533. Inserted 50 ads.
KwId: 48842 | Country: US | copic
Import OK for keyword_id=48842. Inserted 47 ads.
KwId: 8593 | Country: US | asian wall panels
Import OK for keyword_id=8593. Inserted 50 ads.
KwId: 106853 | Country: US | split leaf philodendron
Import OK for keyword_id=106853. Inserted 47 ads.
KwId: 85887 | Country: US | maple bonsai
Import OK for keyword_id=85887. Inserted 50 ads.
KwId: 330683 | Country: US | game tech v count
Import OK for keyword_id=330683. Inserted 6 ads.
KwId: 66033 | Country: US | venturi vent
Import OK for keyword_id=66033. Inserted 50 ads.
KwId: 46712 | Country: US | thermal image camera
Import OK for keyword_id=46712. Inserted 50 ads.
KwId: 81267 | Country: US | boattail speedster
Import OK for keyword_id=81267. Inserted 50 ads.
KwId: 126566 | Country: US | pearl mirror chrome drums
Import OK for keyword_id=126566. Inserted 23 ads.
KwId: 194188 | Country: US | 2015 bmw 535d diesel
Import OK for keyword_id=194188. Inserted 50 ads.
KwId: 255049 | Country: US | emerald jewelry crown set
Import OK for keyword_id=255049. Inserted 50 ads.
KwId: 88281 | Country: US | selmer mark vi alto
Import OK for keyword_id=88281. Inserted 50 ads.
KwId: 305705 | Country: US | lg monitor 27 c usb 4k
Import OK for keyword_id=305705. Inserted 50 ads.
KwId: 287303 | Country: US | retail s series xbox
Import OK for keyword_id=287303. Inserted 43 ads.
KwId: 347866 | Country: US | porcelain glass doll case
Import OK for keyword_id=347866. Inserted 50 ads.
KwId: 83355 | Country: US | flat driftwood
Import OK for keyword_id=83355. Inserted 50 ads.
KwId: 18738 | Country: US | gorham crystal nativity
Import OK for keyword_id=18738. Inserted 50 ads.
KwId: 9929 | Country: US | bissell carpet sweeper
Import OK for keyword_id=9929. Inserted 50 ads.
KwId: 173422 | Country: US | 2 2600mah batteries
Import OK for keyword_id=173422. Inserted 48 ads.
KwId: 145441 | Country: US | izzo golf practice net
Import OK for keyword_id=145441. Inserted 50 ads.
KwId: 113785 | Country: US | corvette 1978
Import OK for keyword_id=113785. Inserted 50 ads.
KwId: 342597 | Country: US | poe netgear gs728tp switch
Import OK for keyword_id=342597. Inserted 50 ads.
KwId: 16756 | Country: US | fila borg
Import OK for keyword_id=16756. Inserted 50 ads.
KwId: 237162 | Country: US | boy 12 neon play
Import OK for keyword_id=237162. Inserted 50 ads.
KwId: 44325 | Country: US | aqualung titan
Import OK for keyword_id=44325. Inserted 50 ads.
KwId: 23502 | Country: US | lillian russell
Import OK for keyword_id=23502. Inserted 50 ads.
KwId: 63138 | Country: US | walkblaster
Skip: <= 5 products in JSON.
Import OK for keyword_id=63138. Inserted 2 ads.
KwId: 208549 | Country: US | hawaiian airline credit
Import OK for keyword_id=208549. Inserted 7 ads.
KwId: 37574 | Country: US | wooden barrel
Import OK for keyword_id=37574. Inserted 50 ads.
KwId: 103868 | Country: US | diesel fuel storage tanks
Import OK for keyword_id=103868. Inserted 50 ads.
KwId: 50855 | Country: US | handmade braided rug
Import OK for keyword_id=50855. Inserted 50 ads.
KwId: 103781 | Country: US | curbing equipment
Import OK for keyword_id=103781. Inserted 50 ads.
KwId: 72624 | Country: US | diving cylinder
Import OK for keyword_id=72624. Inserted 50 ads.
KwId: 30644 | Country: US | roco minitanks
Import OK for keyword_id=30644. Inserted 45 ads.
KwId: 86354 | Country: US | moluccan cockatoo
Import OK for keyword_id=86354. Inserted 50 ads.
KwId: 330463 | Country: US | nativity unusual scene
Import OK for keyword_id=330463. Inserted 50 ads.
KwId: 78264 | Country: US | stagg guitars
Import OK for keyword_id=78264. Inserted 50 ads.
KwId: 76310 | Country: US | antique lionel train sets
Import OK for keyword_id=76310. Inserted 50 ads.
KwId: 68549 | Country: US | vac
Import OK for keyword_id=68549. Inserted 50 ads.
KwId: 86735 | Country: US | numark cd mix 2
Import OK for keyword_id=86735. Inserted 50 ads.
KwId: 43630 | Country: US | agilent power supply
Import OK for keyword_id=43630. Inserted 50 ads.
KwId: 97093 | Country: US | diono car seat
Import OK for keyword_id=97093. Inserted 50 ads.
KwId: 88975 | Country: US | suunto d6i
Import OK for keyword_id=88975. Inserted 50 ads.
KwId: 9902 | Country: US | binary arts
Import OK for keyword_id=9902. Inserted 50 ads.
KwId: 112001 | Country: US | trail painted ponies
Import OK for keyword_id=112001. Inserted 50 ads.
KwId: 110193 | Country: US | bulldog breaker
Import OK for keyword_id=110193. Inserted 50 ads.
KwId: 18342 | Country: US | gibson everyday
Import OK for keyword_id=18342. Inserted 50 ads.
KwId: 105526 | Country: US | reality works baby
Import OK for keyword_id=105526. Inserted 50 ads.
KwId: 15048 | Country: US | dog backpack
Import OK for keyword_id=15048. Inserted 50 ads.
KwId: 202745 | Country: US | shimano acera x hub
Import OK for keyword_id=202745. Inserted 25 ads.
KwId: 116233 | Country: US | decorative ceiling light
Import OK for keyword_id=116233. Inserted 50 ads.
KwId: 35131 | Country: US | toyota corona
Import OK for keyword_id=35131. Inserted 50 ads.
KwId: 86761 | Country: US | oakley hockey visor
Import OK for keyword_id=86761. Inserted 29 ads.
KwId: 134474 | Country: US | xbox call duty ghosts
Import OK for keyword_id=134474. Inserted 50 ads.
KwId: 128850 | Country: US | 3 towers
Import OK for keyword_id=128850. Inserted 50 ads.
KwId: 65256 | Country: US | gm navigation radio
Import OK for keyword_id=65256. Inserted 45 ads.
KwId: 20249 | Country: US | hotel flatware
Import OK for keyword_id=20249. Inserted 50 ads.
KwId: 99830 | Country: US | ford courier truck
Import OK for keyword_id=99830. Inserted 50 ads.
KwId: 109405 | Country: US | verdun medal
Import OK for keyword_id=109405. Inserted 50 ads.
KwId: 346274 | Country: US | sedan forte ex 4d 2014 kia
Import OK for keyword_id=346274. Inserted 7 ads.
KwId: 226448 | Country: US | bundle playstation sony 5
Import OK for keyword_id=226448. Inserted 50 ads.
KwId: 9273 | Country: US | bandsaw fence
Import OK for keyword_id=9273. Inserted 50 ads.
KwId: 113043 | Country: US | allen bradley micrologix 1000
Import OK for keyword_id=113043. Inserted 50 ads.
KwId: 307938 | Country: US | car 2007 hauler
Import OK for keyword_id=307938. Inserted 50 ads.
KwId: 101384 | Country: US | motor tricycle
Import OK for keyword_id=101384. Inserted 50 ads.
KwId: 59161 | Country: US | easton xl1
Import OK for keyword_id=59161. Inserted 50 ads.
KwId: 112676 | Country: US | lycoming aircraft engine
Import OK for keyword_id=112676. Inserted 50 ads.
KwId: 60888 | Country: US | rc100s kart
Import OK for keyword_id=60888. Inserted 26 ads.
KwId: 33769 | Country: US | subaru justy
Import OK for keyword_id=33769. Inserted 50 ads.
KwId: 59120 | Country: US | certanium
Import OK for keyword_id=59120. Inserted 50 ads.
KwId: 72306 | Country: US | nephrite jade
Import OK for keyword_id=72306. Inserted 50 ads.
KwId: 89819 | Country: US | wheelabrator
Import OK for keyword_id=89819. Inserted 50 ads.
KwId: 292967 | Country: US | jacket leather real skin lamb
Import OK for keyword_id=292967. Inserted 50 ads.
KwId: 257790 | Country: US | gloves wet suit
Import OK for keyword_id=257790. Inserted 50 ads.
KwId: 66672 | Country: US | cummins p7100
Import OK for keyword_id=66672. Inserted 50 ads.
KwId: 177515 | Country: US | 27 75hz 1080p gaming monitor
Import OK for keyword_id=177515. Inserted 50 ads.
KwId: 16928 | Country: US | filet crochet
Import OK for keyword_id=16928. Inserted 50 ads.
KwId: 104252 | Country: US | graco 390 airless paint sprayer
Import OK for keyword_id=104252. Inserted 50 ads.
KwId: 110177 | Country: US | barbri conviser
Import OK for keyword_id=110177. Inserted 50 ads.
KwId: 13943 | Country: US | cut velvet fabric
Import OK for keyword_id=13943. Inserted 50 ads.
KwId: 57762 | Country: US | screen ctp
Import OK for keyword_id=57762. Inserted 50 ads.
KwId: 52028 | Country: US | jungle book pin
Import OK for keyword_id=52028. Inserted 50 ads.
KwId: 81907 | Country: US | charles eames
Import OK for keyword_id=81907. Inserted 50 ads.
KwId: 112701 | Country: US | self centering dowel jig
Import OK for keyword_id=112701. Inserted 50 ads.
KwId: 31805 | Country: US | sand knit jersey
Import OK for keyword_id=31805. Inserted 50 ads.
KwId: 246249 | Country: US | couch bookcases chair
Import OK for keyword_id=246249. Inserted 50 ads.
KwId: 190592 | Country: US | 2014 honda pilot exl
Import OK for keyword_id=190592. Inserted 50 ads.
KwId: 205685 | Country: US | loog mini guitar strap
Import OK for keyword_id=205685. Inserted 17 ads.
KwId: 60514 | Country: US | baker guitar
Import OK for keyword_id=60514. Inserted 50 ads.
KwId: 238807 | Country: US | 1981 battleship vintage game
Import OK for keyword_id=238807. Inserted 50 ads.
KwId: 70718 | Country: US | karate weapons
Import OK for keyword_id=70718. Inserted 50 ads.
KwId: 192588 | Country: US | mack boom truck
Import OK for keyword_id=192588. Inserted 31 ads.
KwId: 49684 | Country: US | electronic monopoly
Import OK for keyword_id=49684. Inserted 50 ads.
KwId: 28061 | Country: US | patrik ervell
Import OK for keyword_id=28061. Inserted 50 ads.
KwId: 325451 | Country: US | bmw 2018 g310 gs
Import OK for keyword_id=325451. Inserted 50 ads.
KwId: 21202 | Country: US | jake skull
Import OK for keyword_id=21202. Inserted 50 ads.
KwId: 5561 | Country: US | bernina design card
Import OK for keyword_id=5561. Inserted 50 ads.
KwId: 290254 | Country: US | frame wood photo large
Import OK for keyword_id=290254. Inserted 50 ads.
KwId: 96851 | Country: US | washer parts
Import OK for keyword_id=96851. Inserted 50 ads.
KwId: 56404 | Country: US | spinosaurus
Import OK for keyword_id=56404. Inserted 50 ads.
KwId: 85250 | Country: US | korg pa800
Import OK for keyword_id=85250. Inserted 50 ads.
KwId: 30485 | Country: US | reindeer stocking holder
Import OK for keyword_id=30485. Inserted 50 ads.
KwId: 76526 | Country: US | 1911 frame
Import OK for keyword_id=76526. Inserted 50 ads.
KwId: 97084 | Country: US | curb ramp
Import OK for keyword_id=97084. Inserted 50 ads.
KwId: 24459 | Country: US | mahogany bedroom set
Import OK for keyword_id=24459. Inserted 50 ads.
KwId: 64023 | Country: US | gleaner r62
Import OK for keyword_id=64023. Inserted 50 ads.
KwId: 39219 | Country: US | folding chair
Import OK for keyword_id=39219. Inserted 50 ads.
KwId: 59381 | Country: US | motorific cars
Import OK for keyword_id=59381. Inserted 50 ads.
KwId: 27197 | Country: US | nixon poster
Import OK for keyword_id=27197. Inserted 50 ads.
KwId: 10224 | Country: US | bmw leather jacket
Import OK for keyword_id=10224. Inserted 50 ads.
KwId: 49187 | Country: US | dagger letter opener
Import OK for keyword_id=49187. Inserted 50 ads.
KwId: 9532 | Country: US | belgique cookware
Import OK for keyword_id=9532. Inserted 49 ads.
KwId: 217432 | Country: US | cordless weed wacker
Import OK for keyword_id=217432. Inserted 50 ads.
KwId: 289556 | Country: US | nuts 16 x t 7 3 8
Import OK for keyword_id=289556. Inserted 50 ads.
KwId: 12972 | Country: US | clay art cookie jar
Import OK for keyword_id=12972. Inserted 50 ads.
KwId: 29854 | Country: US | r w berries
Import OK for keyword_id=29854. Inserted 50 ads.
KwId: 91324 | Country: US | megabass vision 110
Import OK for keyword_id=91324. Inserted 50 ads.
KwId: 63997 | Country: US | ryobi expand
Import OK for keyword_id=63997. Inserted 50 ads.
KwId: 330734 | Country: US | 50 harper jersey bryce
Import OK for keyword_id=330734. Inserted 50 ads.
KwId: 20549 | Country: US | hungarian porcelain
Import OK for keyword_id=20549. Inserted 50 ads.
KwId: 200619 | Country: US | photo 3 panel
Import OK for keyword_id=200619. Inserted 50 ads.
KwId: 242701 | Country: US | 4 v starter wisconsin
Import OK for keyword_id=242701. Inserted 50 ads.
KwId: 117881 | Country: US | bathroom lighting fixture
Import OK for keyword_id=117881. Inserted 50 ads.
KwId: 330325 | Country: US | xr6000 xride octane
Skip: <= 5 products in JSON.
Import OK for keyword_id=330325. Inserted 2 ads.
KwId: 184646 | Country: US | porth s pathophysiology
Import OK for keyword_id=184646. Inserted 50 ads.
KwId: 16850 | Country: US | fiat 128
Import OK for keyword_id=16850. Inserted 50 ads.
KwId: 172650 | Country: US | 2016 honda civic sedan lx
Import OK for keyword_id=172650. Inserted 50 ads.
KwId: 125234 | Country: US | scuba snorkel gear
Import OK for keyword_id=125234. Inserted 50 ads.
KwId: 174255 | Country: US | 2010 audi a5 quattro
Import OK for keyword_id=174255. Inserted 50 ads.
KwId: 29251 | Country: US | power rangers watch
Import OK for keyword_id=29251. Inserted 50 ads.
KwId: 112162 | Country: US | logitech racing wheel
Import OK for keyword_id=112162. Inserted 50 ads.
KwId: 89963 | Country: US | wrestling ring
Import OK for keyword_id=89963. Inserted 50 ads.
KwId: 67453 | Country: US | panasonic sc board
Import OK for keyword_id=67453. Inserted 50 ads.
KwId: 181240 | Country: US | 3 microphone stands
Import OK for keyword_id=181240. Inserted 50 ads.
KwId: 40503 | Country: US | teak storage boxes
Import OK for keyword_id=40503. Inserted 50 ads.
KwId: 59082 | Country: US | coats tire changer
Import OK for keyword_id=59082. Inserted 46 ads.
KwId: 297927 | Country: US | parker equipment case
Import OK for keyword_id=297927. Inserted 50 ads.
KwId: 58137 | Country: US | hurst shifter lightning rod
Import OK for keyword_id=58137. Inserted 35 ads.
KwId: 23139 | Country: US | lego mansion
Import OK for keyword_id=23139. Inserted 50 ads.
KwId: 48119 | Country: US | weatherby
Import OK for keyword_id=48119. Inserted 50 ads.
KwId: 308432 | Country: US | 4 45zr17 225 tires
Import OK for keyword_id=308432. Inserted 50 ads.
KwId: 4095 | Country: US | mobil oil bottle
Import OK for keyword_id=4095. Inserted 50 ads.
KwId: 27115 | Country: US | nikken aqua pour
Import OK for keyword_id=27115. Inserted 50 ads.
KwId: 55527 | Country: US | rr lantern
Import OK for keyword_id=55527. Inserted 50 ads.
KwId: 30885 | Country: US | rochester lamp
Import OK for keyword_id=30885. Inserted 45 ads.
KwId: 49168 | Country: US | dock light
Import OK for keyword_id=49168. Inserted 50 ads.
KwId: 47430 | Country: US | victorian gingerbread
Import OK for keyword_id=47430. Inserted 50 ads.
KwId: 266947 | Country: US | electra basket cruiser
Import OK for keyword_id=266947. Inserted 36 ads.
KwId: 49982 | Country: US | final fantasy silver
Import OK for keyword_id=49982. Inserted 46 ads.
KwId: 169909 | Country: US | wagan personal warmer cooler
Import OK for keyword_id=169909. Inserted 40 ads.
KwId: 176502 | Country: US | colorful child desk
Import OK for keyword_id=176502. Inserted 50 ads.
KwId: 11300 | Country: US | burwood mirror
Import OK for keyword_id=11300. Inserted 50 ads.
KwId: 47786 | Country: US | vintage jukebox
Import OK for keyword_id=47786. Inserted 50 ads.
KwId: 92971 | Country: US | 1889 cc morgan dollar
Import OK for keyword_id=92971. Inserted 50 ads.
KwId: 82009 | Country: US | christmas carousel
Import OK for keyword_id=82009. Inserted 50 ads.
KwId: 107182 | Country: US | industrial chiller
Import OK for keyword_id=107182. Inserted 50 ads.
KwId: 87866 | Country: US | roland hd1
Import OK for keyword_id=87866. Inserted 50 ads.
KwId: 132111 | Country: US | reptile glass aquarium
Import OK for keyword_id=132111. Inserted 50 ads.
KwId: 75363 | Country: US | van halen t shirts
Import OK for keyword_id=75363. Inserted 50 ads.
KwId: 138853 | Country: US | tons electronics
Import OK for keyword_id=138853. Inserted 42 ads.
KwId: 82098 | Country: US | cnc od grinder
Import OK for keyword_id=82098. Inserted 22 ads.
KwId: 90670 | Country: US | compustar remote start
Import OK for keyword_id=90670. Inserted 50 ads.
KwId: 212865 | Country: US | game sony 4 playstation
Import OK for keyword_id=212865. Inserted 50 ads.
KwId: 70649 | Country: US | kinder maxi egg
Import OK for keyword_id=70649. Inserted 50 ads.
KwId: 82260 | Country: US | conex box
Import OK for keyword_id=82260. Inserted 50 ads.
KwId: 176419 | Country: US | break room furniture
Import OK for keyword_id=176419. Inserted 50 ads.
KwId: 110005 | Country: US | peru artifacts
Import OK for keyword_id=110005. Inserted 50 ads.
KwId: 80115 | Country: US | 4 track recorder
Import OK for keyword_id=80115. Inserted 50 ads.
KwId: 82431 | Country: US | custom chopper frames
Import OK for keyword_id=82431. Inserted 50 ads.
KwId: 163776 | Country: US | black mesh chair
Import OK for keyword_id=163776. Inserted 50 ads.
KwId: 106237 | Country: US | wintec isabell
Import OK for keyword_id=106237. Inserted 33 ads.
KwId: 33917 | Country: US | studebaker lark
Import OK for keyword_id=33917. Inserted 50 ads.
KwId: 127165 | Country: US | architectural print
Import OK for keyword_id=127165. Inserted 50 ads.
KwId: 101261 | Country: US | meteorite slab
Import OK for keyword_id=101261. Inserted 50 ads.
KwId: 101205 | Country: US | medela symphony hospital grade breast pump
Import OK for keyword_id=101205. Inserted 50 ads.
KwId: 27515 | Country: US | omp
Import OK for keyword_id=27515. Inserted 50 ads.
KwId: 262479 | Country: US | obermeyer kids ski jacket
Import OK for keyword_id=262479. Inserted 50 ads.
KwId: 10118 | Country: US | bionicle mcdonalds
Import OK for keyword_id=10118. Inserted 41 ads.
KwId: 7178 | Country: US | 3 hp router
Import OK for keyword_id=7178. Inserted 50 ads.
KwId: 17466 | Country: US | gail pittman
Import OK for keyword_id=17466. Inserted 50 ads.
KwId: 52250 | Country: US | kodak 110 camera
Import OK for keyword_id=52250. Inserted 47 ads.
KwId: 99143 | Country: US | concept rower
Import OK for keyword_id=99143. Inserted 50 ads.
KwId: 32258 | Country: US | ships bell
Import OK for keyword_id=32258. Inserted 46 ads.
KwId: 114812 | Country: US | mainframe racks
Import OK for keyword_id=114812. Inserted 50 ads.
KwId: 103647 | Country: US | chevelle malibu ss
Import OK for keyword_id=103647. Inserted 50 ads.
KwId: 29115 | Country: US | pontoon boat
Import OK for keyword_id=29115. Inserted 50 ads.
KwId: 97374 | Country: US | frank sinatra hats
Import OK for keyword_id=97374. Inserted 50 ads.
KwId: 78317 | Country: US | spiderman statue
Import OK for keyword_id=78317. Inserted 50 ads.
KwId: 76442 | Country: US | 60 gallon aquarium
Import OK for keyword_id=76442. Inserted 50 ads.
KwId: 77729 | Country: US | venini vase
Import OK for keyword_id=77729. Inserted 50 ads.
KwId: 88427 | Country: US | silverado console
Import OK for keyword_id=88427. Inserted 50 ads.
KwId: 4992 | Country: US | antenna coax switch
Import OK for keyword_id=4992. Inserted 44 ads.
KwId: 21547 | Country: US | joe camel ashtray
Import OK for keyword_id=21547. Inserted 50 ads.
KwId: 72046 | Country: US | exotic wood
Import OK for keyword_id=72046. Inserted 50 ads.
KwId: 73314 | Country: US | camping fridge freezer
Import OK for keyword_id=73314. Inserted 50 ads.
KwId: 1045 | Country: US | coach holiday patchwork bag
Import OK for keyword_id=1045. Inserted 50 ads.
KwId: 69710 | Country: US | old solid wood doors
Import OK for keyword_id=69710. Inserted 50 ads.
KwId: 289033 | Country: US | school jam
Import OK for keyword_id=289033. Inserted 50 ads.
KwId: 99775 | Country: US | fireplace hood
Import OK for keyword_id=99775. Inserted 50 ads.
KwId: 63704 | Country: US | low fog machine
Import OK for keyword_id=63704. Inserted 50 ads.
KwId: 159519 | Country: US | heater 700
Import OK for keyword_id=159519. Inserted 50 ads.
KwId: 154618 | Country: US | 1999 land rover discovery 4wd
Import OK for keyword_id=154618. Inserted 50 ads.
KwId: 150174 | Country: US | estes rocket kits
Import OK for keyword_id=150174. Inserted 50 ads.
KwId: 75415 | Country: US | thermal arc welders
Import OK for keyword_id=75415. Inserted 50 ads.
KwId: 46665 | Country: US | test equip
Import OK for keyword_id=46665. Inserted 50 ads.
KwId: 324197 | Country: US | steel left hand door
Import OK for keyword_id=324197. Inserted 50 ads.
KwId: 92289 | Country: US | mini bonsai
Import OK for keyword_id=92289. Inserted 50 ads.
KwId: 32677 | Country: US | skeleton key lock
Import OK for keyword_id=32677. Inserted 50 ads.
KwId: 108019 | Country: US | abloy
Import OK for keyword_id=108019. Inserted 50 ads.
KwId: 145308 | Country: US | wardrobe cabinets
Import OK for keyword_id=145308. Inserted 50 ads.
KwId: 33711 | Country: US | strawbridge clothier
Import OK for keyword_id=33711. Inserted 50 ads.
KwId: 310968 | Country: US | davies poster ray
Import OK for keyword_id=310968. Inserted 50 ads.
KwId: 82938 | Country: US | eagle gas cans
Import OK for keyword_id=82938. Inserted 50 ads.
KwId: 85811 | Country: US | mackie d8b
Import OK for keyword_id=85811. Inserted 50 ads.
KwId: 57937 | Country: US | powerlifting belt
Import OK for keyword_id=57937. Inserted 50 ads.
KwId: 68822 | Country: US | ck35 brother knitting machine
Import OK for keyword_id=68822. Inserted 50 ads.
KwId: 98945 | Country: US | caterpillar backhoe loader
Import OK for keyword_id=98945. Inserted 50 ads.
KwId: 120787 | Country: US | kids girls bike
Import OK for keyword_id=120787. Inserted 50 ads.
KwId: 220586 | Country: US | sockets pop
Import OK for keyword_id=220586. Inserted 50 ads.
KwId: 300385 | Country: US | photo artistic
Import OK for keyword_id=300385. Inserted 50 ads.
KwId: 53322 | Country: US | mens wrestling singlet
Import OK for keyword_id=53322. Inserted 47 ads.
KwId: 58292 | Country: US | rulons
Import OK for keyword_id=58292. Inserted 50 ads.
KwId: 42968 | Country: US | fender mustang ii
Import OK for keyword_id=42968. Inserted 50 ads.
KwId: 82896 | Country: US | dunnett snare
Import OK for keyword_id=82896. Inserted 49 ads.
KwId: 184942 | Country: US | jordan retro high 1
Import OK for keyword_id=184942. Inserted 50 ads.
KwId: 84099 | Country: US | halo cosplay
Import OK for keyword_id=84099. Inserted 50 ads.
KwId: 6005 | Country: US | 10 bench grinder
Import OK for keyword_id=6005. Inserted 50 ads.
KwId: 69660 | Country: US | onkyo amplifier
Import OK for keyword_id=69660. Inserted 50 ads.
KwId: 77471 | Country: US | bump key
Import OK for keyword_id=77471. Inserted 50 ads.
KwId: 158776 | Country: US | 1972 chevrolet c 10 step side
Import OK for keyword_id=158776. Inserted 50 ads.
KwId: 81313 | Country: US | bombay chairs
Import OK for keyword_id=81313. Inserted 50 ads.
KwId: 167888 | Country: US | quality poker chips
Import OK for keyword_id=167888. Inserted 50 ads.
KwId: 226492 | Country: US | dark pokemon charizard 21 82
Import OK for keyword_id=226492. Inserted 50 ads.
KwId: 76536 | Country: US | 1256 international tractor
Import OK for keyword_id=76536. Inserted 50 ads.
KwId: 349726 | Country: US | 1500 ram 09 crew cab
Import OK for keyword_id=349726. Inserted 50 ads.
KwId: 175323 | Country: US | large gathering table
Import OK for keyword_id=175323. Inserted 50 ads.
KwId: 282400 | Country: US | k s set socket tools
Import OK for keyword_id=282400. Inserted 50 ads.
KwId: 71289 | Country: US | hilti laser level
Import OK for keyword_id=71289. Inserted 50 ads.
KwId: 129679 | Country: US | outdoor spotlight
Import OK for keyword_id=129679. Inserted 50 ads.
KwId: 45915 | Country: US | charles diana wedding plate
Import OK for keyword_id=45915. Inserted 50 ads.
KwId: 103508 | Country: US | budda amps
Import OK for keyword_id=103508. Inserted 19 ads.
*** End of crawl for US (keywords: 500) | 2025-11-29 10:34:38
