Country passed : de
Crawling of 500 starting
*** Start crawling : 2025-12-09 05:20:17 | MAX KW : 500 | Country : DE
KwId: 198234 | Country: DE | eufab ladegerat
Import OK for keyword_id=198234. Inserted 48 ads.
KwId: 222502 | Country: DE | typ ii serie
Import OK for keyword_id=222502. Inserted 48 ads.
KwId: 206979 | Country: DE | tablet 10 gps
Import OK for keyword_id=206979. Inserted 48 ads.
KwId: 184105 | Country: DE | schmalspurtraktor allrad
Import OK for keyword_id=184105. Inserted 48 ads.
KwId: 213849 | Country: DE | a21 samsung s galaxy
Import OK for keyword_id=213849. Inserted 48 ads.
KwId: 172094 | Country: DE | suzuki gsx r 600 weiß
Import OK for keyword_id=172094. Inserted 48 ads.
KwId: 125796 | Country: DE | philips infraphil
Import OK for keyword_id=125796. Inserted 48 ads.
KwId: 183121 | Country: DE | erco pendelleuchte
Import OK for keyword_id=183121. Inserted 46 ads.
KwId: 179543 | Country: DE | junkers heiztherme
Import OK for keyword_id=179543. Inserted 48 ads.
KwId: 162399 | Country: DE | barbie popstar puppe
Import OK for keyword_id=162399. Inserted 48 ads.
KwId: 61197 | Country: DE | serviettenhalter silber
Import OK for keyword_id=61197. Inserted 48 ads.
KwId: 75956 | Country: DE | agfeo
Import OK for keyword_id=75956. Inserted 48 ads.
KwId: 63941 | Country: DE | nike flip flops
Import OK for keyword_id=63941. Inserted 48 ads.
KwId: 37375 | Country: DE | yamaha dolby digital verstarker
Import OK for keyword_id=37375. Inserted 48 ads.
KwId: 55186 | Country: DE | michael jackson bravo
Import OK for keyword_id=55186. Inserted 48 ads.
KwId: 37291 | Country: DE | segeljolle atlanta
Skip: <= 5 products in JSON.
Import OK for keyword_id=37291. Inserted 4 ads.
KwId: 27358 | Country: DE | opel vectra 4x4 turbo
Import OK for keyword_id=27358. Inserted 48 ads.
KwId: 69537 | Country: DE | arbortech
Import OK for keyword_id=69537. Inserted 48 ads.
KwId: 38081 | Country: DE | chart attack winter
Import OK for keyword_id=38081. Inserted 10 ads.
KwId: 106247 | Country: DE | janosch sticken
Import OK for keyword_id=106247. Inserted 43 ads.
KwId: 63979 | Country: DE | latexhandschuhe
Import OK for keyword_id=63979. Inserted 48 ads.
KwId: 102151 | Country: DE | heilpraktikerprufung
Skip: <= 5 products in JSON.
Import OK for keyword_id=102151. Inserted 0 ads.
KwId: 28529 | Country: DE | r1150r rockster
Import OK for keyword_id=28529. Inserted 48 ads.
KwId: 209174 | Country: DE | thomas bug
Import OK for keyword_id=209174. Inserted 48 ads.
KwId: 76505 | Country: DE | alpaca mantel
Import OK for keyword_id=76505. Inserted 48 ads.
KwId: 79783 | Country: DE | badewannenarmatur retro
Import OK for keyword_id=79783. Inserted 48 ads.
KwId: 195936 | Country: DE | liegerad trike specbiketechnics
Skip: <= 5 products in JSON.
Import OK for keyword_id=195936. Inserted 0 ads.
KwId: 181125 | Country: DE | blumentopf regenrohr
Import OK for keyword_id=181125. Inserted 37 ads.
KwId: 156459 | Country: DE | dc0086
Import OK for keyword_id=156459. Inserted 48 ads.
KwId: 36319 | Country: DE | flex schrauber
Import OK for keyword_id=36319. Inserted 48 ads.
KwId: 221623 | Country: DE | kompatibel tv fernbedienung
Import OK for keyword_id=221623. Inserted 48 ads.
KwId: 16186 | Country: DE | pioneer bdp lx
Import OK for keyword_id=16186. Inserted 48 ads.
KwId: 89975 | Country: DE | dr hartig
Import OK for keyword_id=89975. Inserted 48 ads.
KwId: 158078 | Country: DE | bett 180x200 dreamville
Skip: <= 5 products in JSON.
Import OK for keyword_id=158078. Inserted 0 ads.
KwId: 9580 | Country: DE | zara overall
Import OK for keyword_id=9580. Inserted 48 ads.
KwId: 120570 | Country: DE | multizet
Import OK for keyword_id=120570. Inserted 48 ads.
KwId: 116258 | Country: DE | mantelhaken
Import OK for keyword_id=116258. Inserted 48 ads.
KwId: 196568 | Country: DE | heng long 1 16 decal
Import OK for keyword_id=196568. Inserted 36 ads.
KwId: 220097 | Country: DE | 3in1 buggy autositz
Import OK for keyword_id=220097. Inserted 44 ads.
KwId: 222171 | Country: DE | richter leder springbreak
Import OK for keyword_id=222171. Inserted 19 ads.
KwId: 36870 | Country: DE | cambio hose rachel
Import OK for keyword_id=36870. Inserted 13 ads.
KwId: 156957 | Country: DE | dreimaster jacke
Import OK for keyword_id=156957. Inserted 48 ads.
KwId: 22359 | Country: DE | braun steckernetzteil
Import OK for keyword_id=22359. Inserted 48 ads.
KwId: 84266 | Country: DE | briefbeschwerer messing
Import OK for keyword_id=84266. Inserted 48 ads.
KwId: 70227 | Country: DE | oakley holbrook
Import OK for keyword_id=70227. Inserted 48 ads.
KwId: 60820 | Country: DE | shimano 510
Import OK for keyword_id=60820. Inserted 48 ads.
KwId: 63444 | Country: DE | sinus gigaset
Import OK for keyword_id=63444. Inserted 48 ads.
KwId: 164524 | Country: DE | ford granada teile
Import OK for keyword_id=164524. Inserted 48 ads.
KwId: 138557 | Country: DE | solarium rohren 100w
Import OK for keyword_id=138557. Inserted 8 ads.
KwId: 156078 | Country: DE | wismar
Import OK for keyword_id=156078. Inserted 48 ads.
KwId: 79426 | Country: DE | axialkolbenpumpe
Import OK for keyword_id=79426. Inserted 48 ads.
KwId: 43842 | Country: DE | sportluftfilter vw passat
Import OK for keyword_id=43842. Inserted 48 ads.
KwId: 211892 | Country: DE | 3in1 spielbogen
Import OK for keyword_id=211892. Inserted 48 ads.
KwId: 77486 | Country: DE | anya hindmarch
Import OK for keyword_id=77486. Inserted 48 ads.
KwId: 321 | Country: DE | zehentrenner strass
Import OK for keyword_id=321. Inserted 48 ads.
KwId: 50886 | Country: DE | love moschino
Import OK for keyword_id=50886. Inserted 48 ads.
KwId: 45725 | Country: DE | t5 tur links
Import OK for keyword_id=45725. Inserted 48 ads.
KwId: 125156 | Country: DE | perlenbeutel
Import OK for keyword_id=125156. Inserted 48 ads.
KwId: 25182 | Country: DE | schneeketten 235 65 17
Import OK for keyword_id=25182. Inserted 48 ads.
KwId: 85998 | Country: DE | cb funk antennen
Import OK for keyword_id=85998. Inserted 48 ads.
KwId: 204160 | Country: DE | gynakologische stuhle
Skip: <= 5 products in JSON.
Import OK for keyword_id=204160. Inserted 0 ads.
KwId: 153396 | Country: DE | world of warcraft mount
Import OK for keyword_id=153396. Inserted 48 ads.
KwId: 220021 | Country: DE | antikes art deco
Import OK for keyword_id=220021. Inserted 48 ads.
KwId: 160470 | Country: DE | tetra pond
Import OK for keyword_id=160470. Inserted 48 ads.
KwId: 142885 | Country: DE | tamiya bruiser
Import OK for keyword_id=142885. Inserted 48 ads.
KwId: 186684 | Country: DE | astronomische uhr
Import OK for keyword_id=186684. Inserted 48 ads.
KwId: 143016 | Country: DE | tannengirlande
Import OK for keyword_id=143016. Inserted 48 ads.
KwId: 33971 | Country: DE | postkarte nackt
Import OK for keyword_id=33971. Inserted 48 ads.
KwId: 61423 | Country: DE | soft machine
Import OK for keyword_id=61423. Inserted 48 ads.
KwId: 143869 | Country: DE | teleskopstange duschvorhang
Import OK for keyword_id=143869. Inserted 48 ads.
KwId: 214365 | Country: DE | katz cox tom alles
Import OK for keyword_id=214365. Inserted 14 ads.
KwId: 22139 | Country: DE | spy watch
Import OK for keyword_id=22139. Inserted 48 ads.
KwId: 215301 | Country: DE | edelstein tennis armband
Import OK for keyword_id=215301. Inserted 48 ads.
KwId: 87902 | Country: DE | daiya
Import OK for keyword_id=87902. Inserted 48 ads.
KwId: 100978 | Country: DE | hameg 203
Import OK for keyword_id=100978. Inserted 35 ads.
KwId: 100411 | Country: DE | gunter bruno fuchs
Import OK for keyword_id=100411. Inserted 48 ads.
KwId: 85644 | Country: DE | canton fonum
Import OK for keyword_id=85644. Inserted 48 ads.
KwId: 117257 | Country: DE | mazda mpv motor
Import OK for keyword_id=117257. Inserted 48 ads.
KwId: 82989 | Country: DE | bmw r65 monolever
Import OK for keyword_id=82989. Inserted 48 ads.
KwId: 102550 | Country: DE | herba sammelalbum
Import OK for keyword_id=102550. Inserted 48 ads.
KwId: 161567 | Country: DE | lampen art deco stil
Import OK for keyword_id=161567. Inserted 48 ads.
KwId: 61986 | Country: DE | bollywood kette
Import OK for keyword_id=61986. Inserted 48 ads.
KwId: 164670 | Country: DE | kastenform brot
Import OK for keyword_id=164670. Inserted 48 ads.
KwId: 211884 | Country: DE | mini 2 dji mavic akkus
Import OK for keyword_id=211884. Inserted 48 ads.
KwId: 223186 | Country: DE | alb bad boll
Import OK for keyword_id=223186. Inserted 12 ads.
KwId: 178034 | Country: DE | trockenmauersteine sandstein
Import OK for keyword_id=178034. Inserted 48 ads.
KwId: 119089 | Country: DE | minolta 75 300
Import OK for keyword_id=119089. Inserted 48 ads.
KwId: 17908 | Country: DE | ubang
Import OK for keyword_id=17908. Inserted 14 ads.
KwId: 222443 | Country: DE | kyffhauser bad frankenhausen
Skip: <= 5 products in JSON.
Import OK for keyword_id=222443. Inserted 1 ads.
KwId: 183264 | Country: DE | seiko premier
Import OK for keyword_id=183264. Inserted 48 ads.
KwId: 171203 | Country: DE | verschließbare box
Import OK for keyword_id=171203. Inserted 48 ads.
KwId: 27164 | Country: DE | scuba elwood
Import OK for keyword_id=27164. Inserted 48 ads.
KwId: 104060 | Country: DE | hoppediz cover
Import OK for keyword_id=104060. Inserted 6 ads.
KwId: 216203 | Country: DE | ring winkel set
Import OK for keyword_id=216203. Inserted 48 ads.
KwId: 67215 | Country: DE | wurfelregal
Import OK for keyword_id=67215. Inserted 48 ads.
KwId: 7092 | Country: DE | kinderlieder kassette
Import OK for keyword_id=7092. Inserted 48 ads.
KwId: 141333 | Country: DE | stoffballen
Import OK for keyword_id=141333. Inserted 48 ads.
KwId: 188266 | Country: DE | tresorgurtel
Import OK for keyword_id=188266. Inserted 48 ads.
KwId: 124626 | Country: DE | passat cc heckklappe
Import OK for keyword_id=124626. Inserted 48 ads.
KwId: 216309 | Country: DE | schwarz weiss schiebevorhang
Import OK for keyword_id=216309. Inserted 48 ads.
KwId: 127878 | Country: DE | primus schlepper
Import OK for keyword_id=127878. Inserted 48 ads.
KwId: 8393 | Country: DE | conan heyne
Import OK for keyword_id=8393. Inserted 48 ads.
KwId: 171405 | Country: DE | spitzer silo
Import OK for keyword_id=171405. Inserted 48 ads.
KwId: 62128 | Country: DE | vorderrad hollandrad
Import OK for keyword_id=62128. Inserted 48 ads.
KwId: 198019 | Country: DE | 7t32
Import OK for keyword_id=198019. Inserted 48 ads.
KwId: 48880 | Country: DE | match worn schalke
Import OK for keyword_id=48880. Inserted 48 ads.
KwId: 206430 | Country: DE | kanapee mobel
Import OK for keyword_id=206430. Inserted 37 ads.
KwId: 64526 | Country: DE | valeo anlasser
Import OK for keyword_id=64526. Inserted 48 ads.
KwId: 48311 | Country: DE | minol
Import OK for keyword_id=48311. Inserted 48 ads.
KwId: 217338 | Country: DE | herren aussen hose
Import OK for keyword_id=217338. Inserted 48 ads.
KwId: 74677 | Country: DE | 225 55 r16 mercedes
Import OK for keyword_id=74677. Inserted 48 ads.
KwId: 34507 | Country: DE | jako o schneehose
Import OK for keyword_id=34507. Inserted 48 ads.
KwId: 12864 | Country: DE | soccx jeans
Import OK for keyword_id=12864. Inserted 48 ads.
KwId: 194816 | Country: DE | elch stofftier
Import OK for keyword_id=194816. Inserted 48 ads.
KwId: 157351 | Country: DE | cimbalom
Import OK for keyword_id=157351. Inserted 48 ads.
KwId: 196660 | Country: DE | kienzle life
Import OK for keyword_id=196660. Inserted 48 ads.
KwId: 43347 | Country: DE | happy girls
Import OK for keyword_id=43347. Inserted 48 ads.
KwId: 28973 | Country: DE | opel astra leder sitze
Import OK for keyword_id=28973. Inserted 48 ads.
KwId: 33025 | Country: DE | marc cain cardigan
Import OK for keyword_id=33025. Inserted 48 ads.
KwId: 140814 | Country: DE | steinlen
Import OK for keyword_id=140814. Inserted 48 ads.
KwId: 37870 | Country: DE | tresor geldschrank panzerschrank
Import OK for keyword_id=37870. Inserted 48 ads.
KwId: 8308 | Country: DE | tresor waffenschrank
Import OK for keyword_id=8308. Inserted 48 ads.
KwId: 40466 | Country: DE | kodak rollfilm
Import OK for keyword_id=40466. Inserted 48 ads.
KwId: 78386 | Country: DE | atommodell
Import OK for keyword_id=78386. Inserted 48 ads.
KwId: 170624 | Country: DE | ozeane welt sticker
Import OK for keyword_id=170624. Inserted 48 ads.
KwId: 220099 | Country: DE | server memory ram
Import OK for keyword_id=220099. Inserted 48 ads.
KwId: 133034 | Country: DE | sachs roller
Import OK for keyword_id=133034. Inserted 48 ads.
KwId: 63537 | Country: DE | relax sofa garnitur
Import OK for keyword_id=63537. Inserted 48 ads.
KwId: 193712 | Country: DE | werkzeug werkstattauflosung
Import OK for keyword_id=193712. Inserted 48 ads.
KwId: 166787 | Country: DE | golf 4 katalysator defekt
Import OK for keyword_id=166787. Inserted 48 ads.
KwId: 112983 | Country: DE | lawinenairbag
Skip: <= 5 products in JSON.
Import OK for keyword_id=112983. Inserted 5 ads.
KwId: 204897 | Country: DE | mez nahgarn
Import OK for keyword_id=204897. Inserted 48 ads.
KwId: 195339 | Country: DE | tanz vampire
Import OK for keyword_id=195339. Inserted 48 ads.
KwId: 216080 | Country: DE | nvme ssd intel
Import OK for keyword_id=216080. Inserted 48 ads.
KwId: 170808 | Country: DE | amor ohrringe
Import OK for keyword_id=170808. Inserted 48 ads.
KwId: 197876 | Country: DE | kitzel
Import OK for keyword_id=197876. Inserted 48 ads.
KwId: 210811 | Country: DE | balkon apartment
Import OK for keyword_id=210811. Inserted 48 ads.
KwId: 62676 | Country: DE | asics gel lyte
Import OK for keyword_id=62676. Inserted 48 ads.
KwId: 127505 | Country: DE | porzellan wappen
Import OK for keyword_id=127505. Inserted 48 ads.
KwId: 64456 | Country: DE | laura lenti
Import OK for keyword_id=64456. Inserted 37 ads.
KwId: 75543 | Country: DE | accelero
Import OK for keyword_id=75543. Inserted 48 ads.
KwId: 36226 | Country: DE | pash schlaghose
Import OK for keyword_id=36226. Inserted 17 ads.
KwId: 222188 | Country: DE | gruppe 0 1 2 3 isofix
Import OK for keyword_id=222188. Inserted 35 ads.
KwId: 136039 | Country: DE | scirocco kotflugel
Import OK for keyword_id=136039. Inserted 48 ads.
KwId: 5218 | Country: DE | teppich buchara
Import OK for keyword_id=5218. Inserted 48 ads.
KwId: 36588 | Country: DE | vw kafer scheunenfund
Import OK for keyword_id=36588. Inserted 27 ads.
KwId: 69395 | Country: DE | akilas
Import OK for keyword_id=69395. Inserted 44 ads.
KwId: 13841 | Country: DE | trachtenschmuck charivari
Import OK for keyword_id=13841. Inserted 48 ads.
KwId: 19152 | Country: DE | adobe acrobat professional
Import OK for keyword_id=19152. Inserted 43 ads.
KwId: 188818 | Country: DE | mosh shorts
Import OK for keyword_id=188818. Inserted 48 ads.
KwId: 213820 | Country: DE | x bq smartphone aquaris
Import OK for keyword_id=213820. Inserted 43 ads.
KwId: 128941 | Country: DE | rack 4he
Import OK for keyword_id=128941. Inserted 48 ads.
KwId: 79481 | Country: DE | baader planetarium
Import OK for keyword_id=79481. Inserted 47 ads.
KwId: 164463 | Country: DE | braun atelier cc4
Import OK for keyword_id=164463. Inserted 48 ads.
KwId: 93554 | Country: DE | fahrzeug profile
Import OK for keyword_id=93554. Inserted 48 ads.
KwId: 166494 | Country: DE | reparaturanleitung chrysler voyager deutsch
Import OK for keyword_id=166494. Inserted 47 ads.
KwId: 27593 | Country: DE | ikea kuchenmobel
Import OK for keyword_id=27593. Inserted 48 ads.
KwId: 57135 | Country: DE | vespa roller et4
Import OK for keyword_id=57135. Inserted 48 ads.
KwId: 150811 | Country: DE | wannenbatterie
Import OK for keyword_id=150811. Inserted 48 ads.
KwId: 189959 | Country: DE | daybed wei
Import OK for keyword_id=189959. Inserted 48 ads.
KwId: 218265 | Country: DE | windschutz lila
Import OK for keyword_id=218265. Inserted 48 ads.
KwId: 633 | Country: DE | schiff weser
Import OK for keyword_id=633. Inserted 48 ads.
KwId: 191503 | Country: DE | natron
Import OK for keyword_id=191503. Inserted 48 ads.
KwId: 139415 | Country: DE | spielbett weiß
Import OK for keyword_id=139415. Inserted 48 ads.
KwId: 154135 | Country: DE | z750 rizoma
Import OK for keyword_id=154135. Inserted 48 ads.
KwId: 24925 | Country: DE | traggelenk passat 3b
Import OK for keyword_id=24925. Inserted 48 ads.
KwId: 116405 | Country: DE | maria wobbler
Import OK for keyword_id=116405. Inserted 13 ads.
KwId: 177762 | Country: DE | baumpython
Import OK for keyword_id=177762. Inserted 48 ads.
KwId: 82179 | Country: DE | blank spiel
Import OK for keyword_id=82179. Inserted 48 ads.
KwId: 149387 | Country: DE | vitrine erle
Import OK for keyword_id=149387. Inserted 19 ads.
KwId: 127698 | Country: DE | pragezange
Skip: <= 5 products in JSON.
Import OK for keyword_id=127698. Inserted 3 ads.
KwId: 49976 | Country: DE | camping kochplatte
Import OK for keyword_id=49976. Inserted 48 ads.
KwId: 2774 | Country: DE | hesba condor
Import OK for keyword_id=2774. Inserted 15 ads.
KwId: 138646 | Country: DE | somfy keasy xl
Import OK for keyword_id=138646. Inserted 48 ads.
KwId: 210663 | Country: DE | weisse tische stabile
Import OK for keyword_id=210663. Inserted 48 ads.
KwId: 52094 | Country: DE | navigationssystem comand
Import OK for keyword_id=52094. Inserted 48 ads.
KwId: 124575 | Country: DE | partyspiel kinder
Import OK for keyword_id=124575. Inserted 48 ads.
KwId: 91570 | Country: DE | einkaufskorb kunststoff
Import OK for keyword_id=91570. Inserted 48 ads.
KwId: 81537 | Country: DE | bettwasche pferd biber
Import OK for keyword_id=81537. Inserted 26 ads.
KwId: 105561 | Country: DE | innenfutter pelz
Import OK for keyword_id=105561. Inserted 48 ads.
KwId: 59527 | Country: DE | reise sachsen
Import OK for keyword_id=59527. Inserted 48 ads.
KwId: 155156 | Country: DE | zundkerzenstecker oldtimer
Import OK for keyword_id=155156. Inserted 48 ads.
KwId: 5287 | Country: DE | maloja hose
Import OK for keyword_id=5287. Inserted 48 ads.
KwId: 59336 | Country: DE | sony xperia z defekt
Import OK for keyword_id=59336. Inserted 48 ads.
KwId: 111560 | Country: DE | kugelschließe
Import OK for keyword_id=111560. Inserted 48 ads.
KwId: 38337 | Country: DE | super kreisel ravensburger
Skip: <= 5 products in JSON.
Import OK for keyword_id=38337. Inserted 2 ads.
KwId: 108632 | Country: DE | kette eidechse
Import OK for keyword_id=108632. Inserted 48 ads.
KwId: 23781 | Country: DE | badehose tanga
Import OK for keyword_id=23781. Inserted 48 ads.
KwId: 106250 | Country: DE | janosch truhe
Skip: <= 5 products in JSON.
Import OK for keyword_id=106250. Inserted 1 ads.
KwId: 211538 | Country: DE | pro 32 dyon enter
Import OK for keyword_id=211538. Inserted 48 ads.
KwId: 223024 | Country: DE | strategies for teaching
Import OK for keyword_id=223024. Inserted 48 ads.
KwId: 126273 | Country: DE | pionierkalender
Import OK for keyword_id=126273. Inserted 48 ads.
KwId: 187786 | Country: DE | surround processor
Import OK for keyword_id=187786. Inserted 48 ads.
KwId: 151150 | Country: DE | wasserbett pumpe
Import OK for keyword_id=151150. Inserted 48 ads.
KwId: 207674 | Country: DE | bausteine buch
Import OK for keyword_id=207674. Inserted 48 ads.
KwId: 87078 | Country: DE | communicator
Import OK for keyword_id=87078. Inserted 48 ads.
KwId: 8273 | Country: DE | magazinschrauber
Import OK for keyword_id=8273. Inserted 48 ads.
KwId: 218610 | Country: DE | referenz lampe
Import OK for keyword_id=218610. Inserted 48 ads.
KwId: 163342 | Country: DE | behinderten rollstuhl
Import OK for keyword_id=163342. Inserted 48 ads.
KwId: 54558 | Country: DE | bach orgelwerke
Import OK for keyword_id=54558. Inserted 48 ads.
KwId: 180436 | Country: DE | kleines fachwerkhaus
Import OK for keyword_id=180436. Inserted 48 ads.
KwId: 6479 | Country: DE | bmw protektor
Import OK for keyword_id=6479. Inserted 48 ads.
KwId: 182035 | Country: DE | bmf kerzenhalter
Import OK for keyword_id=182035. Inserted 48 ads.
KwId: 86998 | Country: DE | collagen solarium
Import OK for keyword_id=86998. Inserted 48 ads.
KwId: 10141 | Country: DE | mammut herren
Import OK for keyword_id=10141. Inserted 48 ads.
KwId: 74037 | Country: DE | rundkettler
Skip: <= 5 products in JSON.
Import OK for keyword_id=74037. Inserted 0 ads.
KwId: 60292 | Country: DE | rolex lady
Import OK for keyword_id=60292. Inserted 48 ads.
KwId: 147421 | Country: DE | uli stein kalender
Import OK for keyword_id=147421. Inserted 48 ads.
KwId: 208328 | Country: DE | reithelm casco kind
Import OK for keyword_id=208328. Inserted 48 ads.
KwId: 213562 | Country: DE | world zero game war pc
Skip: <= 5 products in JSON.
Import OK for keyword_id=213562. Inserted 2 ads.
KwId: 125693 | Country: DE | ph controller
Import OK for keyword_id=125693. Inserted 48 ads.
KwId: 196116 | Country: DE | affliction xl
Import OK for keyword_id=196116. Inserted 48 ads.
KwId: 171563 | Country: DE | weithalsflaschen glas
Import OK for keyword_id=171563. Inserted 48 ads.
KwId: 91514 | Country: DE | einbaustrahler e27
Import OK for keyword_id=91514. Inserted 48 ads.
KwId: 52510 | Country: DE | peugeot speedfight 100
Import OK for keyword_id=52510. Inserted 48 ads.
KwId: 147182 | Country: DE | u ei pumuckl
Import OK for keyword_id=147182. Inserted 48 ads.
KwId: 111214 | Country: DE | kronleuchter behang
Import OK for keyword_id=111214. Inserted 48 ads.
KwId: 75161 | Country: DE | 8848 altitude
Import OK for keyword_id=75161. Inserted 48 ads.
KwId: 139324 | Country: DE | sperrholz buche
Import OK for keyword_id=139324. Inserted 48 ads.
KwId: 211059 | Country: DE | kosmetik schulungen
Import OK for keyword_id=211059. Inserted 48 ads.
KwId: 175756 | Country: DE | meister werkzeuge
Import OK for keyword_id=175756. Inserted 48 ads.
KwId: 184019 | Country: DE | pav 40 41
Skip: <= 5 products in JSON.
Import OK for keyword_id=184019. Inserted 0 ads.
KwId: 95367 | Country: DE | flm greyhound
Import OK for keyword_id=95367. Inserted 20 ads.
KwId: 44644 | Country: DE | alufelgen 4x100 passat
Import OK for keyword_id=44644. Inserted 48 ads.
KwId: 92290 | Country: DE | emile galle
Import OK for keyword_id=92290. Inserted 48 ads.
KwId: 178452 | Country: DE | modellhubschrauber elektro
Import OK for keyword_id=178452. Inserted 48 ads.
KwId: 198867 | Country: DE | kartreifen dunlop
Import OK for keyword_id=198867. Inserted 18 ads.
KwId: 204477 | Country: DE | iwc vinci
Import OK for keyword_id=204477. Inserted 48 ads.
KwId: 166942 | Country: DE | kinderhochbett schreibtisch
Import OK for keyword_id=166942. Inserted 48 ads.
KwId: 40067 | Country: DE | opel combo turen
Import OK for keyword_id=40067. Inserted 48 ads.
KwId: 50212 | Country: DE | carson chassis
Import OK for keyword_id=50212. Inserted 48 ads.
KwId: 68610 | Country: DE | stamps armband
Import OK for keyword_id=68610. Inserted 48 ads.
KwId: 107075 | Country: DE | kabelsatz anhangerkupplung
Import OK for keyword_id=107075. Inserted 48 ads.
KwId: 90107 | Country: DE | dreamweaver
Import OK for keyword_id=90107. Inserted 48 ads.
KwId: 91803 | Country: DE | eisrezepte
Import OK for keyword_id=91803. Inserted 48 ads.
KwId: 131103 | Country: DE | riesen uhr
Import OK for keyword_id=131103. Inserted 48 ads.
KwId: 213045 | Country: DE | gold uhr ap
Import OK for keyword_id=213045. Inserted 48 ads.
KwId: 104678 | Country: DE | hupf teil 3
Import OK for keyword_id=104678. Inserted 27 ads.
KwId: 127122 | Country: DE | polo 6n heckklappengriff
Import OK for keyword_id=127122. Inserted 48 ads.
KwId: 68477 | Country: DE | trabant 601 deluxe
Import OK for keyword_id=68477. Inserted 48 ads.
KwId: 150639 | Country: DE | wanddekoration
Import OK for keyword_id=150639. Inserted 48 ads.
KwId: 223522 | Country: DE | innenraum reihe 1
Import OK for keyword_id=223522. Inserted 48 ads.
KwId: 216235 | Country: DE | pferd stall schutz
Import OK for keyword_id=216235. Inserted 48 ads.
KwId: 162422 | Country: DE | große barbie puppe
Import OK for keyword_id=162422. Inserted 48 ads.
KwId: 92043 | Country: DE | elektroheizung bad
Import OK for keyword_id=92043. Inserted 48 ads.
KwId: 130282 | Country: DE | reiskorn porzellan
Import OK for keyword_id=130282. Inserted 48 ads.
KwId: 117721 | Country: DE | mephisto wanderschuhe
Import OK for keyword_id=117721. Inserted 48 ads.
KwId: 190391 | Country: DE | streetka
Import OK for keyword_id=190391. Inserted 48 ads.
KwId: 182899 | Country: DE | peek cloppenburg kleid 38 blau
Import OK for keyword_id=182899. Inserted 9 ads.
KwId: 203565 | Country: DE | smart cabrio kotflugel
Import OK for keyword_id=203565. Inserted 48 ads.
KwId: 26217 | Country: DE | jadore miniatur
Import OK for keyword_id=26217. Inserted 26 ads.
KwId: 108419 | Country: DE | ken wilber
Import OK for keyword_id=108419. Inserted 48 ads.
KwId: 37538 | Country: DE | kopfstutze nissan
Import OK for keyword_id=37538. Inserted 48 ads.
KwId: 149142 | Country: DE | viking frase
Import OK for keyword_id=149142. Inserted 17 ads.
KwId: 90937 | Country: DE | dyson turboburste
Import OK for keyword_id=90937. Inserted 48 ads.
KwId: 207871 | Country: DE | wohnung essen
Import OK for keyword_id=207871. Inserted 48 ads.
KwId: 112986 | Country: DE | lawinenschaufel
Import OK for keyword_id=112986. Inserted 48 ads.
KwId: 215365 | Country: DE | ct blaue diamanten
Import OK for keyword_id=215365. Inserted 48 ads.
KwId: 77907 | Country: DE | armani handy
Import OK for keyword_id=77907. Inserted 33 ads.
KwId: 136570 | Country: DE | sender frequenzen
Import OK for keyword_id=136570. Inserted 48 ads.
KwId: 167632 | Country: DE | memoboard metall
Import OK for keyword_id=167632. Inserted 48 ads.
KwId: 119241 | Country: DE | mivoc subwoofer
Import OK for keyword_id=119241. Inserted 16 ads.
KwId: 67843 | Country: DE | kinderschmuck gold
Import OK for keyword_id=67843. Inserted 48 ads.
KwId: 163934 | Country: DE | kf 168
Import OK for keyword_id=163934. Inserted 48 ads.
KwId: 92289 | Country: DE | emile et rose
Import OK for keyword_id=92289. Inserted 48 ads.
KwId: 148210 | Country: DE | vakuum kf
Import OK for keyword_id=148210. Inserted 48 ads.
KwId: 183375 | Country: DE | blitz belichtungsmesser
Import OK for keyword_id=183375. Inserted 48 ads.
KwId: 216753 | Country: DE | diamant solitaire ohrstecker
Import OK for keyword_id=216753. Inserted 48 ads.
KwId: 63478 | Country: DE | rosa kaschmir
Import OK for keyword_id=63478. Inserted 48 ads.
KwId: 48029 | Country: DE | elfen sammlung
Import OK for keyword_id=48029. Inserted 48 ads.
KwId: 142147 | Country: DE | super vhs et
Import OK for keyword_id=142147. Inserted 48 ads.
KwId: 102853 | Country: DE | heuchelheim
Import OK for keyword_id=102853. Inserted 48 ads.
KwId: 127247 | Country: DE | pommeswarmer
Import OK for keyword_id=127247. Inserted 22 ads.
KwId: 37871 | Country: DE | gsx einspritzanlage
Import OK for keyword_id=37871. Inserted 48 ads.
KwId: 97765 | Country: DE | gefiederte welt
Import OK for keyword_id=97765. Inserted 48 ads.
KwId: 100575 | Country: DE | h m schuhe keilabsatz
Import OK for keyword_id=100575. Inserted 40 ads.
KwId: 220541 | Country: DE | kamera stativ monopod
Import OK for keyword_id=220541. Inserted 48 ads.
KwId: 23455 | Country: DE | mustang domstrebe
Import OK for keyword_id=23455. Inserted 10 ads.
KwId: 6118 | Country: DE | moeller pkzm
Import OK for keyword_id=6118. Inserted 48 ads.
KwId: 24717 | Country: DE | audi rs4 stoßstange
Import OK for keyword_id=24717. Inserted 48 ads.
KwId: 88036 | Country: DE | dampflok standmodell
Import OK for keyword_id=88036. Inserted 48 ads.
KwId: 27595 | Country: DE | citroen c5 ledersitze
Import OK for keyword_id=27595. Inserted 48 ads.
KwId: 96703 | Country: DE | furminator hund langhaar
Import OK for keyword_id=96703. Inserted 28 ads.
KwId: 198163 | Country: DE | mainboard x58
Import OK for keyword_id=198163. Inserted 48 ads.
KwId: 214832 | Country: DE | analysis mathematik wege
Import OK for keyword_id=214832. Inserted 43 ads.
KwId: 94161 | Country: DE | fensterbank granit
Import OK for keyword_id=94161. Inserted 48 ads.
KwId: 82175 | Country: DE | blanco resteschale
Import OK for keyword_id=82175. Inserted 48 ads.
KwId: 24785 | Country: DE | replay clutch
Import OK for keyword_id=24785. Inserted 22 ads.
KwId: 186051 | Country: DE | bradford edition
Import OK for keyword_id=186051. Inserted 48 ads.
KwId: 27245 | Country: DE | m gleis bogenweiche
Import OK for keyword_id=27245. Inserted 48 ads.
KwId: 127720 | Country: DE | prana
Import OK for keyword_id=127720. Inserted 48 ads.
KwId: 219545 | Country: DE | speed booster adapter
Import OK for keyword_id=219545. Inserted 48 ads.
KwId: 208563 | Country: DE | 303si dynax minolta
Import OK for keyword_id=208563. Inserted 48 ads.
KwId: 163749 | Country: DE | weißgold kette herren
Import OK for keyword_id=163749. Inserted 48 ads.
KwId: 101143 | Country: DE | handrechen
Import OK for keyword_id=101143. Inserted 48 ads.
KwId: 7882 | Country: DE | axis allies
Import OK for keyword_id=7882. Inserted 48 ads.
KwId: 176547 | Country: DE | siku farmer serie
Import OK for keyword_id=176547. Inserted 48 ads.
KwId: 12776 | Country: DE | klaus peter wolf
Import OK for keyword_id=12776. Inserted 48 ads.
KwId: 120731 | Country: DE | musical tickets
Import OK for keyword_id=120731. Inserted 48 ads.
KwId: 112908 | Country: DE | laufwerksblende
Import OK for keyword_id=112908. Inserted 48 ads.
KwId: 188475 | Country: DE | toilettenerhohung
Skip: <= 5 products in JSON.
Import OK for keyword_id=188475. Inserted 0 ads.
KwId: 46546 | Country: DE | retro sneaker
Import OK for keyword_id=46546. Inserted 48 ads.
KwId: 166945 | Country: DE | großer geldbeutel damen
Import OK for keyword_id=166945. Inserted 48 ads.
KwId: 56848 | Country: DE | tischdeko blau
Import OK for keyword_id=56848. Inserted 48 ads.
KwId: 181008 | Country: DE | bluetooth headset
Import OK for keyword_id=181008. Inserted 48 ads.
KwId: 152952 | Country: DE | wischerarm zafira
Import OK for keyword_id=152952. Inserted 48 ads.
KwId: 71967 | Country: DE | heimatkrippe
Import OK for keyword_id=71967. Inserted 48 ads.
KwId: 77740 | Country: DE | ar drone akku
Import OK for keyword_id=77740. Inserted 37 ads.
KwId: 189850 | Country: DE | sennheiser mkh
Import OK for keyword_id=189850. Inserted 48 ads.
KwId: 59888 | Country: DE | diesel nevy
Import OK for keyword_id=59888. Inserted 48 ads.
KwId: 85949 | Country: DE | caterham 1 18
Import OK for keyword_id=85949. Inserted 48 ads.
KwId: 191858 | Country: DE | sf contact matratze
Skip: <= 5 products in JSON.
Import OK for keyword_id=191858. Inserted 0 ads.
KwId: 96535 | Country: DE | fuji gx 680
Import OK for keyword_id=96535. Inserted 48 ads.
KwId: 32219 | Country: DE | esprit trager kleid
Import OK for keyword_id=32219. Inserted 48 ads.
KwId: 79413 | Country: DE | awo zundmagnet
Import OK for keyword_id=79413. Inserted 26 ads.
KwId: 50064 | Country: DE | baby tisch stuhl
Import OK for keyword_id=50064. Inserted 48 ads.
KwId: 172020 | Country: DE | großer spiegel goldrahmen
Import OK for keyword_id=172020. Inserted 48 ads.
KwId: 109835 | Country: DE | klimt goebel
Import OK for keyword_id=109835. Inserted 48 ads.
KwId: 206419 | Country: DE | gehorschutz bluetooth
Import OK for keyword_id=206419. Inserted 48 ads.
KwId: 70336 | Country: DE | schiebefenster opel
Import OK for keyword_id=70336. Inserted 48 ads.
KwId: 95630 | Country: DE | ford c6
Import OK for keyword_id=95630. Inserted 48 ads.
KwId: 146893 | Country: DE | turgriff kuhlschrank
Import OK for keyword_id=146893. Inserted 48 ads.
KwId: 172008 | Country: DE | spiegel metallrahmen
Import OK for keyword_id=172008. Inserted 48 ads.
KwId: 158924 | Country: DE | hatz motor e79
Import OK for keyword_id=158924. Inserted 23 ads.
KwId: 19077 | Country: DE | grand cherokee federn
Import OK for keyword_id=19077. Inserted 48 ads.
KwId: 26118 | Country: DE | waller zubehor
Import OK for keyword_id=26118. Inserted 48 ads.
KwId: 102046 | Country: DE | heckklappenschloss twingo
Import OK for keyword_id=102046. Inserted 48 ads.
KwId: 25417 | Country: DE | gibson 1962
Import OK for keyword_id=25417. Inserted 48 ads.
KwId: 222249 | Country: DE | austrian violin top
Import OK for keyword_id=222249. Inserted 23 ads.
KwId: 37120 | Country: DE | memmert sterilisator
Import OK for keyword_id=37120. Inserted 9 ads.
KwId: 45019 | Country: DE | gainward gtx
Import OK for keyword_id=45019. Inserted 48 ads.
KwId: 3209 | Country: DE | hermes leder
Import OK for keyword_id=3209. Inserted 48 ads.
KwId: 113794 | Country: DE | leitfaden physiotherapie
Import OK for keyword_id=113794. Inserted 48 ads.
KwId: 92071 | Country: DE | elektromotor 6v
Import OK for keyword_id=92071. Inserted 48 ads.
KwId: 30551 | Country: DE | revell radlader
Skip: <= 5 products in JSON.
Import OK for keyword_id=30551. Inserted 1 ads.
KwId: 7883 | Country: DE | kadett sitze
Import OK for keyword_id=7883. Inserted 48 ads.
KwId: 122079 | Country: DE | nolte kleiderschrank
Import OK for keyword_id=122079. Inserted 48 ads.
KwId: 109563 | Country: DE | klavierschule
Import OK for keyword_id=109563. Inserted 48 ads.
KwId: 204304 | Country: DE | hitcher highway killer
Import OK for keyword_id=204304. Inserted 48 ads.
KwId: 193835 | Country: DE | qvc bettwasche
Import OK for keyword_id=193835. Inserted 48 ads.
KwId: 53418 | Country: DE | garten software
Import OK for keyword_id=53418. Inserted 48 ads.
KwId: 217961 | Country: DE | mizuno japan herren
Import OK for keyword_id=217961. Inserted 48 ads.
KwId: 188585 | Country: DE | mordillo puzzle
Import OK for keyword_id=188585. Inserted 48 ads.
KwId: 55807 | Country: DE | flex magazin
Import OK for keyword_id=55807. Inserted 48 ads.
KwId: 72798 | Country: DE | replay jeans jennon
Import OK for keyword_id=72798. Inserted 48 ads.
KwId: 112557 | Country: DE | landjager
Import OK for keyword_id=112557. Inserted 48 ads.
KwId: 149263 | Country: DE | violettglas
Import OK for keyword_id=149263. Inserted 48 ads.
KwId: 103719 | Country: DE | holzplatte buche
Import OK for keyword_id=103719. Inserted 48 ads.
KwId: 29043 | Country: DE | nintendo nes spiele sammlung
Import OK for keyword_id=29043. Inserted 48 ads.
KwId: 8426 | Country: DE | deutsch sowjetische freundschaft
Import OK for keyword_id=8426. Inserted 48 ads.
KwId: 28610 | Country: DE | maerklin k gleis konvolut
Import OK for keyword_id=28610. Inserted 48 ads.
KwId: 90491 | Country: DE | dtm overall
Import OK for keyword_id=90491. Inserted 8 ads.
KwId: 139671 | Country: DE | sportrevue
Import OK for keyword_id=139671. Inserted 48 ads.
KwId: 6192 | Country: DE | maloja short
Import OK for keyword_id=6192. Inserted 48 ads.
KwId: 98711 | Country: DE | gks katowice
Import OK for keyword_id=98711. Inserted 48 ads.
KwId: 175371 | Country: DE | zeitschriften kostenlos
Import OK for keyword_id=175371. Inserted 48 ads.
KwId: 101120 | Country: DE | handmuhle kaffee
Import OK for keyword_id=101120. Inserted 48 ads.
KwId: 81297 | Country: DE | bernhard schlink
Import OK for keyword_id=81297. Inserted 48 ads.
KwId: 57440 | Country: DE | siemens sinamics
Import OK for keyword_id=57440. Inserted 48 ads.
KwId: 212509 | Country: DE | langarm bluse damen
Import OK for keyword_id=212509. Inserted 48 ads.
KwId: 74645 | Country: DE | 205 60 r15 91v
Import OK for keyword_id=74645. Inserted 48 ads.
KwId: 82059 | Country: DE | bismarck buste
Import OK for keyword_id=82059. Inserted 41 ads.
KwId: 128988 | Country: DE | radeon hd 7850
Import OK for keyword_id=128988. Inserted 48 ads.
KwId: 195376 | Country: DE | akkuschrauber 18v
Import OK for keyword_id=195376. Inserted 48 ads.
KwId: 165337 | Country: DE | acer beamer lampe
Import OK for keyword_id=165337. Inserted 48 ads.
KwId: 130365 | Country: DE | relaxliege weiss
Import OK for keyword_id=130365. Inserted 48 ads.
KwId: 74034 | Country: DE | schlusselbuchse
Import OK for keyword_id=74034. Inserted 48 ads.
KwId: 74452 | Country: DE | 12 v fernseher dvd
Import OK for keyword_id=74452. Inserted 48 ads.
KwId: 91322 | Country: DE | edirol video
Import OK for keyword_id=91322. Inserted 29 ads.
KwId: 180082 | Country: DE | modell pistenraupe
Import OK for keyword_id=180082. Inserted 36 ads.
KwId: 217050 | Country: DE | set deckel auswahl
Import OK for keyword_id=217050. Inserted 48 ads.
KwId: 204899 | Country: DE | bisonschadel
Import OK for keyword_id=204899. Inserted 22 ads.
KwId: 139538 | Country: DE | spinnen terrarium
Import OK for keyword_id=139538. Inserted 48 ads.
KwId: 220271 | Country: DE | 580 ex ii
Import OK for keyword_id=220271. Inserted 48 ads.
KwId: 152440 | Country: DE | wiking handbuch
Import OK for keyword_id=152440. Inserted 48 ads.
KwId: 52203 | Country: DE | cashmere kleid
Import OK for keyword_id=52203. Inserted 48 ads.
KwId: 134144 | Country: DE | schaukel fur draußen
Import OK for keyword_id=134144. Inserted 48 ads.
KwId: 184047 | Country: DE | cloud strife
Import OK for keyword_id=184047. Inserted 48 ads.
KwId: 112417 | Country: DE | lampe e14 25w
Import OK for keyword_id=112417. Inserted 48 ads.
KwId: 27900 | Country: DE | hp photosmart kamera
Import OK for keyword_id=27900. Inserted 48 ads.
KwId: 209802 | Country: DE | kinder klein spielzeug
Import OK for keyword_id=209802. Inserted 48 ads.
KwId: 177999 | Country: DE | native instruments kontrol s2
Import OK for keyword_id=177999. Inserted 48 ads.
KwId: 188903 | Country: DE | warhammer bitz
Import OK for keyword_id=188903. Inserted 48 ads.
KwId: 221020 | Country: DE | ersatz kit
Import OK for keyword_id=221020. Inserted 48 ads.
KwId: 197553 | Country: DE | rc modellbau raritat
Import OK for keyword_id=197553. Inserted 48 ads.
KwId: 14687 | Country: DE | theatermaske
Import OK for keyword_id=14687. Inserted 48 ads.
KwId: 114890 | Country: DE | logona pflanzenhaarfarbe
Import OK for keyword_id=114890. Inserted 48 ads.
KwId: 218928 | Country: DE | neu callaway golf
Import OK for keyword_id=218928. Inserted 48 ads.
KwId: 99148 | Country: DE | goethe leder
Import OK for keyword_id=99148. Inserted 48 ads.
KwId: 61628 | Country: DE | soul sister
Import OK for keyword_id=61628. Inserted 48 ads.
KwId: 140980 | Country: DE | sterling silber schmuck
Import OK for keyword_id=140980. Inserted 48 ads.
KwId: 94315 | Country: DE | ferplast hamster
Import OK for keyword_id=94315. Inserted 48 ads.
KwId: 223443 | Country: DE | tasche damen frauen
Import OK for keyword_id=223443. Inserted 48 ads.
KwId: 202353 | Country: DE | technics tuner radio
Import OK for keyword_id=202353. Inserted 48 ads.
KwId: 126052 | Country: DE | piesel piepser
Import OK for keyword_id=126052. Inserted 7 ads.
KwId: 87204 | Country: DE | convotherm mini
Import OK for keyword_id=87204. Inserted 21 ads.
KwId: 136193 | Country: DE | sechsamtertropfen
Skip: <= 5 products in JSON.
Import OK for keyword_id=136193. Inserted 1 ads.
KwId: 104265 | Country: DE | hp procurve
Import OK for keyword_id=104265. Inserted 48 ads.
KwId: 11697 | Country: DE | opel speedster
Import OK for keyword_id=11697. Inserted 48 ads.
KwId: 75574 | Country: DE | acerbis lampenmaske
Import OK for keyword_id=75574. Inserted 48 ads.
KwId: 21204 | Country: DE | tns 600
Import OK for keyword_id=21204. Inserted 28 ads.
KwId: 34448 | Country: DE | alter trodel
Import OK for keyword_id=34448. Inserted 48 ads.
KwId: 143224 | Country: DE | tasten sony vaio
Import OK for keyword_id=143224. Inserted 48 ads.
KwId: 136305 | Country: DE | seide garn
Import OK for keyword_id=136305. Inserted 48 ads.
KwId: 98666 | Country: DE | gitterbox faltbar
Import OK for keyword_id=98666. Inserted 48 ads.
KwId: 178857 | Country: DE | eva strittmatter gedichte
Import OK for keyword_id=178857. Inserted 48 ads.
KwId: 33932 | Country: DE | flitze feuerzahn kassetten
Import OK for keyword_id=33932. Inserted 48 ads.
KwId: 94804 | Country: DE | finepix f30
Import OK for keyword_id=94804. Inserted 48 ads.
KwId: 41359 | Country: DE | city walk sandale
Import OK for keyword_id=41359. Inserted 48 ads.
KwId: 49478 | Country: DE | sitzverkleinerer kindersitz
Import OK for keyword_id=49478. Inserted 48 ads.
KwId: 179881 | Country: DE | deutz d6006
Import OK for keyword_id=179881. Inserted 48 ads.
KwId: 173414 | Country: DE | jersey stoff elefanten
Import OK for keyword_id=173414. Inserted 48 ads.
KwId: 4398 | Country: DE | fiat blattfeder
Import OK for keyword_id=4398. Inserted 48 ads.
KwId: 95490 | Country: DE | flury
Import OK for keyword_id=95490. Inserted 48 ads.
KwId: 139976 | Country: DE | sr suntour sattelstutze
Import OK for keyword_id=139976. Inserted 48 ads.
KwId: 208974 | Country: DE | skijacke anorak winterjacke
Import OK for keyword_id=208974. Inserted 48 ads.
KwId: 19924 | Country: DE | t5 bodykit
Import OK for keyword_id=19924. Inserted 48 ads.
KwId: 147619 | Country: DE | ungarische hirtenhunde
Import OK for keyword_id=147619. Inserted 18 ads.
KwId: 116556 | Country: DE | marklin glaskasten
Import OK for keyword_id=116556. Inserted 48 ads.
KwId: 204844 | Country: DE | waschbar kostum
Import OK for keyword_id=204844. Inserted 48 ads.
KwId: 120019 | Country: DE | motocross reifen 17
Import OK for keyword_id=120019. Inserted 48 ads.
KwId: 54130 | Country: DE | baby wickelbody
Import OK for keyword_id=54130. Inserted 48 ads.
KwId: 157997 | Country: DE | tretauto 2 sitz
Skip: <= 5 products in JSON.
Import OK for keyword_id=157997. Inserted 5 ads.
KwId: 155822 | Country: DE | kenzo
Import OK for keyword_id=155822. Inserted 48 ads.
KwId: 214482 | Country: DE | fall clans of the foot
Import OK for keyword_id=214482. Inserted 48 ads.
KwId: 125833 | Country: DE | philips sonicare handstuck
Import OK for keyword_id=125833. Inserted 48 ads.
KwId: 89969 | Country: DE | dr boy
Import OK for keyword_id=89969. Inserted 48 ads.
KwId: 51088 | Country: DE | isdn telefonanlage eumex
Import OK for keyword_id=51088. Inserted 48 ads.
KwId: 66030 | Country: DE | kleid schulanfang
Import OK for keyword_id=66030. Inserted 48 ads.
KwId: 57174 | Country: DE | smart fortwo automatik
Import OK for keyword_id=57174. Inserted 48 ads.
KwId: 147850 | Country: DE | unterputzdose
Import OK for keyword_id=147850. Inserted 48 ads.
KwId: 179975 | Country: DE | ford galaxy klimaanlage
Import OK for keyword_id=179975. Inserted 48 ads.
KwId: 110301 | Country: DE | komeda
Import OK for keyword_id=110301. Inserted 48 ads.
KwId: 122891 | Country: DE | ohrringe platin
Import OK for keyword_id=122891. Inserted 48 ads.
KwId: 144458 | Country: DE | thermostat adapter
Import OK for keyword_id=144458. Inserted 48 ads.
KwId: 193831 | Country: DE | touran cross felge original
Import OK for keyword_id=193831. Inserted 48 ads.
KwId: 218908 | Country: DE | jacke herren kapuzenjacke
Import OK for keyword_id=218908. Inserted 48 ads.
KwId: 115372 | Country: DE | lugia legende
Import OK for keyword_id=115372. Inserted 48 ads.
KwId: 21976 | Country: DE | alfex
Import OK for keyword_id=21976. Inserted 48 ads.
KwId: 156180 | Country: DE | ring nibelungen
Import OK for keyword_id=156180. Inserted 48 ads.
KwId: 196384 | Country: DE | druckkopf qy6 0070
Import OK for keyword_id=196384. Inserted 16 ads.
KwId: 66456 | Country: DE | fernseher trinitron
Import OK for keyword_id=66456. Inserted 48 ads.
KwId: 50833 | Country: DE | bmw oldtimer radio
Import OK for keyword_id=50833. Inserted 48 ads.
KwId: 102629 | Country: DE | herdplatte
Import OK for keyword_id=102629. Inserted 48 ads.
KwId: 158428 | Country: DE | licht kristall
Import OK for keyword_id=158428. Inserted 48 ads.
KwId: 216518 | Country: DE | abstrakt wand poster
Import OK for keyword_id=216518. Inserted 48 ads.
KwId: 18984 | Country: DE | xyladecor
Import OK for keyword_id=18984. Inserted 48 ads.
KwId: 116764 | Country: DE | marmot daunenjacke
Import OK for keyword_id=116764. Inserted 48 ads.
KwId: 129390 | Country: DE | rational untergestell
Import OK for keyword_id=129390. Inserted 48 ads.
KwId: 143679 | Country: DE | teichfilter schlauch
Import OK for keyword_id=143679. Inserted 48 ads.
KwId: 110601 | Country: DE | kopfhorerverstarker
Import OK for keyword_id=110601. Inserted 48 ads.
KwId: 65120 | Country: DE | octagon receiver
Import OK for keyword_id=65120. Inserted 48 ads.
KwId: 184418 | Country: DE | callaway diablo
Import OK for keyword_id=184418. Inserted 48 ads.
KwId: 104251 | Country: DE | hp festplattenrahmen
Import OK for keyword_id=104251. Inserted 48 ads.
KwId: 147773 | Country: DE | unold milchaufschaumer
Skip: <= 5 products in JSON.
Import OK for keyword_id=147773. Inserted 1 ads.
KwId: 72254 | Country: DE | sony james bond
Import OK for keyword_id=72254. Inserted 48 ads.
KwId: 10059 | Country: DE | flugzeug metall
Import OK for keyword_id=10059. Inserted 48 ads.
KwId: 86331 | Country: DE | chevrolet volt
Import OK for keyword_id=86331. Inserted 48 ads.
KwId: 153185 | Country: DE | wohnungseigentumsgesetz
Import OK for keyword_id=153185. Inserted 48 ads.
KwId: 61926 | Country: DE | jafra
Import OK for keyword_id=61926. Inserted 48 ads.
KwId: 158463 | Country: DE | audi s line mutze
Import OK for keyword_id=158463. Inserted 12 ads.
KwId: 132995 | Country: DE | saber cosplay
Import OK for keyword_id=132995. Inserted 48 ads.
KwId: 61071 | Country: DE | mercedes slk rader
Import OK for keyword_id=61071. Inserted 48 ads.
KwId: 113160 | Country: DE | led straßenlampe
Import OK for keyword_id=113160. Inserted 48 ads.
KwId: 87970 | Country: DE | damenhose gummizug
Import OK for keyword_id=87970. Inserted 48 ads.
KwId: 75394 | Country: DE | abs kante
Import OK for keyword_id=75394. Inserted 48 ads.
KwId: 205457 | Country: DE | vw passat komplettrader sommer
Import OK for keyword_id=205457. Inserted 48 ads.
KwId: 113411 | Country: DE | lego duplo großer bauernhof
Import OK for keyword_id=113411. Inserted 48 ads.
KwId: 120290 | Country: DE | moxie girlz
Import OK for keyword_id=120290. Inserted 48 ads.
KwId: 23960 | Country: DE | gillette sensor
Import OK for keyword_id=23960. Inserted 48 ads.
KwId: 163747 | Country: DE | großer bonsai
Import OK for keyword_id=163747. Inserted 48 ads.
KwId: 69450 | Country: DE | rigg mast segel beschlage
Import OK for keyword_id=69450. Inserted 47 ads.
KwId: 182175 | Country: DE | hanomag kurier
Import OK for keyword_id=182175. Inserted 48 ads.
KwId: 169612 | Country: DE | plattenspieler digitalisieren schallplatten
Import OK for keyword_id=169612. Inserted 29 ads.
KwId: 41184 | Country: DE | carrera sonnenbrille schwarz
Import OK for keyword_id=41184. Inserted 48 ads.
KwId: 222508 | Country: DE | neu gitarren bass
Import OK for keyword_id=222508. Inserted 48 ads.
KwId: 219571 | Country: DE | damen trekking fahrrad
Import OK for keyword_id=219571. Inserted 48 ads.
KwId: 27444 | Country: DE | filz tunika
Import OK for keyword_id=27444. Inserted 48 ads.
KwId: 174341 | Country: DE | miniteich balkon
Import OK for keyword_id=174341. Inserted 48 ads.
KwId: 216577 | Country: DE | sonnenschutz seitenmarkise markise
Import OK for keyword_id=216577. Inserted 48 ads.
KwId: 111596 | Country: DE | kuhlakku gel
Import OK for keyword_id=111596. Inserted 48 ads.
KwId: 38035 | Country: DE | mules heels
Import OK for keyword_id=38035. Inserted 48 ads.
KwId: 133110 | Country: DE | safety pen
Import OK for keyword_id=133110. Inserted 48 ads.
KwId: 146799 | Country: DE | tupperware flexi
Import OK for keyword_id=146799. Inserted 48 ads.
KwId: 31425 | Country: DE | tatran manet
Import OK for keyword_id=31425. Inserted 11 ads.
KwId: 103296 | Country: DE | hochentaster akku
Import OK for keyword_id=103296. Inserted 48 ads.
KwId: 82523 | Country: DE | blumenkubel xxl
Import OK for keyword_id=82523. Inserted 48 ads.
KwId: 203238 | Country: DE | garmin bluechart
Import OK for keyword_id=203238. Inserted 20 ads.
KwId: 121107 | Country: DE | nahen baby
Import OK for keyword_id=121107. Inserted 48 ads.
KwId: 138355 | Country: DE | snickers workwear
Import OK for keyword_id=138355. Inserted 48 ads.
KwId: 75603 | Country: DE | ackerschiene kugelkopf
Import OK for keyword_id=75603. Inserted 48 ads.
KwId: 176084 | Country: DE | geze schließblech
Import OK for keyword_id=176084. Inserted 48 ads.
KwId: 208508 | Country: DE | bmw sport line 116d
Import OK for keyword_id=208508. Inserted 48 ads.
KwId: 67639 | Country: DE | siegfried roy
Import OK for keyword_id=67639. Inserted 48 ads.
KwId: 149559 | Country: DE | volker rauch
Import OK for keyword_id=149559. Inserted 48 ads.
KwId: 58975 | Country: DE | skinhead mod
Import OK for keyword_id=58975. Inserted 48 ads.
KwId: 79646 | Country: DE | backblech alu
Import OK for keyword_id=79646. Inserted 48 ads.
KwId: 8094 | Country: DE | ford revue
Import OK for keyword_id=8094. Inserted 48 ads.
KwId: 199044 | Country: DE | haglofs jacke
Import OK for keyword_id=199044. Inserted 48 ads.
KwId: 170798 | Country: DE | dauerlicht fotografie
Import OK for keyword_id=170798. Inserted 48 ads.
*** End of crawl for DE (keywords: 500) | 2025-12-09 05:27:11
