Country passed : de
KwId: 258334 | Country: DE | skleidung fur damenflops silber schuhe schwarz
Skip: <= 5 products in JSON.
OK: 'skleidung fur damenflops silber schuhe schwarz' (0/500) => keyword_id=258334; KW not found #39982 supprimé.
KwId: 258335 | Country: DE | finkid kuu
Skip: <= 5 products in JSON.
OK: 'finkid kuu' (1/500) => keyword_id=258335; KW not found #39983 supprimé.
KwId: 258336 | Country: DE | spopularm99
Skip: <= 5 products in JSON.
OK: 'spopularm99' (2/500) => keyword_id=258336; KW not found #39984 supprimé.
KwId: 258337 | Country: DE | filterkartuschen maxtra
Categorie from ebay: Wasserfilter-Kartuschen
Categorie match :  ()
Import OK for keyword_id=258337. Inserted 48 ads.
OK: 'filterkartuschen maxtra' (3/500) => keyword_id=258337; KW not found #39985 supprimé.
KwId: 258338 | Country: DE | marantz 8b
Categorie from ebay: Verstärker
Categorie match :  ()
Import OK for keyword_id=258338. Inserted 10 ads.
OK: 'marantz 8b' (4/500) => keyword_id=258338; KW not found #39986 supprimé.
KwId: 258339 | Country: DE | heizolpumpe schrag
Categorie from ebay: Steuerungen
Categorie match :  ()
Import OK for keyword_id=258339. Inserted 6 ads.
OK: 'heizolpumpe schrag' (5/500) => keyword_id=258339; KW not found #39987 supprimé.
KwId: 258340 | Country: DE | fwinterhalter 302
Skip: <= 5 products in JSON.
OK: 'fwinterhalter 302' (6/500) => keyword_id=258340; KW not found #39989 supprimé.
KwId: 258341 | Country: DE | costa del sol
Categorie from ebay: Bücher
Categorie match : Antiquarische Bücher (5)
Import OK for keyword_id=258341. Inserted 48 ads.
OK: 'costa del sol' (7/500) => keyword_id=258341; KW not found #39990 supprimé.
KwId: 258342 | Country: DE | grodner schnitzereien
Skip: <= 5 products in JSON.
OK: 'grodner schnitzereien' (8/500) => keyword_id=258342; KW not found #39991 supprimé.
KwId: 258343 | Country: DE | mtb sattel fizik
Categorie from ebay: Sättel
Categorie match :  ()
Import OK for keyword_id=258343. Inserted 48 ads.
OK: 'mtb sattel fizik' (9/500) => keyword_id=258343; KW not found #39992 supprimé.
KwId: 258344 | Country: DE | t px722
Categorie from ebay: Schnurgebundene Telefone
Categorie match :  ()
Error: extract_top_ngrams(): Return value must be of type string, array returned
