Country passed : erowz
Crawling of 500 starting
*** Start crawling : 2025-11-30 23:00:01 | MAX KW : 500 | Country : EROWZ
KwId: 14 | Country: EROWZ | dell poweredge r620
Import OK for keyword_id=14. Inserted 48 ads.
KwId: 4 | Country: EROWZ | dell 1950
Import OK for keyword_id=4. Inserted 48 ads.
KwId: 9 | Country: EROWZ | dell cloud server
Import OK for keyword_id=9. Inserted 48 ads.
KwId: 3 | Country: EROWZ | as400
Import OK for keyword_id=3. Inserted 48 ads.
KwId: 10 | Country: EROWZ | dell poweredge 1900
Import OK for keyword_id=10. Inserted 48 ads.
KwId: 8 | Country: EROWZ | dell 2970
Import OK for keyword_id=8. Inserted 48 ads.
KwId: 12 | Country: EROWZ | dell poweredge 2650
Import OK for keyword_id=12. Inserted 48 ads.
KwId: 11 | Country: EROWZ | dell poweredge 1950
Import OK for keyword_id=11. Inserted 48 ads.
KwId: 16 | Country: EROWZ | dell r210
Import OK for keyword_id=16. Inserted 48 ads.
KwId: 2 | Country: EROWZ | 4 node server
Import OK for keyword_id=2. Inserted 48 ads.
KwId: 5 | Country: EROWZ | dell 1955 blade
Import OK for keyword_id=5. Inserted 48 ads.
KwId: 100 | Country: EROWZ | fujitsu server
Import OK for keyword_id=100. Inserted 48 ads.
KwId: 91 | Country: EROWZ | compaq server
Import OK for keyword_id=91. Inserted 48 ads.
KwId: 54 | Country: EROWZ | poweredge r720
Import OK for keyword_id=54. Inserted 48 ads.
KwId: 24 | Country: EROWZ | dell r805
Import OK for keyword_id=24. Inserted 48 ads.
KwId: 6 | Country: EROWZ | dell 2950
Import OK for keyword_id=6. Inserted 48 ads.
KwId: 7 | Country: EROWZ | dell 2950 iii
Import OK for keyword_id=7. Inserted 48 ads.
KwId: 13 | Country: EROWZ | dell poweredge 2950 server
Import OK for keyword_id=13. Inserted 48 ads.
KwId: 15 | Country: EROWZ | dell poweredge sc1425 server
Import OK for keyword_id=15. Inserted 29 ads.
KwId: 17 | Country: EROWZ | dell r310
Import OK for keyword_id=17. Inserted 48 ads.
KwId: 18 | Country: EROWZ | dell r410
Import OK for keyword_id=18. Inserted 48 ads.
KwId: 19 | Country: EROWZ | dell r420
Import OK for keyword_id=19. Inserted 48 ads.
KwId: 20 | Country: EROWZ | dell r515
Import OK for keyword_id=20. Inserted 48 ads.
KwId: 21 | Country: EROWZ | dell r620
Import OK for keyword_id=21. Inserted 48 ads.
KwId: 22 | Country: EROWZ | dell r710
Import OK for keyword_id=22. Inserted 48 ads.
KwId: 23 | Country: EROWZ | dell r715
Import OK for keyword_id=23. Inserted 48 ads.
KwId: 25 | Country: EROWZ | dell r810
Import OK for keyword_id=25. Inserted 48 ads.
KwId: 26 | Country: EROWZ | dell r815
Import OK for keyword_id=26. Inserted 48 ads.
KwId: 27 | Country: EROWZ | dell r910
Import OK for keyword_id=27. Inserted 48 ads.
KwId: 28 | Country: EROWZ | dell server lot
Import OK for keyword_id=28. Inserted 48 ads.
KwId: 29 | Country: EROWZ | dell t110
Import OK for keyword_id=29. Inserted 48 ads.
KwId: 30 | Country: EROWZ | dell t310
Import OK for keyword_id=30. Inserted 46 ads.
KwId: 31 | Country: EROWZ | dell t410
Import OK for keyword_id=31. Inserted 48 ads.
KwId: 32 | Country: EROWZ | dell t710
Import OK for keyword_id=32. Inserted 48 ads.
KwId: 34 | Country: EROWZ | dl380 g5
Import OK for keyword_id=34. Inserted 48 ads.
KwId: 35 | Country: EROWZ | esxi server
Import OK for keyword_id=35. Inserted 48 ads.
KwId: 36 | Country: EROWZ | google server
Import OK for keyword_id=36. Inserted 48 ads.
KwId: 37 | Country: EROWZ | gpu server
Import OK for keyword_id=37. Inserted 48 ads.
KwId: 38 | Country: EROWZ | home server
Import OK for keyword_id=38. Inserted 48 ads.
KwId: 39 | Country: EROWZ | hp dl180 g6
Import OK for keyword_id=39. Inserted 48 ads.
KwId: 40 | Country: EROWZ | hp dl360 g5
Import OK for keyword_id=40. Inserted 48 ads.
KwId: 41 | Country: EROWZ | hp dl380 g8
Import OK for keyword_id=41. Inserted 48 ads.
KwId: 42 | Country: EROWZ | hp dl580 server
Import OK for keyword_id=42. Inserted 48 ads.
KwId: 43 | Country: EROWZ | hp proliant dl320
Import OK for keyword_id=43. Inserted 48 ads.
KwId: 44 | Country: EROWZ | ibm 8203 e4a
Import OK for keyword_id=44. Inserted 48 ads.
KwId: 45 | Country: EROWZ | ibm as400
Import OK for keyword_id=45. Inserted 48 ads.
KwId: 46 | Country: EROWZ | ibm x3250
Import OK for keyword_id=46. Inserted 48 ads.
KwId: 47 | Country: EROWZ | ibm x3550
Import OK for keyword_id=47. Inserted 48 ads.
KwId: 48 | Country: EROWZ | ibm x3650
Import OK for keyword_id=48. Inserted 48 ads.
KwId: 49 | Country: EROWZ | ibm x3850
Import OK for keyword_id=49. Inserted 48 ads.
KwId: 50 | Country: EROWZ | poweredge 2900
Import OK for keyword_id=50. Inserted 48 ads.
KwId: 51 | Country: EROWZ | poweredge 840
Import OK for keyword_id=51. Inserted 48 ads.
KwId: 52 | Country: EROWZ | poweredge 860
Import OK for keyword_id=52. Inserted 48 ads.
KwId: 53 | Country: EROWZ | poweredge m1000e
Import OK for keyword_id=53. Inserted 48 ads.
KwId: 55 | Country: EROWZ | server 128gb ram
Import OK for keyword_id=55. Inserted 48 ads.
KwId: 56 | Country: EROWZ | storage server
Import OK for keyword_id=56. Inserted 48 ads.
KwId: 57 | Country: EROWZ | sun blade 1000
Import OK for keyword_id=57. Inserted 48 ads.
KwId: 58 | Country: EROWZ | sun t2000
Import OK for keyword_id=58. Inserted 48 ads.
KwId: 59 | Country: EROWZ | sunfire v240
Import OK for keyword_id=59. Inserted 48 ads.
KwId: 60 | Country: EROWZ | sunfire x4200
Import OK for keyword_id=60. Inserted 48 ads.
KwId: 61 | Country: EROWZ | supermicro 4u
Import OK for keyword_id=61. Inserted 48 ads.
KwId: 62 | Country: EROWZ | supermicro twin
Import OK for keyword_id=62. Inserted 48 ads.
KwId: 63 | Country: EROWZ | web server
Import OK for keyword_id=63. Inserted 48 ads.
KwId: 64 | Country: EROWZ | server used
Import OK for keyword_id=64. Inserted 48 ads.
KwId: 65 | Country: EROWZ | desktop server
Import OK for keyword_id=65. Inserted 48 ads.
KwId: 66 | Country: EROWZ | intel server
Import OK for keyword_id=66. Inserted 48 ads.
KwId: 67 | Country: EROWZ | cpu server
Import OK for keyword_id=67. Inserted 48 ads.
KwId: 68 | Country: EROWZ | server pc
Import OK for keyword_id=68. Inserted 48 ads.
KwId: 69 | Country: EROWZ | powerful server
Import OK for keyword_id=69. Inserted 48 ads.
KwId: 70 | Country: EROWZ | workstation server
Import OK for keyword_id=70. Inserted 48 ads.
KwId: 71 | Country: EROWZ | server technology
Import OK for keyword_id=71. Inserted 48 ads.
KwId: 72 | Country: EROWZ | networks server
Import OK for keyword_id=72. Inserted 48 ads.
KwId: 73 | Country: EROWZ | windows server standard
Import OK for keyword_id=73. Inserted 48 ads.
KwId: 74 | Country: EROWZ | used supermicro server
Import OK for keyword_id=74. Inserted 48 ads.
KwId: 75 | Country: EROWZ | windows server pc
Import OK for keyword_id=75. Inserted 48 ads.
KwId: 76 | Country: EROWZ | acer server
Import OK for keyword_id=76. Inserted 48 ads.
KwId: 77 | Country: EROWZ | advantech server
Import OK for keyword_id=77. Inserted 48 ads.
KwId: 78 | Country: EROWZ | alpha server
Import OK for keyword_id=78. Inserted 48 ads.
KwId: 79 | Country: EROWZ | amd server
Import OK for keyword_id=79. Inserted 48 ads.
KwId: 80 | Country: EROWZ | apc server
Import OK for keyword_id=80. Inserted 48 ads.
KwId: 81 | Country: EROWZ | apple server
Import OK for keyword_id=81. Inserted 48 ads.
KwId: 82 | Country: EROWZ | asus server
Import OK for keyword_id=82. Inserted 48 ads.
KwId: 83 | Country: EROWZ | avaya server
Import OK for keyword_id=83. Inserted 48 ads.
KwId: 84 | Country: EROWZ | avocent server
Import OK for keyword_id=84. Inserted 42 ads.
KwId: 85 | Country: EROWZ | axis server
Import OK for keyword_id=85. Inserted 48 ads.
KwId: 86 | Country: EROWZ | belkin server
Import OK for keyword_id=86. Inserted 48 ads.
KwId: 87 | Country: EROWZ | black box server
Import OK for keyword_id=87. Inserted 48 ads.
KwId: 88 | Country: EROWZ | brainboxes server
Import OK for keyword_id=88. Inserted 15 ads.
KwId: 89 | Country: EROWZ | buffalo server
Import OK for keyword_id=89. Inserted 48 ads.
KwId: 90 | Country: EROWZ | cisco server
Import OK for keyword_id=90. Inserted 48 ads.
KwId: 92 | Country: EROWZ | comtrol server
Import OK for keyword_id=92. Inserted 48 ads.
KwId: 93 | Country: EROWZ | d link server
Import OK for keyword_id=93. Inserted 48 ads.
KwId: 94 | Country: EROWZ | dec server
Import OK for keyword_id=94. Inserted 48 ads.
KwId: 95 | Country: EROWZ | dell server
Import OK for keyword_id=95. Inserted 44 ads.
KwId: 96 | Country: EROWZ | digi server
Import OK for keyword_id=96. Inserted 48 ads.
KwId: 97 | Country: EROWZ | emc server
Import OK for keyword_id=97. Inserted 48 ads.
KwId: 98 | Country: EROWZ | epson server
Import OK for keyword_id=98. Inserted 48 ads.
KwId: 99 | Country: EROWZ | express server
Import OK for keyword_id=99. Inserted 48 ads.
KwId: 101 | Country: EROWZ | gigabyte server
Import OK for keyword_id=101. Inserted 48 ads.
KwId: 102 | Country: EROWZ | hitachi server
Import OK for keyword_id=102. Inserted 48 ads.
KwId: 103 | Country: EROWZ | hp server
Import OK for keyword_id=103. Inserted 48 ads.
KwId: 104 | Country: EROWZ | hpe server
Import OK for keyword_id=104. Inserted 48 ads.
KwId: 105 | Country: EROWZ | ibm server
Import OK for keyword_id=105. Inserted 48 ads.
KwId: 106 | Country: EROWZ | intermec server
Import OK for keyword_id=106. Inserted 8 ads.
KwId: 107 | Country: EROWZ | iogear server
Import OK for keyword_id=107. Inserted 48 ads.
KwId: 108 | Country: EROWZ | iss server
Import OK for keyword_id=108. Inserted 13 ads.
KwId: 109 | Country: EROWZ | kingston server
Import OK for keyword_id=109. Inserted 43 ads.
KwId: 110 | Country: EROWZ | lantronix server
Import OK for keyword_id=110. Inserted 48 ads.
KwId: 111 | Country: EROWZ | lenovo server
Import OK for keyword_id=111. Inserted 48 ads.
KwId: 112 | Country: EROWZ | lexmark server
Import OK for keyword_id=112. Inserted 48 ads.
KwId: 113 | Country: EROWZ | microsoft server
Import OK for keyword_id=113. Inserted 48 ads.
KwId: 114 | Country: EROWZ | mrv server
Import OK for keyword_id=114. Inserted 48 ads.
KwId: 115 | Country: EROWZ | nec server
Import OK for keyword_id=115. Inserted 48 ads.
KwId: 116 | Country: EROWZ | netgear server
Import OK for keyword_id=116. Inserted 48 ads.
KwId: 117 | Country: EROWZ | perle server
Import OK for keyword_id=117. Inserted 48 ads.
KwId: 118 | Country: EROWZ | quanta computer server
Import OK for keyword_id=118. Inserted 48 ads.
KwId: 119 | Country: EROWZ | quantum server
Import OK for keyword_id=119. Inserted 48 ads.
KwId: 120 | Country: EROWZ | rackable systems server
Import OK for keyword_id=120. Inserted 48 ads.
KwId: 121 | Country: EROWZ | riverbed server
Import OK for keyword_id=121. Inserted 48 ads.
KwId: 122 | Country: EROWZ | rps server
Import OK for keyword_id=122. Inserted 48 ads.
KwId: 123 | Country: EROWZ | samsung server
Import OK for keyword_id=123. Inserted 48 ads.
KwId: 124 | Country: EROWZ | seagate server
Import OK for keyword_id=124. Inserted 48 ads.
KwId: 125 | Country: EROWZ | seh server
Import OK for keyword_id=125. Inserted 44 ads.
KwId: 126 | Country: EROWZ | sgi server
Import OK for keyword_id=126. Inserted 48 ads.
KwId: 127 | Country: EROWZ | startech server
Import OK for keyword_id=127. Inserted 48 ads.
KwId: 128 | Country: EROWZ | sun microsystems server
Import OK for keyword_id=128. Inserted 48 ads.
KwId: 129 | Country: EROWZ | supermicro server
Import OK for keyword_id=129. Inserted 48 ads.
KwId: 130 | Country: EROWZ | toshiba server
Import OK for keyword_id=130. Inserted 48 ads.
KwId: 131 | Country: EROWZ | tp link server
Import OK for keyword_id=131. Inserted 48 ads.
KwId: 132 | Country: EROWZ | tyan server
Import OK for keyword_id=132. Inserted 48 ads.
KwId: 133 | Country: EROWZ | unbranded server
Import OK for keyword_id=133. Inserted 48 ads.
KwId: 134 | Country: EROWZ | xerox server
Import OK for keyword_id=134. Inserted 48 ads.
KwId: 1 | Country: EROWZ | 1u barebone server
Import OK for keyword_id=1. Inserted 48 ads.
*** End of crawl for EROWZ (keywords: 133) | 2025-11-30 23:01:50
