Country passed : fr
KwId: 235498 | Country: FR | mustang cobra
Categorie from ebay: Voitures, camions et fourgons
Categorie match : Circuits, voitures électriques (39)
Import OK for keyword_id=235498. Inserted 48 ads.
OK: 'mustang cobra' (0/500) => keyword_id=235498; KW not found #130475 supprimé.
KwId: 235499 | Country: FR | peugeot p55
Categorie from ebay: Moteurs, filtres, échappements
Categorie match : Automates, moteurs, commandes (207)
Import OK for keyword_id=235499. Inserted 43 ads.
OK: 'peugeot p55' (1/500) => keyword_id=235499; KW not found #130476 supprimé.
KwId: 235500 | Country: FR | playmobil 4875
Categorie from ebay: Playmobil
Categorie match :  ()
Import OK for keyword_id=235500. Inserted 48 ads.
OK: 'playmobil 4875' (2/500) => keyword_id=235500; KW not found #130477 supprimé.
KwId: 235501 | Country: FR | automotrice ho
Categorie from ebay: Locomotives
Categorie match :  ()
Import OK for keyword_id=235501. Inserted 48 ads.
OK: 'automotrice ho' (3/500) => keyword_id=235501; KW not found #130478 supprimé.
KwId: 235502 | Country: FR | barbie vintage valise
Categorie from ebay: Poupées
Categorie match : Maisons de poupées miniatures (105)
Error: extract_top_ngrams(): Return value must be of type string, array returned
