Country passed : ie
Crawling of 500 starting
*** Start crawling : 2025-12-09 05:13:12 | MAX KW : 500 | Country : IE
KwId: 9789 | Country: IE | crown staffordshire china
Import OK for keyword_id=9789. Inserted 48 ads.
KwId: 22237 | Country: IE | hepvo
Import OK for keyword_id=22237. Inserted 48 ads.
KwId: 38928 | Country: IE | ac cobra kit car
Import OK for keyword_id=38928. Inserted 48 ads.
KwId: 43609 | Country: IE | singer sewing machine motor
Import OK for keyword_id=43609. Inserted 48 ads.
KwId: 15336 | Country: IE | firetrap gnome
Import OK for keyword_id=15336. Inserted 22 ads.
KwId: 8807 | Country: IE | royal navy cap tally
Import OK for keyword_id=8807. Inserted 48 ads.
KwId: 40082 | Country: IE | emission analyser
Import OK for keyword_id=40082. Inserted 48 ads.
KwId: 29704 | Country: IE | blackberry playbook charger
Import OK for keyword_id=29704. Inserted 39 ads.
KwId: 54178 | Country: IE | wwii german
Import OK for keyword_id=54178. Inserted 48 ads.
KwId: 2446 | Country: IE | marine binoculars compass
Import OK for keyword_id=2446. Inserted 48 ads.
KwId: 50842 | Country: IE | radiodetection
Import OK for keyword_id=50842. Inserted 48 ads.
KwId: 12903 | Country: IE | kawasaki zx6r fairing j2
Import OK for keyword_id=12903. Inserted 48 ads.
KwId: 41734 | Country: IE | tradesman trousers
Import OK for keyword_id=41734. Inserted 48 ads.
KwId: 22777 | Country: IE | irwin marples
Import OK for keyword_id=22777. Inserted 48 ads.
KwId: 35539 | Country: IE | wheelchair lift
Import OK for keyword_id=35539. Inserted 48 ads.
KwId: 26884 | Country: IE | dahon electric folding bike
Import OK for keyword_id=26884. Inserted 6 ads.
KwId: 31425 | Country: IE | dirt scooter
Import OK for keyword_id=31425. Inserted 48 ads.
KwId: 24274 | Country: IE | flea fogger
Import OK for keyword_id=24274. Inserted 48 ads.
KwId: 5912 | Country: IE | flysurfer
Import OK for keyword_id=5912. Inserted 23 ads.
KwId: 13600 | Country: IE | renault scenic dci injector
Import OK for keyword_id=13600. Inserted 48 ads.
KwId: 45774 | Country: IE | garden furniture set
Import OK for keyword_id=45774. Inserted 48 ads.
KwId: 1171 | Country: IE | female mannequin head shoulders
Import OK for keyword_id=1171. Inserted 48 ads.
KwId: 45991 | Country: IE | hanging basket liners
Import OK for keyword_id=45991. Inserted 48 ads.
KwId: 12748 | Country: IE | cobra bucket seats
Import OK for keyword_id=12748. Inserted 48 ads.
KwId: 28665 | Country: IE | toyota celica 1 6
Import OK for keyword_id=28665. Inserted 48 ads.
KwId: 33583 | Country: IE | vintage admiral
Import OK for keyword_id=33583. Inserted 48 ads.
KwId: 18670 | Country: IE | water timer
Import OK for keyword_id=18670. Inserted 48 ads.
KwId: 53289 | Country: IE | ballast resistor
Import OK for keyword_id=53289. Inserted 48 ads.
KwId: 11647 | Country: IE | suzuki zr 50
Import OK for keyword_id=11647. Inserted 48 ads.
KwId: 48341 | Country: IE | damaged repairable salvage
Import OK for keyword_id=48341. Inserted 48 ads.
KwId: 28567 | Country: IE | hi fi stand
Import OK for keyword_id=28567. Inserted 48 ads.
KwId: 35788 | Country: IE | land rover cubby box
Import OK for keyword_id=35788. Inserted 48 ads.
KwId: 13630 | Country: IE | orthopaedic mattress
Import OK for keyword_id=13630. Inserted 48 ads.
KwId: 34957 | Country: IE | laser level black decker
Import OK for keyword_id=34957. Inserted 48 ads.
KwId: 34996 | Country: IE | lifting slings
Import OK for keyword_id=34996. Inserted 48 ads.
KwId: 26388 | Country: IE | sawdust
Import OK for keyword_id=26388. Inserted 48 ads.
KwId: 35928 | Country: IE | blower motor resistor
Import OK for keyword_id=35928. Inserted 48 ads.
KwId: 31759 | Country: IE | tenba camera bag
Import OK for keyword_id=31759. Inserted 48 ads.
KwId: 27950 | Country: IE | toy crane jcb
Import OK for keyword_id=27950. Inserted 13 ads.
KwId: 20891 | Country: IE | kubota 008
Import OK for keyword_id=20891. Inserted 48 ads.
KwId: 6351 | Country: IE | wedgewood plates 6
Import OK for keyword_id=6351. Inserted 48 ads.
KwId: 16338 | Country: IE | laverda 750
Import OK for keyword_id=16338. Inserted 48 ads.
KwId: 51262 | Country: IE | chrysler 300c alloy wheels
Import OK for keyword_id=51262. Inserted 48 ads.
KwId: 36517 | Country: IE | wheelbarrow tyre
Import OK for keyword_id=36517. Inserted 48 ads.
KwId: 52420 | Country: IE | transit mk7 seats
Import OK for keyword_id=52420. Inserted 48 ads.
KwId: 47626 | Country: IE | mamod
Import OK for keyword_id=47626. Inserted 48 ads.
KwId: 9394 | Country: IE | latex mask
Import OK for keyword_id=9394. Inserted 48 ads.
KwId: 37492 | Country: IE | teutonia
Import OK for keyword_id=37492. Inserted 48 ads.
KwId: 15534 | Country: IE | chainsaw bar
Import OK for keyword_id=15534. Inserted 48 ads.
KwId: 16668 | Country: IE | dearmond
Import OK for keyword_id=16668. Inserted 48 ads.
KwId: 33223 | Country: IE | 1930s fireplace
Import OK for keyword_id=33223. Inserted 48 ads.
KwId: 15861 | Country: IE | mondeo mk3 tdci
Import OK for keyword_id=15861. Inserted 48 ads.
KwId: 7457 | Country: IE | raleigh m trax
Import OK for keyword_id=7457. Inserted 17 ads.
KwId: 53797 | Country: IE | fish tank stand
Import OK for keyword_id=53797. Inserted 48 ads.
KwId: 14835 | Country: IE | drill press
Import OK for keyword_id=14835. Inserted 48 ads.
KwId: 26946 | Country: IE | kojak buick
Import OK for keyword_id=26946. Inserted 48 ads.
KwId: 32840 | Country: IE | zara studded clutch bag
Import OK for keyword_id=32840. Inserted 48 ads.
KwId: 8353 | Country: IE | britains trailer
Import OK for keyword_id=8353. Inserted 48 ads.
KwId: 28660 | Country: IE | astra g spoiler
Import OK for keyword_id=28660. Inserted 48 ads.
KwId: 30421 | Country: IE | gelish nail polish kit
Import OK for keyword_id=30421. Inserted 48 ads.
KwId: 34683 | Country: IE | stitch costume
Import OK for keyword_id=34683. Inserted 48 ads.
KwId: 3311 | Country: IE | fender jazz bass
Import OK for keyword_id=3311. Inserted 48 ads.
KwId: 19365 | Country: IE | dog grooming table large
Import OK for keyword_id=19365. Inserted 48 ads.
KwId: 12118 | Country: IE | aquarium light unit
Import OK for keyword_id=12118. Inserted 48 ads.
KwId: 27202 | Country: IE | wooden tree display
Import OK for keyword_id=27202. Inserted 48 ads.
KwId: 33029 | Country: IE | mabef easel
Import OK for keyword_id=33029. Inserted 48 ads.
KwId: 11192 | Country: IE | ibanez rg prestige
Import OK for keyword_id=11192. Inserted 48 ads.
KwId: 27189 | Country: IE | cider jug
Import OK for keyword_id=27189. Inserted 48 ads.
KwId: 49650 | Country: IE | multifuel stove boiler
Import OK for keyword_id=49650. Inserted 48 ads.
KwId: 15579 | Country: IE | audi r8 ride car
Import OK for keyword_id=15579. Inserted 48 ads.
KwId: 42786 | Country: IE | antique piano stool
Import OK for keyword_id=42786. Inserted 48 ads.
KwId: 5769 | Country: IE | ergo baby
Import OK for keyword_id=5769. Inserted 48 ads.
KwId: 53067 | Country: IE | dub siren
Import OK for keyword_id=53067. Inserted 31 ads.
KwId: 43753 | Country: IE | selmer soloist
Import OK for keyword_id=43753. Inserted 48 ads.
KwId: 14570 | Country: IE | smart brabus exhaust
Import OK for keyword_id=14570. Inserted 48 ads.
KwId: 11407 | Country: IE | samick bow
Import OK for keyword_id=11407. Inserted 48 ads.
KwId: 16730 | Country: IE | frank lyman
Import OK for keyword_id=16730. Inserted 48 ads.
KwId: 35252 | Country: IE | firefighter jacket
Import OK for keyword_id=35252. Inserted 48 ads.
KwId: 50632 | Country: IE | honda cub c90 chain guard
Import OK for keyword_id=50632. Inserted 48 ads.
KwId: 9950 | Country: IE | vintage flying jacket
Import OK for keyword_id=9950. Inserted 48 ads.
KwId: 10982 | Country: IE | wharfedale dovedale
Import OK for keyword_id=10982. Inserted 48 ads.
KwId: 18088 | Country: IE | ticket machine
Import OK for keyword_id=18088. Inserted 48 ads.
KwId: 52247 | Country: IE | flashing beacon
Import OK for keyword_id=52247. Inserted 48 ads.
KwId: 26801 | Country: IE | bayonet
Import OK for keyword_id=26801. Inserted 48 ads.
KwId: 13917 | Country: IE | finding nemo baby
Import OK for keyword_id=13917. Inserted 48 ads.
KwId: 1681 | Country: IE | jeep engine
Import OK for keyword_id=1681. Inserted 48 ads.
KwId: 43627 | Country: IE | gilera dna engine
Import OK for keyword_id=43627. Inserted 48 ads.
KwId: 50927 | Country: IE | uv cabinet
Import OK for keyword_id=50927. Inserted 48 ads.
KwId: 45303 | Country: IE | daihatsu campervan
Import OK for keyword_id=45303. Inserted 48 ads.
KwId: 7930 | Country: IE | vintage writing bureau
Import OK for keyword_id=7930. Inserted 48 ads.
KwId: 34422 | Country: IE | cosworth exhaust
Import OK for keyword_id=34422. Inserted 48 ads.
KwId: 12667 | Country: IE | milwaukee impact driver
Import OK for keyword_id=12667. Inserted 48 ads.
KwId: 9477 | Country: IE | tall white gloss cabinet
Import OK for keyword_id=9477. Inserted 48 ads.
KwId: 2569 | Country: IE | tanaka
Import OK for keyword_id=2569. Inserted 48 ads.
KwId: 4375 | Country: IE | hanging jewellery organiser
Import OK for keyword_id=4375. Inserted 48 ads.
KwId: 14928 | Country: IE | fabric chesterfield sofa
Import OK for keyword_id=14928. Inserted 48 ads.
KwId: 50477 | Country: IE | table saw fence
Import OK for keyword_id=50477. Inserted 48 ads.
KwId: 45153 | Country: IE | vw wheel caps r
Import OK for keyword_id=45153. Inserted 48 ads.
KwId: 8493 | Country: IE | craft tote
Import OK for keyword_id=8493. Inserted 48 ads.
KwId: 30272 | Country: IE | cane chair cushions
Import OK for keyword_id=30272. Inserted 48 ads.
KwId: 23196 | Country: IE | phildar wool
Import OK for keyword_id=23196. Inserted 48 ads.
KwId: 36744 | Country: IE | husky fridge
Import OK for keyword_id=36744. Inserted 48 ads.
KwId: 3244 | Country: IE | skateboard halfpipe
Import OK for keyword_id=3244. Inserted 48 ads.
KwId: 39873 | Country: IE | buben zorweg
Skip: <= 5 products in JSON.
Import OK for keyword_id=39873. Inserted 0 ads.
KwId: 48575 | Country: IE | leyland comet
Import OK for keyword_id=48575. Inserted 48 ads.
KwId: 39764 | Country: IE | royal selangor pewter
Import OK for keyword_id=39764. Inserted 48 ads.
KwId: 50868 | Country: IE | original russian
Import OK for keyword_id=50868. Inserted 48 ads.
KwId: 37938 | Country: IE | pontiac
Import OK for keyword_id=37938. Inserted 48 ads.
KwId: 4551 | Country: IE | maverick blackout
Import OK for keyword_id=4551. Inserted 48 ads.
KwId: 51476 | Country: IE | crown wheel pinion
Import OK for keyword_id=51476. Inserted 48 ads.
KwId: 36883 | Country: IE | silk cravat
Import OK for keyword_id=36883. Inserted 48 ads.
KwId: 12811 | Country: IE | drift trike
Import OK for keyword_id=12811. Inserted 48 ads.
KwId: 22605 | Country: IE | professional steamer
Import OK for keyword_id=22605. Inserted 48 ads.
KwId: 25806 | Country: IE | louboutin
Import OK for keyword_id=25806. Inserted 48 ads.
KwId: 14378 | Country: IE | sony mds je
Import OK for keyword_id=14378. Inserted 48 ads.
KwId: 12805 | Country: IE | dietrich oven
Import OK for keyword_id=12805. Inserted 48 ads.
KwId: 51398 | Country: IE | honda integra type r dc5 seats
Import OK for keyword_id=51398. Inserted 48 ads.
KwId: 3467 | Country: IE | water lily figurines
Import OK for keyword_id=3467. Inserted 48 ads.
KwId: 42037 | Country: IE | s1 rs turbo
Import OK for keyword_id=42037. Inserted 48 ads.
KwId: 26920 | Country: IE | playpen
Import OK for keyword_id=26920. Inserted 48 ads.
KwId: 18972 | Country: IE | electric car aerial
Import OK for keyword_id=18972. Inserted 48 ads.
KwId: 51797 | Country: IE | crestron
Import OK for keyword_id=51797. Inserted 48 ads.
KwId: 50955 | Country: IE | john deere cylinder mower
Import OK for keyword_id=50955. Inserted 48 ads.
KwId: 18452 | Country: IE | community playthings
Import OK for keyword_id=18452. Inserted 48 ads.
KwId: 4827 | Country: IE | nao boy
Import OK for keyword_id=4827. Inserted 48 ads.
KwId: 41255 | Country: IE | orly gel fx
Import OK for keyword_id=41255. Inserted 48 ads.
KwId: 14756 | Country: IE | nokia 1611
Import OK for keyword_id=14756. Inserted 48 ads.
KwId: 4815 | Country: IE | ikea expedit
Import OK for keyword_id=4815. Inserted 48 ads.
KwId: 22800 | Country: IE | head skis
Import OK for keyword_id=22800. Inserted 48 ads.
KwId: 18910 | Country: IE | forces valor tiger
Import OK for keyword_id=18910. Inserted 48 ads.
KwId: 53643 | Country: IE | brass ships clock
Import OK for keyword_id=53643. Inserted 48 ads.
KwId: 18875 | Country: IE | leather trousers
Import OK for keyword_id=18875. Inserted 48 ads.
KwId: 567 | Country: IE | pokemon charizard
Import OK for keyword_id=567. Inserted 48 ads.
KwId: 41817 | Country: IE | jamie oliver book
Import OK for keyword_id=41817. Inserted 48 ads.
KwId: 23666 | Country: IE | ibanez bass guitar
Import OK for keyword_id=23666. Inserted 48 ads.
KwId: 50110 | Country: IE | philips cd 880 cd
Import OK for keyword_id=50110. Inserted 48 ads.
KwId: 7306 | Country: IE | antique silver purse
Import OK for keyword_id=7306. Inserted 48 ads.
KwId: 11326 | Country: IE | huawei b593
Import OK for keyword_id=11326. Inserted 48 ads.
KwId: 35435 | Country: IE | paul cardew
Import OK for keyword_id=35435. Inserted 48 ads.
KwId: 7623 | Country: IE | cottage furniture
Import OK for keyword_id=7623. Inserted 48 ads.
KwId: 32408 | Country: IE | flue damper
Import OK for keyword_id=32408. Inserted 48 ads.
KwId: 34257 | Country: IE | cath kidston stanley
Import OK for keyword_id=34257. Inserted 48 ads.
KwId: 42724 | Country: IE | bausch lomb
Import OK for keyword_id=42724. Inserted 48 ads.
KwId: 51321 | Country: IE | stuart glass vase
Import OK for keyword_id=51321. Inserted 48 ads.
KwId: 33318 | Country: IE | building materials
Import OK for keyword_id=33318. Inserted 48 ads.
KwId: 2202 | Country: IE | medion
Import OK for keyword_id=2202. Inserted 48 ads.
KwId: 33308 | Country: IE | matchbox connectables
Import OK for keyword_id=33308. Inserted 48 ads.
KwId: 5016 | Country: IE | sissy satin panties
Import OK for keyword_id=5016. Inserted 48 ads.
KwId: 16699 | Country: IE | sublimation blanks
Import OK for keyword_id=16699. Inserted 48 ads.
KwId: 41586 | Country: IE | simmons sds
Import OK for keyword_id=41586. Inserted 48 ads.
KwId: 50947 | Country: IE | wall mounted water feature
Import OK for keyword_id=50947. Inserted 48 ads.
KwId: 3919 | Country: IE | honda nsr 75
Import OK for keyword_id=3919. Inserted 48 ads.
KwId: 49764 | Country: IE | latex suit
Import OK for keyword_id=49764. Inserted 48 ads.
KwId: 8286 | Country: IE | tram model
Import OK for keyword_id=8286. Inserted 48 ads.
KwId: 46888 | Country: IE | carbon steel
Import OK for keyword_id=46888. Inserted 48 ads.
KwId: 5124 | Country: IE | tilly tilley lamp lantern
Import OK for keyword_id=5124. Inserted 48 ads.
KwId: 31408 | Country: IE | ninco
Import OK for keyword_id=31408. Inserted 48 ads.
KwId: 17066 | Country: IE | turn plates
Import OK for keyword_id=17066. Inserted 48 ads.
KwId: 27272 | Country: IE | office furniture filing
Import OK for keyword_id=27272. Inserted 48 ads.
KwId: 43589 | Country: IE | swatch irony
Import OK for keyword_id=43589. Inserted 48 ads.
KwId: 36243 | Country: IE | 12 cake tin
Import OK for keyword_id=36243. Inserted 48 ads.
KwId: 25205 | Country: IE | john wilman wallpaper
Import OK for keyword_id=25205. Inserted 48 ads.
KwId: 44446 | Country: IE | elena miro
Import OK for keyword_id=44446. Inserted 48 ads.
KwId: 40867 | Country: IE | thom browne
Import OK for keyword_id=40867. Inserted 48 ads.
KwId: 32077 | Country: IE | gilera dna clock
Import OK for keyword_id=32077. Inserted 12 ads.
KwId: 18507 | Country: IE | vauxhall astra twintop
Import OK for keyword_id=18507. Inserted 48 ads.
KwId: 15154 | Country: IE | shiplap cladding
Import OK for keyword_id=15154. Inserted 48 ads.
KwId: 7378 | Country: IE | living puppets
Import OK for keyword_id=7378. Inserted 48 ads.
KwId: 16807 | Country: IE | wolseley parts
Import OK for keyword_id=16807. Inserted 48 ads.
KwId: 21719 | Country: IE | ktm plastics
Import OK for keyword_id=21719. Inserted 48 ads.
KwId: 29711 | Country: IE | aneroid barometer
Import OK for keyword_id=29711. Inserted 48 ads.
KwId: 24452 | Country: IE | virgos lounge dress 12
Import OK for keyword_id=24452. Inserted 48 ads.
KwId: 2452 | Country: IE | paddy smith patches
Import OK for keyword_id=2452. Inserted 48 ads.
KwId: 14962 | Country: IE | laura ashley leather bags
Import OK for keyword_id=14962. Inserted 48 ads.
KwId: 2836 | Country: IE | vw t25
Import OK for keyword_id=2836. Inserted 48 ads.
KwId: 42777 | Country: IE | honda b20
Import OK for keyword_id=42777. Inserted 48 ads.
KwId: 29839 | Country: IE | spirit st louis
Import OK for keyword_id=29839. Inserted 48 ads.
KwId: 12749 | Country: IE | metal detectors
Import OK for keyword_id=12749. Inserted 48 ads.
KwId: 41299 | Country: IE | ikea karlstad sofa
Import OK for keyword_id=41299. Inserted 48 ads.
KwId: 42601 | Country: IE | undermount sink bathroom
Import OK for keyword_id=42601. Inserted 48 ads.
KwId: 41798 | Country: IE | rondinax
Import OK for keyword_id=41798. Inserted 29 ads.
KwId: 29524 | Country: IE | vw autosleeper
Import OK for keyword_id=29524. Inserted 46 ads.
KwId: 45872 | Country: IE | dinky peugeot
Import OK for keyword_id=45872. Inserted 48 ads.
KwId: 30510 | Country: IE | silver tea strainer
Import OK for keyword_id=30510. Inserted 48 ads.
KwId: 16553 | Country: IE | rapala silver
Import OK for keyword_id=16553. Inserted 48 ads.
KwId: 24758 | Country: IE | folding seat
Import OK for keyword_id=24758. Inserted 48 ads.
KwId: 34180 | Country: IE | pearl drums
Import OK for keyword_id=34180. Inserted 48 ads.
KwId: 24709 | Country: IE | jaguar x type grill
Import OK for keyword_id=24709. Inserted 48 ads.
KwId: 36321 | Country: IE | bottle filler
Import OK for keyword_id=36321. Inserted 48 ads.
KwId: 30432 | Country: IE | kubota bx
Import OK for keyword_id=30432. Inserted 48 ads.
KwId: 28358 | Country: IE | playboy light
Import OK for keyword_id=28358. Inserted 48 ads.
KwId: 3633 | Country: IE | nouveau copper
Import OK for keyword_id=3633. Inserted 48 ads.
KwId: 23544 | Country: IE | womens ethnic clothes
Import OK for keyword_id=23544. Inserted 48 ads.
KwId: 35136 | Country: IE | 66 north
Import OK for keyword_id=35136. Inserted 48 ads.
KwId: 35429 | Country: IE | garmin 910xt
Import OK for keyword_id=35429. Inserted 48 ads.
KwId: 19723 | Country: IE | wall mounted hanging rail
Import OK for keyword_id=19723. Inserted 48 ads.
KwId: 25109 | Country: IE | vw transporter interior
Import OK for keyword_id=25109. Inserted 48 ads.
KwId: 26255 | Country: IE | silhouette glasses
Import OK for keyword_id=26255. Inserted 48 ads.
KwId: 23641 | Country: IE | 80s cocktail dress
Import OK for keyword_id=23641. Inserted 48 ads.
KwId: 29431 | Country: IE | brass telescope
Import OK for keyword_id=29431. Inserted 48 ads.
KwId: 38947 | Country: IE | longline bra
Import OK for keyword_id=38947. Inserted 48 ads.
KwId: 37303 | Country: IE | cherry sideboard
Import OK for keyword_id=37303. Inserted 48 ads.
KwId: 39948 | Country: IE | nikon 10 24mm
Import OK for keyword_id=39948. Inserted 48 ads.
KwId: 23243 | Country: IE | barbie england
Import OK for keyword_id=23243. Inserted 48 ads.
KwId: 24350 | Country: IE | factory stool
Import OK for keyword_id=24350. Inserted 48 ads.
KwId: 34951 | Country: IE | honda z50
Import OK for keyword_id=34951. Inserted 48 ads.
KwId: 31218 | Country: IE | pet monster
Import OK for keyword_id=31218. Inserted 48 ads.
KwId: 4990 | Country: IE | yamaha cd recorder
Import OK for keyword_id=4990. Inserted 48 ads.
KwId: 4489 | Country: IE | stanley toolbox
Import OK for keyword_id=4489. Inserted 48 ads.
KwId: 29294 | Country: IE | mculloch petrol hedge trimmer
Import OK for keyword_id=29294. Inserted 48 ads.
KwId: 28345 | Country: IE | bmw e36 m tech
Import OK for keyword_id=28345. Inserted 48 ads.
KwId: 47425 | Country: IE | pajero decals
Import OK for keyword_id=47425. Inserted 48 ads.
KwId: 30546 | Country: IE | pond sieve
Import OK for keyword_id=30546. Inserted 48 ads.
KwId: 49416 | Country: IE | drainage machine
Import OK for keyword_id=49416. Inserted 48 ads.
KwId: 40214 | Country: IE | wilson di7 irons
Import OK for keyword_id=40214. Inserted 48 ads.
KwId: 38669 | Country: IE | nissan 300zx
Import OK for keyword_id=38669. Inserted 48 ads.
KwId: 32770 | Country: IE | british lions
Import OK for keyword_id=32770. Inserted 48 ads.
KwId: 32799 | Country: IE | heavy duty dog cages
Import OK for keyword_id=32799. Inserted 48 ads.
KwId: 9045 | Country: IE | honda 400ex
Import OK for keyword_id=9045. Inserted 48 ads.
KwId: 5767 | Country: IE | daimler 250
Import OK for keyword_id=5767. Inserted 48 ads.
KwId: 44750 | Country: IE | terre d hermes
Import OK for keyword_id=44750. Inserted 48 ads.
KwId: 435 | Country: IE | pioneer lx
Import OK for keyword_id=435. Inserted 48 ads.
KwId: 23472 | Country: IE | snake hook
Import OK for keyword_id=23472. Inserted 48 ads.
KwId: 46123 | Country: IE | traxxas 4x4
Import OK for keyword_id=46123. Inserted 48 ads.
KwId: 34874 | Country: IE | cot bed mamas papas
Import OK for keyword_id=34874. Inserted 48 ads.
KwId: 9818 | Country: IE | wardrobe clothes rail
Import OK for keyword_id=9818. Inserted 48 ads.
KwId: 35712 | Country: IE | orla kiely mug
Import OK for keyword_id=35712. Inserted 48 ads.
KwId: 9176 | Country: IE | troll dam
Import OK for keyword_id=9176. Inserted 48 ads.
KwId: 31206 | Country: IE | samsung smart tv
Import OK for keyword_id=31206. Inserted 48 ads.
KwId: 13892 | Country: IE | moser hair clipper
Import OK for keyword_id=13892. Inserted 48 ads.
KwId: 19935 | Country: IE | mitsubishi l200 grill
Import OK for keyword_id=19935. Inserted 48 ads.
KwId: 5869 | Country: IE | leather laces
Import OK for keyword_id=5869. Inserted 48 ads.
KwId: 38324 | Country: IE | valve record players
Import OK for keyword_id=38324. Inserted 48 ads.
KwId: 52491 | Country: IE | porsche design
Import OK for keyword_id=52491. Inserted 48 ads.
KwId: 44589 | Country: IE | kawasaki z 1000 exhaust
Import OK for keyword_id=44589. Inserted 48 ads.
KwId: 31468 | Country: IE | speedplay cleats
Import OK for keyword_id=31468. Inserted 48 ads.
KwId: 22358 | Country: IE | gothic coat
Import OK for keyword_id=22358. Inserted 48 ads.
KwId: 45993 | Country: IE | brass bell
Import OK for keyword_id=45993. Inserted 48 ads.
KwId: 27205 | Country: IE | honda s2000 roof
Import OK for keyword_id=27205. Inserted 48 ads.
KwId: 880 | Country: IE | adidas referee
Import OK for keyword_id=880. Inserted 48 ads.
KwId: 23225 | Country: IE | musical fidelity x
Import OK for keyword_id=23225. Inserted 48 ads.
KwId: 18776 | Country: IE | water slide decals
Import OK for keyword_id=18776. Inserted 48 ads.
KwId: 28447 | Country: IE | yamaha rd350 ypvs fairing
Import OK for keyword_id=28447. Inserted 48 ads.
KwId: 13106 | Country: IE | felling axe
Import OK for keyword_id=13106. Inserted 48 ads.
KwId: 34331 | Country: IE | basin brackets
Import OK for keyword_id=34331. Inserted 48 ads.
KwId: 12078 | Country: IE | tour edge exotics
Import OK for keyword_id=12078. Inserted 48 ads.
KwId: 18272 | Country: IE | norton parts
Import OK for keyword_id=18272. Inserted 48 ads.
KwId: 9637 | Country: IE | junghans
Import OK for keyword_id=9637. Inserted 48 ads.
KwId: 49629 | Country: IE | maxi cosi cabriofix fit isofix base
Import OK for keyword_id=49629. Inserted 48 ads.
KwId: 31339 | Country: IE | dragon teapot
Import OK for keyword_id=31339. Inserted 48 ads.
KwId: 32190 | Country: IE | cast iron table legs
Import OK for keyword_id=32190. Inserted 48 ads.
KwId: 37051 | Country: IE | komatsu excavator 130
Import OK for keyword_id=37051. Inserted 48 ads.
KwId: 39786 | Country: IE | leaf sweeper
Import OK for keyword_id=39786. Inserted 48 ads.
KwId: 23875 | Country: IE | vintage riding coat
Import OK for keyword_id=23875. Inserted 48 ads.
KwId: 50509 | Country: IE | designer glasses frames
Import OK for keyword_id=50509. Inserted 48 ads.
KwId: 26789 | Country: IE | nissan bluebird
Import OK for keyword_id=26789. Inserted 48 ads.
KwId: 37257 | Country: IE | james bond 007
Import OK for keyword_id=37257. Inserted 48 ads.
KwId: 6773 | Country: IE | antique bellows
Import OK for keyword_id=6773. Inserted 48 ads.
KwId: 20203 | Country: IE | bmw f650cs
Import OK for keyword_id=20203. Inserted 48 ads.
KwId: 3474 | Country: IE | vienna wall clock
Import OK for keyword_id=3474. Inserted 48 ads.
KwId: 19846 | Country: IE | zurg
Import OK for keyword_id=19846. Inserted 48 ads.
KwId: 54019 | Country: IE | toy cash register
Import OK for keyword_id=54019. Inserted 48 ads.
KwId: 47186 | Country: IE | powakaddy charger
Import OK for keyword_id=47186. Inserted 48 ads.
KwId: 37742 | Country: IE | yamaha xj900 diversion clock
Import OK for keyword_id=37742. Inserted 19 ads.
KwId: 46792 | Country: IE | blood bowl chaos
Import OK for keyword_id=46792. Inserted 48 ads.
KwId: 26909 | Country: IE | jumpking
Import OK for keyword_id=26909. Inserted 48 ads.
KwId: 46802 | Country: IE | ladder stabiliser
Import OK for keyword_id=46802. Inserted 48 ads.
KwId: 7441 | Country: IE | honda gxh 50
Import OK for keyword_id=7441. Inserted 48 ads.
KwId: 5210 | Country: IE | speed stacks
Import OK for keyword_id=5210. Inserted 48 ads.
KwId: 28849 | Country: IE | spirax sarco
Import OK for keyword_id=28849. Inserted 48 ads.
KwId: 17724 | Country: IE | open university mathematics
Import OK for keyword_id=17724. Inserted 48 ads.
KwId: 4003 | Country: IE | bavaria coffee set
Import OK for keyword_id=4003. Inserted 48 ads.
KwId: 12437 | Country: IE | economics mankiw
Import OK for keyword_id=12437. Inserted 48 ads.
KwId: 22829 | Country: IE | studer
Import OK for keyword_id=22829. Inserted 48 ads.
KwId: 2133 | Country: IE | jigsaw mat
Import OK for keyword_id=2133. Inserted 48 ads.
KwId: 23219 | Country: IE | silver walking canes
Import OK for keyword_id=23219. Inserted 48 ads.
KwId: 34463 | Country: IE | murano fish glass
Import OK for keyword_id=34463. Inserted 48 ads.
KwId: 19112 | Country: IE | glass dome clock
Import OK for keyword_id=19112. Inserted 48 ads.
KwId: 5247 | Country: IE | plaster mixer 110v
Import OK for keyword_id=5247. Inserted 48 ads.
KwId: 22831 | Country: IE | children s coat stand
Import OK for keyword_id=22831. Inserted 48 ads.
KwId: 50316 | Country: IE | woodworking compass
Import OK for keyword_id=50316. Inserted 48 ads.
KwId: 13187 | Country: IE | orange rotary phone
Import OK for keyword_id=13187. Inserted 48 ads.
KwId: 4314 | Country: IE | outboard bracket
Import OK for keyword_id=4314. Inserted 48 ads.
KwId: 36237 | Country: IE | bakelite door plate
Import OK for keyword_id=36237. Inserted 48 ads.
KwId: 4095 | Country: IE | babybjorn bouncer
Import OK for keyword_id=4095. Inserted 48 ads.
KwId: 4681 | Country: IE | eastpak
Import OK for keyword_id=4681. Inserted 48 ads.
KwId: 13124 | Country: IE | vw passat leather seats
Import OK for keyword_id=13124. Inserted 48 ads.
KwId: 7219 | Country: IE | vintage retro enamel coffee pot
Import OK for keyword_id=7219. Inserted 48 ads.
KwId: 34841 | Country: IE | voyage fabric
Import OK for keyword_id=34841. Inserted 48 ads.
KwId: 22748 | Country: IE | wally dogs
Import OK for keyword_id=22748. Inserted 48 ads.
KwId: 53050 | Country: IE | otto keramik
Import OK for keyword_id=53050. Inserted 48 ads.
KwId: 46217 | Country: IE | canopy sunbeds
Import OK for keyword_id=46217. Inserted 48 ads.
KwId: 8713 | Country: IE | willow sticks
Import OK for keyword_id=8713. Inserted 48 ads.
KwId: 8841 | Country: IE | luis royo
Import OK for keyword_id=8841. Inserted 48 ads.
KwId: 16211 | Country: IE | brine shrimp
Import OK for keyword_id=16211. Inserted 48 ads.
KwId: 8498 | Country: IE | vauxhall corsa b gsi
Import OK for keyword_id=8498. Inserted 48 ads.
KwId: 36182 | Country: IE | humpty dumpty pattern
Import OK for keyword_id=36182. Inserted 48 ads.
KwId: 23222 | Country: IE | dennis fire engine
Import OK for keyword_id=23222. Inserted 48 ads.
KwId: 28973 | Country: IE | drinks globe
Import OK for keyword_id=28973. Inserted 48 ads.
KwId: 32368 | Country: IE | black cat teapot
Import OK for keyword_id=32368. Inserted 48 ads.
KwId: 7258 | Country: IE | anubias nana
Import OK for keyword_id=7258. Inserted 48 ads.
KwId: 41158 | Country: IE | knobkerrie
Import OK for keyword_id=41158. Inserted 48 ads.
KwId: 22564 | Country: IE | titanium frame
Import OK for keyword_id=22564. Inserted 48 ads.
KwId: 13158 | Country: IE | ar80
Import OK for keyword_id=13158. Inserted 48 ads.
KwId: 16009 | Country: IE | rosenthal vase
Import OK for keyword_id=16009. Inserted 48 ads.
KwId: 36154 | Country: IE | icom filter
Import OK for keyword_id=36154. Inserted 48 ads.
KwId: 50499 | Country: IE | clansman radio
Import OK for keyword_id=50499. Inserted 48 ads.
KwId: 54218 | Country: IE | monster energy hat
Import OK for keyword_id=54218. Inserted 48 ads.
KwId: 30953 | Country: IE | hayter spare parts
Import OK for keyword_id=30953. Inserted 48 ads.
KwId: 48247 | Country: IE | ashley drawers
Import OK for keyword_id=48247. Inserted 48 ads.
KwId: 28397 | Country: IE | vespa pk 50
Import OK for keyword_id=28397. Inserted 48 ads.
KwId: 46334 | Country: IE | senco duraspin
Import OK for keyword_id=46334. Inserted 48 ads.
KwId: 38878 | Country: IE | caravan corner steady
Import OK for keyword_id=38878. Inserted 48 ads.
KwId: 10347 | Country: IE | perkins starter motor
Import OK for keyword_id=10347. Inserted 48 ads.
KwId: 33288 | Country: IE | sliding door track
Import OK for keyword_id=33288. Inserted 48 ads.
KwId: 12404 | Country: IE | philips turntable
Import OK for keyword_id=12404. Inserted 48 ads.
KwId: 624 | Country: IE | gazebo replacement canopy
Import OK for keyword_id=624. Inserted 48 ads.
KwId: 5786 | Country: IE | snap watch
Import OK for keyword_id=5786. Inserted 48 ads.
KwId: 33522 | Country: IE | zetec turbo engine
Import OK for keyword_id=33522. Inserted 48 ads.
KwId: 6593 | Country: IE | sherborne stool
Import OK for keyword_id=6593. Inserted 48 ads.
KwId: 54930 | Country: IE | shorter son toby jug
Import OK for keyword_id=54930. Inserted 48 ads.
KwId: 19831 | Country: IE | ttrs alloys
Import OK for keyword_id=19831. Inserted 48 ads.
KwId: 43228 | Country: IE | rattan daybed
Import OK for keyword_id=43228. Inserted 48 ads.
KwId: 53381 | Country: IE | transit van alloy wheels
Import OK for keyword_id=53381. Inserted 48 ads.
KwId: 51760 | Country: IE | okuma centrepin
Import OK for keyword_id=51760. Inserted 27 ads.
KwId: 9625 | Country: IE | lalaloopsy full size doll
Import OK for keyword_id=9625. Inserted 48 ads.
KwId: 49413 | Country: IE | marples brace
Import OK for keyword_id=49413. Inserted 44 ads.
KwId: 35810 | Country: IE | towing pole damper
Import OK for keyword_id=35810. Inserted 48 ads.
KwId: 10143 | Country: IE | vw tdi egr valve
Import OK for keyword_id=10143. Inserted 48 ads.
KwId: 22181 | Country: IE | ivory wedding veil crystals
Import OK for keyword_id=22181. Inserted 48 ads.
KwId: 6856 | Country: IE | ford diesel injectors
Import OK for keyword_id=6856. Inserted 48 ads.
KwId: 35382 | Country: IE | nappy pins
Import OK for keyword_id=35382. Inserted 48 ads.
KwId: 13521 | Country: IE | natural beeswax
Import OK for keyword_id=13521. Inserted 48 ads.
KwId: 28814 | Country: IE | leather goretex boots
Import OK for keyword_id=28814. Inserted 48 ads.
KwId: 13949 | Country: IE | chemist drawers
Import OK for keyword_id=13949. Inserted 48 ads.
KwId: 45135 | Country: IE | guinness vintage
Import OK for keyword_id=45135. Inserted 48 ads.
KwId: 7132 | Country: IE | medion laptop keyboard
Import OK for keyword_id=7132. Inserted 48 ads.
KwId: 5771 | Country: IE | rally trip computer
Import OK for keyword_id=5771. Inserted 25 ads.
KwId: 12333 | Country: IE | oakley square wire
Import OK for keyword_id=12333. Inserted 48 ads.
KwId: 32257 | Country: IE | digital combination door lock
Import OK for keyword_id=32257. Inserted 48 ads.
KwId: 9148 | Country: IE | william hunt jacket
Import OK for keyword_id=9148. Inserted 48 ads.
KwId: 20008 | Country: IE | british army trousers
Import OK for keyword_id=20008. Inserted 48 ads.
KwId: 20249 | Country: IE | tx4 taxi
Import OK for keyword_id=20249. Inserted 48 ads.
KwId: 36815 | Country: IE | merino sleeping bag
Import OK for keyword_id=36815. Inserted 25 ads.
KwId: 45898 | Country: IE | nursey sheepskin
Import OK for keyword_id=45898. Inserted 48 ads.
KwId: 52940 | Country: IE | knex
Import OK for keyword_id=52940. Inserted 48 ads.
KwId: 1638 | Country: IE | pearl lowe dress
Import OK for keyword_id=1638. Inserted 48 ads.
KwId: 4764 | Country: IE | guy cotten jacket
Import OK for keyword_id=4764. Inserted 48 ads.
KwId: 13471 | Country: IE | rattan cube
Import OK for keyword_id=13471. Inserted 48 ads.
KwId: 20836 | Country: IE | spy watch
Import OK for keyword_id=20836. Inserted 48 ads.
KwId: 19616 | Country: IE | yale home alarm system
Import OK for keyword_id=19616. Inserted 48 ads.
KwId: 50874 | Country: IE | cycling shoes
Import OK for keyword_id=50874. Inserted 48 ads.
KwId: 46079 | Country: IE | generators
Import OK for keyword_id=46079. Inserted 48 ads.
KwId: 30331 | Country: IE | sword stick
Import OK for keyword_id=30331. Inserted 48 ads.
KwId: 35586 | Country: IE | royal norfolk
Import OK for keyword_id=35586. Inserted 48 ads.
KwId: 10128 | Country: IE | stihl strimmer fs410
Import OK for keyword_id=10128. Inserted 48 ads.
KwId: 14694 | Country: IE | hondamatic
Import OK for keyword_id=14694. Inserted 48 ads.
KwId: 12508 | Country: IE | jamo
Import OK for keyword_id=12508. Inserted 48 ads.
KwId: 51897 | Country: IE | velux pole
Import OK for keyword_id=51897. Inserted 48 ads.
KwId: 15219 | Country: IE | citronic
Import OK for keyword_id=15219. Inserted 48 ads.
KwId: 12752 | Country: IE | wheel storage rack
Import OK for keyword_id=12752. Inserted 48 ads.
KwId: 17629 | Country: IE | red chandelier
Import OK for keyword_id=17629. Inserted 48 ads.
KwId: 36502 | Country: IE | t2 camper
Import OK for keyword_id=36502. Inserted 48 ads.
KwId: 1846 | Country: IE | mini media player usb
Import OK for keyword_id=1846. Inserted 48 ads.
KwId: 27076 | Country: IE | ducati ohlins
Import OK for keyword_id=27076. Inserted 48 ads.
KwId: 17695 | Country: IE | sangamo switch
Import OK for keyword_id=17695. Inserted 48 ads.
KwId: 7006 | Country: IE | cane fly rod
Import OK for keyword_id=7006. Inserted 48 ads.
KwId: 38218 | Country: IE | simca
Import OK for keyword_id=38218. Inserted 48 ads.
KwId: 53899 | Country: IE | biker pin
Import OK for keyword_id=53899. Inserted 48 ads.
KwId: 12526 | Country: IE | mazda rx8 side skirts
Import OK for keyword_id=12526. Inserted 48 ads.
KwId: 9233 | Country: IE | jovan musk
Import OK for keyword_id=9233. Inserted 48 ads.
KwId: 11724 | Country: IE | drinks bar
Import OK for keyword_id=11724. Inserted 48 ads.
KwId: 43081 | Country: IE | citroen c5 fuel pump
Import OK for keyword_id=43081. Inserted 48 ads.
KwId: 13703 | Country: IE | mcculloch petrol chainsaw
Import OK for keyword_id=13703. Inserted 48 ads.
KwId: 33183 | Country: IE | josiah wedgwood
Import OK for keyword_id=33183. Inserted 48 ads.
KwId: 32853 | Country: IE | yaesu 857
Import OK for keyword_id=32853. Inserted 48 ads.
KwId: 27043 | Country: IE | crackers
Import OK for keyword_id=27043. Inserted 48 ads.
KwId: 10856 | Country: IE | vango 250 tent
Import OK for keyword_id=10856. Inserted 48 ads.
KwId: 45470 | Country: IE | dora dvd collection
Import OK for keyword_id=45470. Inserted 48 ads.
KwId: 42118 | Country: IE | plastic soldier company
Import OK for keyword_id=42118. Inserted 48 ads.
KwId: 18764 | Country: IE | san marco rolls
Import OK for keyword_id=18764. Inserted 48 ads.
KwId: 9506 | Country: IE | wheel locking nut removal
Import OK for keyword_id=9506. Inserted 48 ads.
KwId: 42103 | Country: IE | adidas adi suede
Import OK for keyword_id=42103. Inserted 48 ads.
KwId: 52908 | Country: IE | challenge coin military
Import OK for keyword_id=52908. Inserted 48 ads.
KwId: 31731 | Country: IE | triang box
Import OK for keyword_id=31731. Inserted 48 ads.
KwId: 33913 | Country: IE | rover 75 exhaust
Import OK for keyword_id=33913. Inserted 48 ads.
KwId: 45889 | Country: IE | x large dog cage
Import OK for keyword_id=45889. Inserted 48 ads.
KwId: 28263 | Country: IE | star wars cufflinks
Import OK for keyword_id=28263. Inserted 48 ads.
KwId: 24301 | Country: IE | coffee percolator
Import OK for keyword_id=24301. Inserted 48 ads.
KwId: 42855 | Country: IE | folding tea trolley
Import OK for keyword_id=42855. Inserted 48 ads.
KwId: 34112 | Country: IE | garden office
Import OK for keyword_id=34112. Inserted 48 ads.
KwId: 40560 | Country: IE | satin maids dress
Import OK for keyword_id=40560. Inserted 48 ads.
KwId: 31074 | Country: IE | vespa 125 engine
Import OK for keyword_id=31074. Inserted 48 ads.
KwId: 51961 | Country: IE | tambour cupboard
Import OK for keyword_id=51961. Inserted 48 ads.
KwId: 8529 | Country: IE | tilda fabric
Import OK for keyword_id=8529. Inserted 48 ads.
KwId: 54103 | Country: IE | dress shirt studs
Import OK for keyword_id=54103. Inserted 48 ads.
KwId: 40803 | Country: IE | ripstick
Import OK for keyword_id=40803. Inserted 48 ads.
KwId: 17940 | Country: IE | canon 17 55
Import OK for keyword_id=17940. Inserted 48 ads.
KwId: 44564 | Country: IE | parnis watch
Import OK for keyword_id=44564. Inserted 48 ads.
KwId: 29135 | Country: IE | citizen promaster aqualand
Import OK for keyword_id=29135. Inserted 48 ads.
KwId: 3997 | Country: IE | embellished belt
Import OK for keyword_id=3997. Inserted 48 ads.
KwId: 27582 | Country: IE | kawasaki front calipers
Import OK for keyword_id=27582. Inserted 48 ads.
KwId: 12218 | Country: IE | acoustic solutions amplifier
Import OK for keyword_id=12218. Inserted 48 ads.
KwId: 31912 | Country: IE | propane gas 47 kg
Import OK for keyword_id=31912. Inserted 48 ads.
KwId: 25605 | Country: IE | selenite lamp
Import OK for keyword_id=25605. Inserted 48 ads.
KwId: 35513 | Country: IE | freud blade
Import OK for keyword_id=35513. Inserted 48 ads.
KwId: 43686 | Country: IE | air gun co2
Import OK for keyword_id=43686. Inserted 48 ads.
KwId: 27762 | Country: IE | vicks humidifier cool
Import OK for keyword_id=27762. Inserted 48 ads.
KwId: 25227 | Country: IE | volvo xc90 keyring
Import OK for keyword_id=25227. Inserted 48 ads.
KwId: 13947 | Country: IE | fluval roma
Import OK for keyword_id=13947. Inserted 48 ads.
KwId: 49298 | Country: IE | swivel sweepers
Import OK for keyword_id=49298. Inserted 48 ads.
KwId: 47372 | Country: IE | antique french lights
Import OK for keyword_id=47372. Inserted 48 ads.
KwId: 37963 | Country: IE | air hacksaw
Import OK for keyword_id=37963. Inserted 39 ads.
KwId: 44117 | Country: IE | paint roller system
Import OK for keyword_id=44117. Inserted 48 ads.
KwId: 51155 | Country: IE | mechanical stopwatch
Import OK for keyword_id=51155. Inserted 48 ads.
KwId: 21140 | Country: IE | fisher price peek blocks
Import OK for keyword_id=21140. Inserted 48 ads.
KwId: 33631 | Country: IE | weather vane horse
Import OK for keyword_id=33631. Inserted 48 ads.
KwId: 42399 | Country: IE | ssl
Import OK for keyword_id=42399. Inserted 48 ads.
KwId: 10082 | Country: IE | trug
Import OK for keyword_id=10082. Inserted 48 ads.
KwId: 21270 | Country: IE | hyundai i10 mirror
Import OK for keyword_id=21270. Inserted 48 ads.
KwId: 47829 | Country: IE | interior doors
Import OK for keyword_id=47829. Inserted 48 ads.
KwId: 21702 | Country: IE | original 1930s dress
Import OK for keyword_id=21702. Inserted 48 ads.
KwId: 54022 | Country: IE | olympus om zuiko lens
Import OK for keyword_id=54022. Inserted 48 ads.
KwId: 31988 | Country: IE | plastic charger plates
Import OK for keyword_id=31988. Inserted 48 ads.
KwId: 33411 | Country: IE | iwata compressor
Import OK for keyword_id=33411. Inserted 48 ads.
KwId: 25444 | Country: IE | wooden wall letters
Import OK for keyword_id=25444. Inserted 48 ads.
KwId: 22246 | Country: IE | boilie rolling
Import OK for keyword_id=22246. Inserted 48 ads.
KwId: 9645 | Country: IE | feiyan slimming tea
Import OK for keyword_id=9645. Inserted 48 ads.
KwId: 38860 | Country: IE | mini guitar
Import OK for keyword_id=38860. Inserted 48 ads.
KwId: 5851 | Country: IE | catering cutlery tray
Import OK for keyword_id=5851. Inserted 48 ads.
KwId: 28477 | Country: IE | custom wheels
Import OK for keyword_id=28477. Inserted 48 ads.
KwId: 42899 | Country: IE | escort twin cam
Import OK for keyword_id=42899. Inserted 48 ads.
KwId: 40716 | Country: IE | pto hydraulic pump
Import OK for keyword_id=40716. Inserted 48 ads.
KwId: 31893 | Country: IE | kids boxing boots
Import OK for keyword_id=31893. Inserted 48 ads.
KwId: 44567 | Country: IE | stock pin dressage
Import OK for keyword_id=44567. Inserted 48 ads.
KwId: 46621 | Country: IE | soft play steps
Import OK for keyword_id=46621. Inserted 48 ads.
KwId: 48812 | Country: IE | kia sorento radio
Import OK for keyword_id=48812. Inserted 48 ads.
KwId: 45504 | Country: IE | trashed heels
Import OK for keyword_id=45504. Inserted 48 ads.
KwId: 28085 | Country: IE | sierra cosworth alloys
Import OK for keyword_id=28085. Inserted 48 ads.
KwId: 47512 | Country: IE | brexton
Import OK for keyword_id=47512. Inserted 48 ads.
KwId: 22900 | Country: IE | china teapot
Import OK for keyword_id=22900. Inserted 48 ads.
KwId: 37572 | Country: IE | chippendale glass
Import OK for keyword_id=37572. Inserted 48 ads.
KwId: 51143 | Country: IE | carlo gruber
Import OK for keyword_id=51143. Inserted 48 ads.
KwId: 47564 | Country: IE | tamiya sand rover
Import OK for keyword_id=47564. Inserted 48 ads.
KwId: 50916 | Country: IE | polypropylene bags
Import OK for keyword_id=50916. Inserted 48 ads.
KwId: 34532 | Country: IE | bridal hair vine
Import OK for keyword_id=34532. Inserted 48 ads.
KwId: 36572 | Country: IE | fused glass wall art
Import OK for keyword_id=36572. Inserted 48 ads.
KwId: 38745 | Country: IE | vw t4 arm rest
Import OK for keyword_id=38745. Inserted 48 ads.
KwId: 8265 | Country: IE | lace mat
Import OK for keyword_id=8265. Inserted 48 ads.
KwId: 36293 | Country: IE | tascam 8 track recorder
Import OK for keyword_id=36293. Inserted 48 ads.
KwId: 50488 | Country: IE | wooden giraffe
Import OK for keyword_id=50488. Inserted 48 ads.
KwId: 31283 | Country: IE | 105 groupset
Import OK for keyword_id=31283. Inserted 48 ads.
KwId: 40150 | Country: IE | card display stand
Import OK for keyword_id=40150. Inserted 48 ads.
KwId: 24667 | Country: IE | ducati superlight
Import OK for keyword_id=24667. Inserted 43 ads.
KwId: 54672 | Country: IE | suzuki swift sport breaking
Import OK for keyword_id=54672. Inserted 48 ads.
KwId: 4981 | Country: IE | chanel sunglasses
Import OK for keyword_id=4981. Inserted 48 ads.
KwId: 44615 | Country: IE | d20 dice set
Import OK for keyword_id=44615. Inserted 48 ads.
KwId: 8062 | Country: IE | paint spray gun
Import OK for keyword_id=8062. Inserted 48 ads.
KwId: 45577 | Country: IE | carp fishing reels
Import OK for keyword_id=45577. Inserted 48 ads.
KwId: 4395 | Country: IE | midi pedal
Import OK for keyword_id=4395. Inserted 48 ads.
KwId: 35147 | Country: IE | expedition trailer
Import OK for keyword_id=35147. Inserted 35 ads.
KwId: 24808 | Country: IE | 50cc mini moto
Import OK for keyword_id=24808. Inserted 48 ads.
KwId: 30970 | Country: IE | boot handle
Import OK for keyword_id=30970. Inserted 48 ads.
KwId: 47628 | Country: IE | ping g15
Import OK for keyword_id=47628. Inserted 48 ads.
KwId: 12217 | Country: IE | wooden porch
Import OK for keyword_id=12217. Inserted 48 ads.
KwId: 11964 | Country: IE | xt 660 x
Import OK for keyword_id=11964. Inserted 48 ads.
KwId: 51651 | Country: IE | renault towbar
Import OK for keyword_id=51651. Inserted 48 ads.
KwId: 39330 | Country: IE | numark case
Import OK for keyword_id=39330. Inserted 48 ads.
KwId: 37064 | Country: IE | telemetry
Import OK for keyword_id=37064. Inserted 48 ads.
KwId: 44542 | Country: IE | antique ships bells
Import OK for keyword_id=44542. Inserted 48 ads.
KwId: 34811 | Country: IE | nitrous oxide chargers
Skip: <= 5 products in JSON.
Import OK for keyword_id=34811. Inserted 3 ads.
KwId: 28365 | Country: IE | bose speaker system
Import OK for keyword_id=28365. Inserted 48 ads.
KwId: 4645 | Country: IE | climbing frames
Import OK for keyword_id=4645. Inserted 48 ads.
KwId: 24050 | Country: IE | focus rs engine
Import OK for keyword_id=24050. Inserted 48 ads.
KwId: 39215 | Country: IE | victorian glass paperweights
Import OK for keyword_id=39215. Inserted 48 ads.
KwId: 4147 | Country: IE | kernewek pottery
Import OK for keyword_id=4147. Inserted 48 ads.
KwId: 11942 | Country: IE | solid worktop
Import OK for keyword_id=11942. Inserted 48 ads.
KwId: 35234 | Country: IE | suzuki t10
Import OK for keyword_id=35234. Inserted 48 ads.
KwId: 32871 | Country: IE | blimp
Import OK for keyword_id=32871. Inserted 48 ads.
KwId: 28796 | Country: IE | pink panther costume
Import OK for keyword_id=28796. Inserted 48 ads.
KwId: 11297 | Country: IE | boat cleats
Import OK for keyword_id=11297. Inserted 48 ads.
KwId: 51542 | Country: IE | kinder chocolate
Import OK for keyword_id=51542. Inserted 48 ads.
KwId: 7049 | Country: IE | v string
Import OK for keyword_id=7049. Inserted 48 ads.
KwId: 19806 | Country: IE | flat screen wall bracket
Import OK for keyword_id=19806. Inserted 48 ads.
KwId: 29252 | Country: IE | antar transporter
Import OK for keyword_id=29252. Inserted 48 ads.
KwId: 21670 | Country: IE | large rabbit hutch
Import OK for keyword_id=21670. Inserted 48 ads.
KwId: 22179 | Country: IE | dray
Import OK for keyword_id=22179. Inserted 48 ads.
KwId: 14193 | Country: IE | rotary watch bracelet
Import OK for keyword_id=14193. Inserted 48 ads.
KwId: 48814 | Country: IE | 3 phase distribution board
Import OK for keyword_id=48814. Inserted 48 ads.
KwId: 1540 | Country: IE | tarina tarantino
Import OK for keyword_id=1540. Inserted 48 ads.
KwId: 24601 | Country: IE | mongoose bmx
Import OK for keyword_id=24601. Inserted 48 ads.
KwId: 20855 | Country: IE | metal wedding arch
Import OK for keyword_id=20855. Inserted 48 ads.
KwId: 41760 | Country: IE | flexible chimney liners
Import OK for keyword_id=41760. Inserted 48 ads.
KwId: 15182 | Country: IE | microwave kit
Import OK for keyword_id=15182. Inserted 48 ads.
KwId: 34567 | Country: IE | sweetheart rifle brooch
Import OK for keyword_id=34567. Inserted 48 ads.
KwId: 7909 | Country: IE | rolex tudor watch box
Import OK for keyword_id=7909. Inserted 48 ads.
KwId: 43412 | Country: IE | readicut rug
Import OK for keyword_id=43412. Inserted 48 ads.
KwId: 35898 | Country: IE | willy wonka golden ticket
Import OK for keyword_id=35898. Inserted 48 ads.
KwId: 30584 | Country: IE | topsy tail hair tool
Import OK for keyword_id=30584. Inserted 48 ads.
KwId: 52355 | Country: IE | planet x bike
Import OK for keyword_id=52355. Inserted 48 ads.
*** End of crawl for IE (keywords: 500) | 2025-12-09 05:19:47
