Country passed : ie
KwId: 61977 | Country: IE | wade birds
Categorie from ebay: Ornaments
Categorie match :  ()
Import OK for keyword_id=61977. Inserted 48 ads.
OK: 'wade birds' (0/500) => keyword_id=61977; KW not found #13459 supprimé.
KwId: 61978 | Country: IE | e trac
Categorie from ebay: Metal Detector Accessories
Categorie match : ATV, Side-by-Side & UTV Parts & Accessories (13)
Import OK for keyword_id=61978. Inserted 48 ads.
OK: 'e trac' (1/500) => keyword_id=61978; KW not found #13460 supprimé.
KwId: 61979 | Country: IE | nail polish lot
Categorie from ebay: Nail Polish
Categorie match : Nail Care, Manicure & Pedicure (335)
Import OK for keyword_id=61979. Inserted 48 ads.
OK: 'nail polish lot' (2/500) => keyword_id=61979; KW not found #13461 supprimé.
KwId: 61980 | Country: IE | 1 2 hose
Categorie from ebay: Other Hydraulics & Pneumatics
Categorie match : Hydraulics, Pneumatics, Pumps & Plumbing (88)
Import OK for keyword_id=61980. Inserted 48 ads.
OK: '1 2 hose' (3/500) => keyword_id=61980; KW not found #13462 supprimé.
KwId: 61981 | Country: IE | rabbit skin glue
Categorie from ebay: Glue & Adhesives
Categorie match : Adhesives, Sealants & Tapes (186)
Import OK for keyword_id=61981. Inserted 22 ads.
OK: 'rabbit skin glue' (4/500) => keyword_id=61981; KW not found #13463 supprimé.
KwId: 61982 | Country: IE | abba annual
Categorie from ebay: Books
Categorie match : Books (20)
Import OK for keyword_id=61982. Inserted 48 ads.
OK: 'abba annual' (5/500) => keyword_id=61982; KW not found #13464 supprimé.
KwId: 61983 | Country: IE | 0 gauge wire
Categorie from ebay: Multiple Conductor Cable
Categorie match :  ()
Import OK for keyword_id=61983. Inserted 48 ads.
OK: '0 gauge wire' (6/500) => keyword_id=61983; KW not found #13465 supprimé.
KwId: 61984 | Country: IE | oxford notebook
Categorie from ebay: Paper Products
Categorie match : Scrapbooking & Paper Crafts (149)
Import OK for keyword_id=61984. Inserted 48 ads.
OK: 'oxford notebook' (7/500) => keyword_id=61984; KW not found #13466 supprimé.
KwId: 61985 | Country: IE | yamaha aerox 50 yq
Categorie from ebay: Air Filters
Categorie match : Heating, Cooling & Air (286)
Import OK for keyword_id=61985. Inserted 48 ads.
OK: 'yamaha aerox 50 yq' (8/500) => keyword_id=61985; KW not found #13467 supprimé.
KwId: 61986 | Country: IE | wacom bamboo ipad
Categorie from ebay: Graphics Tablets/Boards & Pens
Categorie match : Computers/Tablets & Networking (42)
Import OK for keyword_id=61986. Inserted 19 ads.
OK: 'wacom bamboo ipad' (9/500) => keyword_id=61986; KW not found #13468 supprimé.
KwId: 61987 | Country: IE | spopulark11
Skip: <= 5 products in JSON.
OK: 'spopulark11' (10/500) => keyword_id=61987; KW not found #13469 supprimé.
KwId: 61988 | Country: IE | hadcock
Categorie from ebay: Record Player/Turntable Parts
Categorie match : ATV, Side-by-Side & UTV Parts & Accessories (13)
Import OK for keyword_id=61988. Inserted 48 ads.
OK: 'hadcock' (11/500) => keyword_id=61988; KW not found #13470 supprimé.
KwId: 61989 | Country: IE | padded shoulder dress
Categorie from ebay: Dresses
Categorie match :  ()
Import OK for keyword_id=61989. Inserted 48 ads.
OK: 'padded shoulder dress' (12/500) => keyword_id=61989; KW not found #13471 supprimé.
KwId: 61990 | Country: IE | ugg bucket hat
Categorie from ebay: Hats
Categorie match :  ()
Import OK for keyword_id=61990. Inserted 48 ads.
OK: 'ugg bucket hat' (13/500) => keyword_id=61990; KW not found #13472 supprimé.
KwId: 61991 | Country: IE | spopularl29
Skip: <= 5 products in JSON.
OK: 'spopularl29' (14/500) => keyword_id=61991; KW not found #13473 supprimé.
KwId: 61992 | Country: IE | n gauge telegraph poles
Categorie from ebay: Other Railways & Trains
Categorie match : Model Railways & Trains (111)
Import OK for keyword_id=61992. Inserted 48 ads.
OK: 'n gauge telegraph poles' (15/500) => keyword_id=61992; KW not found #13474 supprimé.
KwId: 61993 | Country: IE | spopularv35
Skip: <= 5 products in JSON.
OK: 'spopularv35' (16/500) => keyword_id=61993; KW not found #13475 supprimé.
KwId: 61994 | Country: IE | ra ra dress
Categorie from ebay: Dresses
Categorie match :  ()
Import OK for keyword_id=61994. Inserted 48 ads.
OK: 'ra ra dress' (17/500) => keyword_id=61994; KW not found #13476 supprimé.
KwId: 61995 | Country: IE | e36 bush diff
Categorie from ebay: Performance Bushes
Categorie match :  ()
Import OK for keyword_id=61995. Inserted 48 ads.
OK: 'e36 bush diff' (18/500) => keyword_id=61995; KW not found #13477 supprimé.
KwId: 61996 | Country: IE | abbatt
Categorie from ebay: Vintage Puzzles
Categorie match : Vintage & Antique Jewellery (176)
Import OK for keyword_id=61996. Inserted 48 ads.
OK: 'abbatt' (19/500) => keyword_id=61996; KW not found #13478 supprimé.
KwId: 61997 | Country: IE | z3300a
Skip: <= 5 products in JSON.
OK: 'z3300a' (20/500) => keyword_id=61997; KW not found #13479 supprimé.
KwId: 61998 | Country: IE | cadac safari
Categorie from ebay: Barbecues, Grills & Smokers
Categorie match :  ()
Import OK for keyword_id=61998. Inserted 48 ads.
OK: 'cadac safari' (21/500) => keyword_id=61998; KW not found #13480 supprimé.
KwId: 61999 | Country: IE | dahon bike bicycle
Categorie from ebay: Bikes
Categorie match :  ()
Import OK for keyword_id=61999. Inserted 48 ads.
OK: 'dahon bike bicycle' (22/500) => keyword_id=61999; KW not found #13481 supprimé.
KwId: 62000 | Country: IE | indiana jones shirt
Categorie from ebay: T-Shirts
Categorie match : Football Shirts (66)
Import OK for keyword_id=62000. Inserted 48 ads.
OK: 'indiana jones shirt' (23/500) => keyword_id=62000; KW not found #13482 supprimé.
KwId: 62001 | Country: IE | zara black tote bag
Categorie from ebay: Women's Bags & Handbags
Categorie match : Women (436)
Import OK for keyword_id=62001. Inserted 48 ads.
OK: 'zara black tote bag' (24/500) => keyword_id=62001; KW not found #13483 supprimé.
KwId: 62002 | Country: IE | t shirt transfer paper
Categorie from ebay: Printer Paper
Categorie match : Scrapbooking & Paper Crafts (149)
Import OK for keyword_id=62002. Inserted 48 ads.
OK: 't shirt transfer paper' (25/500) => keyword_id=62002; KW not found #13484 supprimé.
KwId: 62003 | Country: IE | c220 breaking
Categorie from ebay: Other Car Parts & Accessories
Categorie match : ATV, Side-by-Side & UTV Parts & Accessories (13)
Import OK for keyword_id=62003. Inserted 48 ads.
OK: 'c220 breaking' (26/500) => keyword_id=62003; KW not found #13485 supprimé.
KwId: 62004 | Country: IE | qwerty keyboard
Categorie from ebay: Keyboards & Keypads
Categorie match : Keyboards, Mice & Pointers (95)
Import OK for keyword_id=62004. Inserted 48 ads.
OK: 'qwerty keyboard' (27/500) => keyword_id=62004; KW not found #13486 supprimé.
KwId: 62005 | Country: IE | g5 repair
Categorie from ebay: Control Arms, Ball Joints & Assemblies
Categorie match : Radio Control & RC Toys (140)
Import OK for keyword_id=62005. Inserted 48 ads.
OK: 'g5 repair' (28/500) => keyword_id=62005; KW not found #13487 supprimé.
KwId: 62006 | Country: IE | levis jacket orange tab
Categorie from ebay: Coats, Jackets & Waistcoats
Categorie match :  ()
Import OK for keyword_id=62006. Inserted 48 ads.
OK: 'levis jacket orange tab' (29/500) => keyword_id=62006; KW not found #13488 supprimé.
KwId: 62007 | Country: IE | xbox 360 collectors edition
Categorie from ebay: Video Games
Categorie match : Other Toys & Games (130)
Import OK for keyword_id=62007. Inserted 48 ads.
OK: 'xbox 360 collectors edition' (30/500) => keyword_id=62007; KW not found #13489 supprimé.
KwId: 62008 | Country: IE | a3 front bumper 2003
Categorie from ebay: Bumpers & Reinforcements
Categorie match :  ()
Import OK for keyword_id=62008. Inserted 48 ads.
OK: 'a3 front bumper 2003' (31/500) => keyword_id=62008; KW not found #13490 supprimé.
KwId: 62009 | Country: IE | e851
Categorie from ebay: Locomotives
Categorie match :  ()
Import OK for keyword_id=62009. Inserted 48 ads.
OK: 'e851' (32/500) => keyword_id=62009; KW not found #13491 supprimé.
KwId: 62010 | Country: IE | microsoft arc
Categorie from ebay: Mice, Trackballs & Touchpads
Categorie match : Keyboards, Mice & Pointers (95)
Import OK for keyword_id=62010. Inserted 48 ads.
OK: 'microsoft arc' (33/500) => keyword_id=62010; KW not found #13492 supprimé.
KwId: 62011 | Country: IE | wacky races fancy dress
Categorie from ebay: Women's Fancy Dress
Categorie match : Women (436)
Import OK for keyword_id=62011. Inserted 19 ads.
OK: 'wacky races fancy dress' (34/500) => keyword_id=62011; KW not found #13493 supprimé.
KwId: 62012 | Country: IE | 3v power supply
Categorie from ebay: Switching Mode Power Supplies
Categorie match : Art Supplies (12)
Import OK for keyword_id=62012. Inserted 48 ads.
OK: '3v power supply' (35/500) => keyword_id=62012; KW not found #13494 supprimé.
KwId: 62013 | Country: IE | fa
Categorie from ebay: Other Public Safety Equipment
Categorie match : DIY Tools & Workshop Equipment (50)
Import OK for keyword_id=62013. Inserted 48 ads.
OK: 'fa' (36/500) => keyword_id=62013; KW not found #13495 supprimé.
KwId: 62014 | Country: IE | t g green cornishware mug
Categorie from ebay: Mugs
Categorie match :  ()
Import OK for keyword_id=62014. Inserted 48 ads.
OK: 't g green cornishware mug' (37/500) => keyword_id=62014; KW not found #13496 supprimé.
