Country passed : it
KwId: 433861 | Country: IT | madonna della corona in vendita
Skip: <= 5 products in JSON.
OK: 'madonna della corona in vendita' (0/500) => keyword_id=433861; KW not found #12527 supprimé.
KwId: 433862 | Country: IT | atolls
Categorie from ebay: BD et romans graphiques
Categorie match :  ()
Import OK for keyword_id=433862. Inserted 48 ads.
OK: 'atolls' (1/500) => keyword_id=433862; KW not found #12528 supprimé.
KwId: 433863 | Country: IT | pricespenne delta graffiti
Skip: <= 5 products in JSON.
OK: 'pricespenne delta graffiti' (2/500) => keyword_id=433863; KW not found #12529 supprimé.
KwId: 433864 | Country: IT | porta moto per camper usati
Skip: <= 5 products in JSON.
OK: 'porta moto per camper usati' (3/500) => keyword_id=433864; KW not found #12530 supprimé.
KwId: 433865 | Country: IT | sinformatica e retimonitor led tempo risposta full ips
Skip: <= 5 products in JSON.
OK: 'sinformatica e retimonitor led tempo risposta full ips' (4/500) => keyword_id=433865; KW not found #12531 supprimé.
KwId: 433866 | Country: IT | alberi natale 150
Categorie from ebay: Alberi di Natale
Categorie match :  ()
Import OK for keyword_id=433866. Inserted 48 ads.
OK: 'alberi natale 150' (5/500) => keyword_id=433866; KW not found #12532 supprimé.
KwId: 433867 | Country: IT | fanale posteriore lancia led
Categorie from ebay: Copricerchi e anelli di centraggio
Categorie match :  ()
Import OK for keyword_id=433867. Inserted 48 ads.
OK: 'fanale posteriore lancia led' (6/500) => keyword_id=433867; KW not found #12533 supprimé.
KwId: 433868 | Country: IT | zoom nikkor pc
Categorie from ebay: Objektive
Categorie match :  ()
Import OK for keyword_id=433868. Inserted 32 ads.
OK: 'zoom nikkor pc' (7/500) => keyword_id=433868; KW not found #12534 supprimé.
KwId: 433869 | Country: IT | chiave tubo 36
Categorie from ebay: Altro chiavi e brugole
Categorie match : Altro arte e antiquariato (12)
Import OK for keyword_id=433869. Inserted 45 ads.
OK: 'chiave tubo 36' (8/500) => keyword_id=433869; KW not found #12535 supprimé.
KwId: 433870 | Country: IT | roland hp 3800
Categorie from ebay: Netzkabel & Steckverbinder
Categorie match :  ()
Import OK for keyword_id=433870. Inserted 16 ads.
OK: 'roland hp 3800' (9/500) => keyword_id=433870; KW not found #12536 supprimé.
KwId: 433871 | Country: IT | cd cat
Categorie from ebay: CDs
Categorie match :  ()
Import OK for keyword_id=433871. Inserted 48 ads.
OK: 'cd cat' (10/500) => keyword_id=433871; KW not found #12537 supprimé.
KwId: 433872 | Country: IT | nolan n44 casco
Categorie from ebay: Caschi: ricambi e accessori
Categorie match : Abbigliamento e accessori (3)
Import OK for keyword_id=433872. Inserted 48 ads.
OK: 'nolan n44 casco' (11/500) => keyword_id=433872; KW not found #12538 supprimé.
KwId: 433873 | Country: IT | mtb fondello
Categorie from ebay: Pantaloni e calzamaglie
Categorie match :  ()
Import OK for keyword_id=433873. Inserted 48 ads.
OK: 'mtb fondello' (12/500) => keyword_id=433873; KW not found #12539 supprimé.
KwId: 433874 | Country: IT | extreme forest 235 r16
Categorie from ebay: Pneumatici
Categorie match : Idraulica, pneumatici e pompe (313)
Import OK for keyword_id=433874. Inserted 10 ads.
OK: 'extreme forest 235 r16' (13/500) => keyword_id=433874; KW not found #12540 supprimé.
KwId: 433875 | Country: IT | compressore aria 99 lt
Skip: <= 5 products in JSON.
OK: 'compressore aria 99 lt' (14/500) => keyword_id=433875; KW not found #12541 supprimé.
KwId: 433876 | Country: IT | kawasaki 400 s3 frecce
Categorie from ebay: Marche giapponesi
Categorie match :  ()
Import OK for keyword_id=433876. Inserted 48 ads.
OK: 'kawasaki 400 s3 frecce' (15/500) => keyword_id=433876; KW not found #12542 supprimé.
KwId: 433877 | Country: IT | stampante canon pixma pro 100
Categorie from ebay: Stampanti e plotter
Categorie match : Stampanti, scanner e forniture (404)
Import OK for keyword_id=433877. Inserted 48 ads.
OK: 'stampante canon pixma pro 100' (16/500) => keyword_id=433877; KW not found #12543 supprimé.
KwId: 433878 | Country: IT | tavola snowboard attacchi scarponi in vendita
Skip: <= 5 products in JSON.
OK: 'tavola snowboard attacchi scarponi in vendita' (17/500) => keyword_id=433878; KW not found #12544 supprimé.
KwId: 433879 | Country: IT | batterie lipo 11 1
Categorie from ebay: Akkus
Categorie match :  ()
Import OK for keyword_id=433879. Inserted 48 ads.
OK: 'batterie lipo 11 1' (18/500) => keyword_id=433879; KW not found #12545 supprimé.
KwId: 433880 | Country: IT | pistola per dolci
Categorie from ebay: Altro accessori per pasticceria
Categorie match : Abbigliamento e accessori (3)
Import OK for keyword_id=433880. Inserted 48 ads.
OK: 'pistola per dolci' (19/500) => keyword_id=433880; KW not found #12546 supprimé.
KwId: 433881 | Country: IT | tavola snowboard burton attacchi burton
Categorie from ebay: Tavole
Categorie match : Tavole originali (190)
Import OK for keyword_id=433881. Inserted 48 ads.
OK: 'tavola snowboard burton attacchi burton' (20/500) => keyword_id=433881; KW not found #12547 supprimé.
KwId: 433882 | Country: IT | bysimon gioielli
Skip: <= 5 products in JSON.
OK: 'bysimon gioielli' (21/500) => keyword_id=433882; KW not found #12548 supprimé.
KwId: 433883 | Country: IT | immagini invernali
Categorie from ebay: Pannelli d'arredo
Categorie match :  ()
Import OK for keyword_id=433883. Inserted 48 ads.
OK: 'immagini invernali' (22/500) => keyword_id=433883; KW not found #12549 supprimé.
KwId: 433884 | Country: IT | proferio grossi natura morta 1986
Skip: <= 5 products in JSON.
OK: 'proferio grossi natura morta 1986' (23/500) => keyword_id=433884; KW not found #12550 supprimé.
KwId: 433885 | Country: IT | pioneer western
Categorie from ebay: Traditional, 12 x 9 Inch
Categorie match :  ()
Import OK for keyword_id=433885. Inserted 48 ads.
OK: 'pioneer western' (24/500) => keyword_id=433885; KW not found #12551 supprimé.
KwId: 433886 | Country: IT | set camino
Categorie from ebay: Attizzatoi, attrezzi e set per caminetti
Categorie match : Accessori per uccelli e animali selvatici (7)
Import OK for keyword_id=433886. Inserted 48 ads.
OK: 'set camino' (25/500) => keyword_id=433886; KW not found #12552 supprimé.
KwId: 433887 | Country: IT | msx 8235
Categorie from ebay: Floppy-, Zip- & Jaz-Laufwerke
Categorie match :  ()
Import OK for keyword_id=433887. Inserted 6 ads.
OK: 'msx 8235' (26/500) => keyword_id=433887; KW not found #12553 supprimé.
KwId: 433888 | Country: IT | emz8201
Categorie from ebay: Moduli input e output PLC
Categorie match :  ()
Import OK for keyword_id=433888. Inserted 48 ads.
OK: 'emz8201' (27/500) => keyword_id=433888; KW not found #12554 supprimé.
KwId: 433889 | Country: IT | olio radino
Categorie from ebay: PLV, pub. sur lieux de vente
Categorie match :  ()
Import OK for keyword_id=433889. Inserted 48 ads.
OK: 'olio radino' (28/500) => keyword_id=433889; KW not found #12555 supprimé.
KwId: 433890 | Country: IT | thun bassotto cane
Skip: <= 5 products in JSON.
OK: 'thun bassotto cane' (29/500) => keyword_id=433890; KW not found #12556 supprimé.
KwId: 433891 | Country: IT | bracciale fiocco
Categorie from ebay: Bracciali
Categorie match :  ()
Import OK for keyword_id=433891. Inserted 48 ads.
OK: 'bracciale fiocco' (30/500) => keyword_id=433891; KW not found #12557 supprimé.
KwId: 433892 | Country: IT | altalena
Categorie from ebay: Altro giardino e arredamento esterni
Categorie match : Altro arte e antiquariato (12)
Import OK for keyword_id=433892. Inserted 48 ads.
OK: 'altalena' (31/500) => keyword_id=433892; KW not found #12558 supprimé.
KwId: 433893 | Country: IT | johnson motori fuoribordo
Categorie from ebay: Altro nautica e imbarcazioni
Categorie match : Altro arte e antiquariato (12)
Import OK for keyword_id=433893. Inserted 43 ads.
OK: 'johnson motori fuoribordo' (32/500) => keyword_id=433893; KW not found #12559 supprimé.
KwId: 433894 | Country: IT | blue 16
Categorie from ebay: Cellulari e smartphone
Categorie match : Cellulari (57)
Import OK for keyword_id=433894. Inserted 48 ads.
OK: 'blue 16' (33/500) => keyword_id=433894; KW not found #12560 supprimé.
KwId: 433895 | Country: IT | seggiolino 0 18 kg
Categorie from ebay: Seggiolini per auto
Categorie match : Accessori per uccelli e animali selvatici (7)
Import OK for keyword_id=433895. Inserted 39 ads.
OK: 'seggiolino 0 18 kg' (34/500) => keyword_id=433895; KW not found #12561 supprimé.
KwId: 433896 | Country: IT | lacuna coil dvd
Categorie from ebay: DVD e Blu-ray
Categorie match : Altro film e DVD (18)
Import OK for keyword_id=433896. Inserted 48 ads.
OK: 'lacuna coil dvd' (35/500) => keyword_id=433896; KW not found #12562 supprimé.
KwId: 433897 | Country: IT | dvd trasparente
Categorie from ebay: Custodie CD e DVD
Categorie match : Altro film e DVD (18)
Import OK for keyword_id=433897. Inserted 48 ads.
OK: 'dvd trasparente' (36/500) => keyword_id=433897; KW not found #12563 supprimé.
KwId: 433898 | Country: IT | fabbricatore produttore ghiaccio 35 kg
Skip: <= 5 products in JSON.
OK: 'fabbricatore produttore ghiaccio 35 kg' (37/500) => keyword_id=433898; KW not found #12564 supprimé.
KwId: 433899 | Country: IT | nba 2k15 ps4
Categorie from ebay: Giochi
Categorie match : Giochi (98)
Import OK for keyword_id=433899. Inserted 48 ads.
OK: 'nba 2k15 ps4' (38/500) => keyword_id=433899; KW not found #12565 supprimé.
KwId: 433900 | Country: IT | stampo per pietre fai
Categorie from ebay: Stampi per resine
Categorie match : Accessori per uccelli e animali selvatici (7)
Import OK for keyword_id=433900. Inserted 45 ads.
OK: 'stampo per pietre fai' (39/500) => keyword_id=433900; KW not found #12566 supprimé.
KwId: 433901 | Country: IT | carte naturia yu gi
Categorie from ebay: GCC: carte singole
Categorie match : Carte collezionabili sportive, figurine (52)
Import OK for keyword_id=433901. Inserted 48 ads.
OK: 'carte naturia yu gi' (40/500) => keyword_id=433901; KW not found #12567 supprimé.
KwId: 433902 | Country: IT | ventilatore pale vortice
Categorie from ebay: Ventilatori a soffitto
Categorie match :  ()
Import OK for keyword_id=433902. Inserted 27 ads.
OK: 'ventilatore pale vortice' (41/500) => keyword_id=433902; KW not found #12568 supprimé.
KwId: 433903 | Country: IT | bizona alfa 147
Categorie from ebay: Manuali assistenza,riparazione
Categorie match : Guide e manuali (101)
Import OK for keyword_id=433903. Inserted 10 ads.
OK: 'bizona alfa 147' (42/500) => keyword_id=433903; KW not found #12569 supprimé.
KwId: 433904 | Country: IT | computer portatili notebook usati in vendita
Skip: <= 5 products in JSON.
OK: 'computer portatili notebook usati in vendita' (43/500) => keyword_id=433904; KW not found #12570 supprimé.
KwId: 433905 | Country: IT | stecche ares carlo cifala
Skip: <= 5 products in JSON.
OK: 'stecche ares carlo cifala' (44/500) => keyword_id=433905; KW not found #12571 supprimé.
KwId: 433906 | Country: IT | revue technique
Categorie from ebay: Depuis 1990
Categorie match :  ()
Import OK for keyword_id=433906. Inserted 48 ads.
OK: 'revue technique' (45/500) => keyword_id=433906; KW not found #12572 supprimé.
KwId: 433907 | Country: IT | batteria ace plus
Categorie from ebay: Batterie
Categorie match : Batterie e alimentatori (240)
Import OK for keyword_id=433907. Inserted 48 ads.
OK: 'batteria ace plus' (46/500) => keyword_id=433907; KW not found #12573 supprimé.
KwId: 260220 | Country: IT | vetrine pizza
Categorie from ebay: Attrezzature per cucine
Categorie match : Accessori per uccelli e animali selvatici (7)
Import OK for keyword_id=260220. Inserted 48 ads.
OK: 'vetrine pizza' (47/500) => keyword_id=260220; KW not found #12574 supprimé.
KwId: 433908 | Country: IT | slam winter sailing
Categorie from ebay: Coats, Jackets & Vests
Categorie match :  ()
Import OK for keyword_id=433908. Inserted 20 ads.
OK: 'slam winter sailing' (48/500) => keyword_id=433908; KW not found #12575 supprimé.
KwId: 433909 | Country: IT | sangue pesca
Categorie from ebay: Altro attrezzatura pescatori
Categorie match : Altro arte e antiquariato (12)
Import OK for keyword_id=433909. Inserted 48 ads.
OK: 'sangue pesca' (49/500) => keyword_id=433909; KW not found #12576 supprimé.
KwId: 433910 | Country: IT | sricambi e accessori motomoto garmin auto bici
Skip: <= 5 products in JSON.
OK: 'sricambi e accessori motomoto garmin auto bici' (50/500) => keyword_id=433910; KW not found #12577 supprimé.
