Country passed : uk
Crawling of 500 starting
*** Start crawling : 2025-12-04 16:01:33 | MAX KW : 500 | Country : GB
KwId: 167553 | Country: GB | star wars spaceships toys
Import OK for keyword_id=167553. Inserted 48 ads.
KwId: 39403 | Country: GB | model west midlands
Import OK for keyword_id=39403. Inserted 48 ads.
KwId: 94017 | Country: GB | readers digest select editions
Import OK for keyword_id=94017. Inserted 48 ads.
KwId: 84882 | Country: GB | gardner lw
Import OK for keyword_id=84882. Inserted 48 ads.
KwId: 47382 | Country: GB | lord rings coin
Import OK for keyword_id=47382. Inserted 48 ads.
KwId: 259575 | Country: GB | paslode im65 f16 parts
Import OK for keyword_id=259575. Inserted 48 ads.
KwId: 63232 | Country: GB | railway sleepers
Import OK for keyword_id=63232. Inserted 48 ads.
KwId: 147292 | Country: GB | mountfield height adjuster
Import OK for keyword_id=147292. Inserted 48 ads.
KwId: 222630 | Country: GB | equipment mobility
Import OK for keyword_id=222630. Inserted 48 ads.
KwId: 173565 | Country: GB | vintage portable record player
Import OK for keyword_id=173565. Inserted 48 ads.
KwId: 239270 | Country: GB | bon marche dresses david emanuel
Import OK for keyword_id=239270. Inserted 19 ads.
KwId: 65799 | Country: GB | elvis presley singles
Import OK for keyword_id=65799. Inserted 43 ads.
KwId: 231726 | Country: GB | next summer sun perfume
Import OK for keyword_id=231726. Inserted 39 ads.
KwId: 59045 | Country: GB | mole smoke
Import OK for keyword_id=59045. Inserted 12 ads.
KwId: 246445 | Country: GB | bb8 remote control
Import OK for keyword_id=246445. Inserted 48 ads.
KwId: 3365 | Country: GB | air intake pipe
Import OK for keyword_id=3365. Inserted 48 ads.
KwId: 149853 | Country: GB | pro v1 practice
Import OK for keyword_id=149853. Inserted 44 ads.
KwId: 26312 | Country: GB | ping g25 irons
Import OK for keyword_id=26312. Inserted 48 ads.
KwId: 167442 | Country: GB | seat ibiza spare wheel kit
Import OK for keyword_id=167442. Inserted 48 ads.
KwId: 25021 | Country: GB | husqvarna chainsaw trousers
Import OK for keyword_id=25021. Inserted 18 ads.
KwId: 173996 | Country: GB | john lewis clock
Import OK for keyword_id=173996. Inserted 48 ads.
KwId: 168231 | Country: GB | aiwa cs 880
Import OK for keyword_id=168231. Inserted 15 ads.
KwId: 244898 | Country: GB | parker calligraphy set
Import OK for keyword_id=244898. Inserted 48 ads.
KwId: 101922 | Country: GB | dorma samira bedding
Import OK for keyword_id=101922. Inserted 47 ads.
KwId: 182291 | Country: GB | brushless rc
Import OK for keyword_id=182291. Inserted 48 ads.
KwId: 194293 | Country: GB | lego tardis
Import OK for keyword_id=194293. Inserted 48 ads.
KwId: 95760 | Country: GB | hemi
Import OK for keyword_id=95760. Inserted 48 ads.
KwId: 245204 | Country: GB | drawing pins asda
Skip: <= 5 products in JSON.
Import OK for keyword_id=245204. Inserted 0 ads.
KwId: 6493 | Country: GB | yamaha superjet
Import OK for keyword_id=6493. Inserted 48 ads.
KwId: 93478 | Country: GB | patchwork quilting magazine
Import OK for keyword_id=93478. Inserted 48 ads.
KwId: 121748 | Country: GB | 70s jumpsuit
Import OK for keyword_id=121748. Inserted 48 ads.
KwId: 261378 | Country: GB | cinderella on ice london
Import OK for keyword_id=261378. Inserted 8 ads.
KwId: 192092 | Country: GB | ipod nano 2nd gen
Import OK for keyword_id=192092. Inserted 48 ads.
KwId: 166774 | Country: GB | cicely mary barker flower fairies prints
Import OK for keyword_id=166774. Inserted 48 ads.
KwId: 188680 | Country: GB | fz200
Import OK for keyword_id=188680. Inserted 48 ads.
KwId: 202597 | Country: GB | s70r
Import OK for keyword_id=202597. Inserted 48 ads.
KwId: 59209 | Country: GB | reel to reel tape recorder
Import OK for keyword_id=59209. Inserted 48 ads.
KwId: 172399 | Country: GB | triumph herald convertible
Import OK for keyword_id=172399. Inserted 24 ads.
KwId: 167845 | Country: GB | dt92e
Import OK for keyword_id=167845. Inserted 48 ads.
KwId: 217529 | Country: GB | black ikea clothes rail
Import OK for keyword_id=217529. Inserted 48 ads.
KwId: 21252 | Country: GB | wheel nut covers
Import OK for keyword_id=21252. Inserted 48 ads.
KwId: 163634 | Country: GB | 48cm womens road bike
Import OK for keyword_id=163634. Inserted 48 ads.
KwId: 222045 | Country: GB | tom s
Error: extract_top_ngrams(): Return value must be of type string, array returned
