Country passed : forsale
Crawling of 500 starting
*** Start crawling : 2025-12-04 16:01:01 | MAX KW : 500 | Country : US
KwId: 28687 | Country: US | pilot wings
Import OK for keyword_id=28687. Inserted 48 ads.
KwId: 29418 | Country: US | porsgrund
Import OK for keyword_id=29418. Inserted 48 ads.
KwId: 267799 | Country: US | sled wards hawthorne
Import OK for keyword_id=267799. Inserted 9 ads.
KwId: 80899 | Country: US | babylock ellageo
Import OK for keyword_id=80899. Inserted 48 ads.
KwId: 10187 | Country: US | blade 300x
Import OK for keyword_id=10187. Inserted 48 ads.
KwId: 137055 | Country: US | chandelier tuscan
Import OK for keyword_id=137055. Inserted 48 ads.
KwId: 152124 | Country: US | bolo neck tie
Import OK for keyword_id=152124. Inserted 48 ads.
KwId: 43376 | Country: US | petsafe surge protector
Import OK for keyword_id=43376. Inserted 48 ads.
KwId: 110965 | Country: US | eyepiece meade 26
Import OK for keyword_id=110965. Inserted 48 ads.
KwId: 200904 | Country: US | ryobi drills
Import OK for keyword_id=200904. Inserted 48 ads.
KwId: 162153 | Country: US | 2013 ford focus silver
Import OK for keyword_id=162153. Inserted 48 ads.
KwId: 46335 | Country: US | stohlquist
Import OK for keyword_id=46335. Inserted 48 ads.
KwId: 32016 | Country: US | seabees
Import OK for keyword_id=32016. Inserted 48 ads.
KwId: 6410 | Country: US | 1939 desoto
Import OK for keyword_id=6410. Inserted 48 ads.
KwId: 60544 | Country: US | james tyler guitar
Error: extract_top_ngrams(): Return value must be of type string, array returned
